pom.xml:64.24: Namespace prefix Xlint on deprecation is not defined
	    <Xlint:deprecation/>
	                      ^
pom.xml:65.22: Namespace prefix Xlint on unchecked is not defined
	    <Xlint:unchecked/>
	                    ^
pom.xml:66.31: Namespace prefix Xlint on deprecation is not defined
            <Xlint:deprecation/>
                              ^
pom.xml:67.29: Namespace prefix Xlint on unchecked is not defined
            <Xlint:unchecked/>
                            ^
pom.xml:66.31: Namespace prefix Xlint on deprecation is not defined
            <Xlint:deprecation/>
                              ^
pom.xml:67.29: Namespace prefix Xlint on unchecked is not defined
            <Xlint:unchecked/>
                            ^
pom.xml:66.31: Namespace prefix Xlint on deprecation is not defined
            <Xlint:deprecation/>
                              ^
pom.xml:67.29: Namespace prefix Xlint on unchecked is not defined
            <Xlint:unchecked/>
                            ^
[INFO] Scanning for projects...
[INFO] ------------------------------------------------------------------------
[INFO] Reactor Build Order:
[INFO] 
[INFO] bookkeeper                                                         [pom]
[INFO] compability dependencies                                           [pom]
[INFO] bookkeeper-server-compat400                                        [jar]
[INFO] bookkeeper-server-compat410                                        [jar]
[INFO] bookkeeper-server-compat420                                        [jar]
[INFO] Stats API for bookkeeper                                           [jar]
[INFO] bookkeeper-server                                                  [jar]
[INFO] 
[INFO] ------------------< org.apache.bookkeeper:bookkeeper >------------------
[INFO] Building bookkeeper 4.3.0-SNAPSHOT                                 [1/7]
[INFO] --------------------------------[ pom ]---------------------------------
[INFO] 
[INFO] --- maven-clean-plugin:2.4.1:clean (default-clean) @ bookkeeper ---
[INFO] Deleting /app/source/target
[INFO] 
[INFO] --- maven-remote-resources-plugin:1.1:process (default) @ bookkeeper ---
[INFO] Setting property: classpath.resource.loader.class => 'org.codehaus.plexus.velocity.ContextClassLoaderResourceLoader'.
[INFO] Setting property: velocimacro.messages.on => 'false'.
[INFO] Setting property: resource.loader => 'classpath'.
[INFO] Setting property: resource.manager.logwhenfound => 'false'.
[INFO] 
[INFO] --- maven-install-plugin:2.3.1:install (default-install) @ bookkeeper ---
[INFO] Installing /app/source/pom.xml to /root/.m2/repository/org/apache/bookkeeper/bookkeeper/4.3.0-SNAPSHOT/bookkeeper-4.3.0-SNAPSHOT.pom
[INFO] 
[INFO] -----------------< org.apache.bookkeeper:compat-deps >------------------
[INFO] Building compability dependencies 4.3.0-SNAPSHOT                   [2/7]
[INFO] --------------------------------[ pom ]---------------------------------
[INFO] 
[INFO] --- maven-clean-plugin:2.4.1:clean (default-clean) @ compat-deps ---
[INFO] Deleting /app/source/compat-deps/target
[INFO] 
[INFO] --- maven-remote-resources-plugin:1.1:process (default) @ compat-deps ---
[INFO] 
[INFO] --- maven-install-plugin:2.3.1:install (default-install) @ compat-deps ---
[INFO] Installing /app/source/compat-deps/pom.xml to /root/.m2/repository/org/apache/bookkeeper/compat-deps/4.3.0-SNAPSHOT/compat-deps-4.3.0-SNAPSHOT.pom
[INFO] 
[INFO] ---------< org.apache.bookkeeper:bookkeeper-server-compat400 >----------
[INFO] Building bookkeeper-server-compat400 4.0.0                         [3/7]
[INFO] --------------------------------[ jar ]---------------------------------
[INFO] 
[INFO] --- maven-clean-plugin:2.4.1:clean (default-clean) @ bookkeeper-server-compat400 ---
[INFO] Deleting /app/source/compat-deps/bookkeeper-server-compat-4.0.0/target
[INFO] 
[INFO] --- maven-remote-resources-plugin:1.1:process (default) @ bookkeeper-server-compat400 ---
[INFO] 
[INFO] --- maven-resources-plugin:2.4.3:resources (default-resources) @ bookkeeper-server-compat400 ---
[INFO] Using 'UTF-8' encoding to copy filtered resources.
[INFO] skip non existing resourceDirectory /app/source/compat-deps/bookkeeper-server-compat-4.0.0/src/main/resources
[INFO] Copying 3 resources
[INFO] 
[INFO] --- maven-compiler-plugin:3.0:compile (default-compile) @ bookkeeper-server-compat400 ---
[INFO] No sources to compile
[INFO] 
[INFO] --- maven-resources-plugin:2.4.3:testResources (default-testResources) @ bookkeeper-server-compat400 ---
[INFO] Using 'UTF-8' encoding to copy filtered resources.
[INFO] skip non existing resourceDirectory /app/source/compat-deps/bookkeeper-server-compat-4.0.0/src/test/resources
[INFO] Copying 3 resources
[INFO] 
[INFO] --- maven-compiler-plugin:3.0:testCompile (default-testCompile) @ bookkeeper-server-compat400 ---
[INFO] Not compiling test sources
[INFO] 
[INFO] --- maven-surefire-plugin:2.9:test (default-test) @ bookkeeper-server-compat400 ---
[INFO] Tests are skipped.
[INFO] 
[INFO] --- maven-jar-plugin:2.3.1:jar (default-jar) @ bookkeeper-server-compat400 ---
[INFO] Building jar: /app/source/compat-deps/bookkeeper-server-compat-4.0.0/target/bookkeeper-server-compat400-4.0.0.jar
[INFO] 
[INFO] --- maven-shade-plugin:1.5:shade (default) @ bookkeeper-server-compat400 ---
[INFO] Including org.apache.bookkeeper:bookkeeper-server:jar:4.0.0 in the shaded jar.
[INFO] Excluding org.slf4j:slf4j-api:jar:1.6.4 from the shaded jar.
[INFO] Excluding org.slf4j:slf4j-log4j12:jar:1.6.4 from the shaded jar.
[INFO] Including org.apache.zookeeper:zookeeper:jar:3.4.0 in the shaded jar.
[INFO] Excluding jline:jline:jar:0.9.94 from the shaded jar.
[INFO] Excluding junit:junit:jar:3.8.1 from the shaded jar.
[INFO] Including org.jboss.netty:netty:jar:3.2.4.Final in the shaded jar.
[INFO] Including commons-configuration:commons-configuration:jar:1.6 in the shaded jar.
[INFO] Including commons-collections:commons-collections:jar:3.2.1 in the shaded jar.
[INFO] Including commons-lang:commons-lang:jar:2.4 in the shaded jar.
[INFO] Including commons-logging:commons-logging:jar:1.1.1 in the shaded jar.
[INFO] Including commons-digester:commons-digester:jar:1.8 in the shaded jar.
[INFO] Excluding commons-beanutils:commons-beanutils:jar:1.7.0 from the shaded jar.
[INFO] Excluding commons-beanutils:commons-beanutils-core:jar:1.8.0 from the shaded jar.
[INFO] Including commons-cli:commons-cli:jar:1.2 in the shaded jar.
[INFO] Excluding log4j:log4j:jar:1.2.15 from the shaded jar.
[INFO] Replacing original artifact with shaded artifact.
[INFO] Replacing /app/source/compat-deps/bookkeeper-server-compat-4.0.0/target/bookkeeper-server-compat400-4.0.0.jar with /app/source/compat-deps/bookkeeper-server-compat-4.0.0/target/bookkeeper-server-compat400-4.0.0-shaded.jar
[INFO] 
[INFO] --- maven-install-plugin:2.3.1:install (default-install) @ bookkeeper-server-compat400 ---
[INFO] Installing /app/source/compat-deps/bookkeeper-server-compat-4.0.0/target/bookkeeper-server-compat400-4.0.0.jar to /root/.m2/repository/org/apache/bookkeeper/bookkeeper-server-compat400/4.0.0/bookkeeper-server-compat400-4.0.0.jar
[INFO] Installing /app/source/compat-deps/bookkeeper-server-compat-4.0.0/pom.xml to /root/.m2/repository/org/apache/bookkeeper/bookkeeper-server-compat400/4.0.0/bookkeeper-server-compat400-4.0.0.pom
[INFO] 
[INFO] ---------< org.apache.bookkeeper:bookkeeper-server-compat410 >----------
[INFO] Building bookkeeper-server-compat410 4.1.0                         [4/7]
[INFO] --------------------------------[ jar ]---------------------------------
[INFO] 
[INFO] --- maven-clean-plugin:2.4.1:clean (default-clean) @ bookkeeper-server-compat410 ---
[INFO] Deleting /app/source/compat-deps/bookkeeper-server-compat-4.1.0/target
[INFO] 
[INFO] --- maven-remote-resources-plugin:1.1:process (default) @ bookkeeper-server-compat410 ---
[INFO] 
[INFO] --- maven-resources-plugin:2.4.3:resources (default-resources) @ bookkeeper-server-compat410 ---
[INFO] Using 'UTF-8' encoding to copy filtered resources.
[INFO] skip non existing resourceDirectory /app/source/compat-deps/bookkeeper-server-compat-4.1.0/src/main/resources
[INFO] Copying 3 resources
[INFO] 
[INFO] --- maven-compiler-plugin:3.0:compile (default-compile) @ bookkeeper-server-compat410 ---
[INFO] No sources to compile
[INFO] 
[INFO] --- maven-resources-plugin:2.4.3:testResources (default-testResources) @ bookkeeper-server-compat410 ---
[INFO] Using 'UTF-8' encoding to copy filtered resources.
[INFO] skip non existing resourceDirectory /app/source/compat-deps/bookkeeper-server-compat-4.1.0/src/test/resources
[INFO] Copying 3 resources
[INFO] 
[INFO] --- maven-compiler-plugin:3.0:testCompile (default-testCompile) @ bookkeeper-server-compat410 ---
[INFO] Not compiling test sources
[INFO] 
[INFO] --- maven-surefire-plugin:2.9:test (default-test) @ bookkeeper-server-compat410 ---
[INFO] Tests are skipped.
[INFO] 
[INFO] --- maven-jar-plugin:2.3.1:jar (default-jar) @ bookkeeper-server-compat410 ---
[INFO] Building jar: /app/source/compat-deps/bookkeeper-server-compat-4.1.0/target/bookkeeper-server-compat410-4.1.0.jar
[INFO] 
[INFO] --- maven-shade-plugin:1.5:shade (default) @ bookkeeper-server-compat410 ---
[INFO] Including org.apache.bookkeeper:bookkeeper-server:jar:4.1.0 in the shaded jar.
[INFO] Excluding org.slf4j:slf4j-api:jar:1.6.4 from the shaded jar.
[INFO] Excluding org.slf4j:slf4j-log4j12:jar:1.6.4 from the shaded jar.
[INFO] Including org.apache.zookeeper:zookeeper:jar:3.4.3 in the shaded jar.
[INFO] Excluding jline:jline:jar:0.9.94 from the shaded jar.
[INFO] Excluding junit:junit:jar:3.8.1 from the shaded jar.
[INFO] Including org.jboss.netty:netty:jar:3.2.4.Final in the shaded jar.
[INFO] Including commons-configuration:commons-configuration:jar:1.6 in the shaded jar.
[INFO] Including commons-collections:commons-collections:jar:3.2.1 in the shaded jar.
[INFO] Including commons-lang:commons-lang:jar:2.4 in the shaded jar.
[INFO] Including commons-logging:commons-logging:jar:1.1.1 in the shaded jar.
[INFO] Including commons-digester:commons-digester:jar:1.8 in the shaded jar.
[INFO] Excluding commons-beanutils:commons-beanutils:jar:1.7.0 from the shaded jar.
[INFO] Excluding commons-beanutils:commons-beanutils-core:jar:1.8.0 from the shaded jar.
[INFO] Including commons-cli:commons-cli:jar:1.2 in the shaded jar.
[INFO] Including commons-io:commons-io:jar:2.1 in the shaded jar.
[INFO] Excluding log4j:log4j:jar:1.2.15 from the shaded jar.
[INFO] Replacing original artifact with shaded artifact.
[INFO] Replacing /app/source/compat-deps/bookkeeper-server-compat-4.1.0/target/bookkeeper-server-compat410-4.1.0.jar with /app/source/compat-deps/bookkeeper-server-compat-4.1.0/target/bookkeeper-server-compat410-4.1.0-shaded.jar
[INFO] 
[INFO] --- maven-install-plugin:2.3.1:install (default-install) @ bookkeeper-server-compat410 ---
[INFO] Installing /app/source/compat-deps/bookkeeper-server-compat-4.1.0/target/bookkeeper-server-compat410-4.1.0.jar to /root/.m2/repository/org/apache/bookkeeper/bookkeeper-server-compat410/4.1.0/bookkeeper-server-compat410-4.1.0.jar
[INFO] Installing /app/source/compat-deps/bookkeeper-server-compat-4.1.0/pom.xml to /root/.m2/repository/org/apache/bookkeeper/bookkeeper-server-compat410/4.1.0/bookkeeper-server-compat410-4.1.0.pom
[INFO] 
[INFO] ---------< org.apache.bookkeeper:bookkeeper-server-compat420 >----------
[INFO] Building bookkeeper-server-compat420 4.2.0                         [5/7]
[INFO] --------------------------------[ jar ]---------------------------------
[INFO] 
[INFO] --- maven-clean-plugin:2.4.1:clean (default-clean) @ bookkeeper-server-compat420 ---
[INFO] Deleting /app/source/compat-deps/bookkeeper-server-compat-4.2.0/target
[INFO] 
[INFO] --- maven-remote-resources-plugin:1.1:process (default) @ bookkeeper-server-compat420 ---
[INFO] 
[INFO] --- maven-resources-plugin:2.4.3:resources (default-resources) @ bookkeeper-server-compat420 ---
[INFO] Using 'UTF-8' encoding to copy filtered resources.
[INFO] skip non existing resourceDirectory /app/source/compat-deps/bookkeeper-server-compat-4.2.0/src/main/resources
[INFO] Copying 3 resources
[INFO] 
[INFO] --- maven-compiler-plugin:3.0:compile (default-compile) @ bookkeeper-server-compat420 ---
[INFO] No sources to compile
[INFO] 
[INFO] --- maven-resources-plugin:2.4.3:testResources (default-testResources) @ bookkeeper-server-compat420 ---
[INFO] Using 'UTF-8' encoding to copy filtered resources.
[INFO] skip non existing resourceDirectory /app/source/compat-deps/bookkeeper-server-compat-4.2.0/src/test/resources
[INFO] Copying 3 resources
[INFO] 
[INFO] --- maven-compiler-plugin:3.0:testCompile (default-testCompile) @ bookkeeper-server-compat420 ---
[INFO] Not compiling test sources
[INFO] 
[INFO] --- maven-surefire-plugin:2.9:test (default-test) @ bookkeeper-server-compat420 ---
[INFO] Tests are skipped.
[INFO] 
[INFO] --- maven-jar-plugin:2.3.1:jar (default-jar) @ bookkeeper-server-compat420 ---
[INFO] Building jar: /app/source/compat-deps/bookkeeper-server-compat-4.2.0/target/bookkeeper-server-compat420-4.2.0.jar
[INFO] 
[INFO] --- maven-shade-plugin:1.5:shade (default) @ bookkeeper-server-compat420 ---
[INFO] Including org.apache.bookkeeper:bookkeeper-server:jar:4.2.0 in the shaded jar.
[INFO] Excluding com.google.protobuf:protobuf-java:jar:2.4.1 from the shaded jar.
[INFO] Excluding com.google.guava:guava:jar:13.0.1 from the shaded jar.
[INFO] Excluding org.slf4j:slf4j-api:jar:1.6.4 from the shaded jar.
[INFO] Excluding org.slf4j:slf4j-log4j12:jar:1.6.4 from the shaded jar.
[INFO] Including org.apache.zookeeper:zookeeper:jar:3.4.3 in the shaded jar.
[INFO] Excluding jline:jline:jar:0.9.94 from the shaded jar.
[INFO] Excluding junit:junit:jar:3.8.1 from the shaded jar.
[INFO] Including org.jboss.netty:netty:jar:3.2.4.Final in the shaded jar.
[INFO] Including commons-configuration:commons-configuration:jar:1.6 in the shaded jar.
[INFO] Including commons-collections:commons-collections:jar:3.2.1 in the shaded jar.
[INFO] Including commons-lang:commons-lang:jar:2.4 in the shaded jar.
[INFO] Including commons-logging:commons-logging:jar:1.1.1 in the shaded jar.
[INFO] Including commons-digester:commons-digester:jar:1.8 in the shaded jar.
[INFO] Excluding commons-beanutils:commons-beanutils:jar:1.7.0 from the shaded jar.
[INFO] Excluding commons-beanutils:commons-beanutils-core:jar:1.8.0 from the shaded jar.
[INFO] Including commons-cli:commons-cli:jar:1.2 in the shaded jar.
[INFO] Including commons-codec:commons-codec:jar:1.6 in the shaded jar.
[INFO] Including commons-io:commons-io:jar:2.1 in the shaded jar.
[INFO] Excluding log4j:log4j:jar:1.2.15 from the shaded jar.
[INFO] Replacing original artifact with shaded artifact.
[INFO] Replacing /app/source/compat-deps/bookkeeper-server-compat-4.2.0/target/bookkeeper-server-compat420-4.2.0.jar with /app/source/compat-deps/bookkeeper-server-compat-4.2.0/target/bookkeeper-server-compat420-4.2.0-shaded.jar
[INFO] 
[INFO] --- maven-install-plugin:2.3.1:install (default-install) @ bookkeeper-server-compat420 ---
[INFO] Installing /app/source/compat-deps/bookkeeper-server-compat-4.2.0/target/bookkeeper-server-compat420-4.2.0.jar to /root/.m2/repository/org/apache/bookkeeper/bookkeeper-server-compat420/4.2.0/bookkeeper-server-compat420-4.2.0.jar
[INFO] Installing /app/source/compat-deps/bookkeeper-server-compat-4.2.0/pom.xml to /root/.m2/repository/org/apache/bookkeeper/bookkeeper-server-compat420/4.2.0/bookkeeper-server-compat420-4.2.0.pom
[INFO] 
[INFO] ----------< org.apache.bookkeeper.stats:bookkeeper-stats-api >----------
[INFO] Building Stats API for bookkeeper 4.3.0-SNAPSHOT                   [6/7]
[INFO] --------------------------------[ jar ]---------------------------------
[INFO] 
[INFO] --- maven-clean-plugin:2.4.1:clean (default-clean) @ bookkeeper-stats-api ---
[INFO] Deleting /app/source/bookkeeper-stats/target
[INFO] 
[INFO] --- maven-remote-resources-plugin:1.1:process (default) @ bookkeeper-stats-api ---
[INFO] 
[INFO] --- maven-resources-plugin:2.4.3:resources (default-resources) @ bookkeeper-stats-api ---
[INFO] Using 'UTF-8' encoding to copy filtered resources.
[INFO] skip non existing resourceDirectory /app/source/bookkeeper-stats/src/main/resources
[INFO] Copying 3 resources
[INFO] 
[INFO] --- maven-compiler-plugin:3.0:compile (default-compile) @ bookkeeper-stats-api ---
[INFO] Changes detected - recompiling the module!
[INFO] Compiling 9 source files to /app/source/bookkeeper-stats/target/classes
[INFO] 
[INFO] --- maven-resources-plugin:2.4.3:testResources (default-testResources) @ bookkeeper-stats-api ---
[INFO] Using 'UTF-8' encoding to copy filtered resources.
[INFO] skip non existing resourceDirectory /app/source/bookkeeper-stats/src/test/resources
[INFO] Copying 3 resources
[INFO] 
[INFO] --- maven-compiler-plugin:3.0:testCompile (default-testCompile) @ bookkeeper-stats-api ---
[INFO] Not compiling test sources
[INFO] 
[INFO] --- maven-surefire-plugin:2.9:test (default-test) @ bookkeeper-stats-api ---
[INFO] Tests are skipped.
[INFO] 
[INFO] --- maven-jar-plugin:2.3.1:jar (default-jar) @ bookkeeper-stats-api ---
[INFO] Building jar: /app/source/bookkeeper-stats/target/bookkeeper-stats-api-4.3.0-SNAPSHOT.jar
[INFO] 
[INFO] --- maven-install-plugin:2.3.1:install (default-install) @ bookkeeper-stats-api ---
[INFO] Installing /app/source/bookkeeper-stats/target/bookkeeper-stats-api-4.3.0-SNAPSHOT.jar to /root/.m2/repository/org/apache/bookkeeper/stats/bookkeeper-stats-api/4.3.0-SNAPSHOT/bookkeeper-stats-api-4.3.0-SNAPSHOT.jar
[INFO] Installing /app/source/bookkeeper-stats/pom.xml to /root/.m2/repository/org/apache/bookkeeper/stats/bookkeeper-stats-api/4.3.0-SNAPSHOT/bookkeeper-stats-api-4.3.0-SNAPSHOT.pom
[INFO] 
[INFO] --------------< org.apache.bookkeeper:bookkeeper-server >---------------
[INFO] Building bookkeeper-server 4.3.0-SNAPSHOT                          [7/7]
[INFO] --------------------------------[ jar ]---------------------------------
[INFO] 
[INFO] --- maven-clean-plugin:2.5:clean (default-clean) @ bookkeeper-server ---
[INFO] Deleting /app/source/bookkeeper-server/target
[INFO] Deleting /app/source/bookkeeper-server/lib (includes = [], excludes = [])
[INFO] Deleting /app/source/bookkeeper-server (includes = [dependency-reduced-pom.xml], excludes = [])
[INFO] 
[INFO] --- maven-remote-resources-plugin:1.1:process (default) @ bookkeeper-server ---
[INFO] 
[INFO] --- maven-resources-plugin:2.4.3:resources (default-resources) @ bookkeeper-server ---
[INFO] Using 'UTF-8' encoding to copy filtered resources.
[INFO] Copying 3 resources
[INFO] Copying 3 resources
[INFO] 
[INFO] --- maven-compiler-plugin:3.0:compile (default-compile) @ bookkeeper-server ---
[INFO] Changes detected - recompiling the module!
[INFO] Compiling 192 source files to /app/source/bookkeeper-server/target/classes
[INFO] 
[INFO] --- maven-resources-plugin:2.4.3:testResources (default-testResources) @ bookkeeper-server ---
[INFO] Using 'UTF-8' encoding to copy filtered resources.
[INFO] Copying 1 resource
[INFO] Copying 3 resources
[INFO] 
[INFO] --- maven-compiler-plugin:3.0:testCompile (default-testCompile) @ bookkeeper-server ---
[INFO] Not compiling test sources
[INFO] 
[INFO] --- maven-surefire-plugin:2.9:test (default-test) @ bookkeeper-server ---
[INFO] Tests are skipped.
[INFO] 
[INFO] --- maven-jar-plugin:2.2:jar (default-jar) @ bookkeeper-server ---
[INFO] Building jar: /app/source/bookkeeper-server/target/bookkeeper-server-4.3.0-SNAPSHOT.jar
[INFO] 
[INFO] --- maven-shade-plugin:2.1:shade (default) @ bookkeeper-server ---
[INFO] Excluding org.apache.bookkeeper.stats:bookkeeper-stats-api:jar:4.3.0-SNAPSHOT from the shaded jar.
[INFO] Including com.google.protobuf:protobuf-java:jar:2.4.1 in the shaded jar.
[INFO] Including com.google.guava:guava:jar:13.0.1 in the shaded jar.
[INFO] Excluding org.slf4j:slf4j-api:jar:1.6.4 from the shaded jar.
[INFO] Excluding org.slf4j:slf4j-log4j12:jar:1.6.4 from the shaded jar.
[INFO] Excluding org.apache.zookeeper:zookeeper:jar:3.4.6 from the shaded jar.
[INFO] Excluding jline:jline:jar:0.9.94 from the shaded jar.
[INFO] Excluding io.netty:netty:jar:3.9.4.Final from the shaded jar.
[INFO] Excluding commons-configuration:commons-configuration:jar:1.6 from the shaded jar.
[INFO] Excluding commons-collections:commons-collections:jar:3.2.1 from the shaded jar.
[INFO] Excluding commons-lang:commons-lang:jar:2.4 from the shaded jar.
[INFO] Excluding commons-logging:commons-logging:jar:1.1.1 from the shaded jar.
[INFO] Excluding commons-digester:commons-digester:jar:1.8 from the shaded jar.
[INFO] Excluding commons-beanutils:commons-beanutils:jar:1.7.0 from the shaded jar.
[INFO] Excluding commons-beanutils:commons-beanutils-core:jar:1.8.0 from the shaded jar.
[INFO] Excluding commons-cli:commons-cli:jar:1.2 from the shaded jar.
[INFO] Excluding commons-codec:commons-codec:jar:1.6 from the shaded jar.
[INFO] Excluding commons-io:commons-io:jar:2.1 from the shaded jar.
[INFO] Excluding net.java.dev.jna:jna:jar:3.2.7 from the shaded jar.
[INFO] Excluding log4j:log4j:jar:1.2.15 from the shaded jar.
[INFO] Minimizing jar org.apache.bookkeeper:bookkeeper-server:jar:4.3.0-SNAPSHOT
[INFO] Minimized 2323 -> 1585 (68%)
[INFO] Replacing original artifact with shaded artifact.
[INFO] Replacing /app/source/bookkeeper-server/target/bookkeeper-server-4.3.0-SNAPSHOT.jar with /app/source/bookkeeper-server/target/bookkeeper-server-4.3.0-SNAPSHOT-shaded.jar
[INFO] Dependency-reduced POM written at: /app/source/bookkeeper-server/dependency-reduced-pom.xml
[INFO] 
[INFO] --- license-maven-plugin:1.6:update-file-header (update-pom-license) @ bookkeeper-server ---
[INFO] Will search files to update from root /app/source/bookkeeper-server
[INFO]  - adding license header on file /app/source/bookkeeper-server/dependency-reduced-pom.xml
[INFO] Scan 1 file header done in 99.023ms.
[INFO] 
 * add header on 1 file.
[INFO] 
[INFO] --- maven-jar-plugin:2.2:test-jar (default) @ bookkeeper-server ---
[INFO] Skipping packaging of the test-jar
[INFO] 
[INFO] --- maven-dependency-plugin:2.8:copy-dependencies (default) @ bookkeeper-server ---
[INFO] Copying netty-3.9.4.Final.jar to /app/source/bookkeeper-server/lib/netty-3.9.4.Final.jar
[INFO] Copying commons-configuration-1.6.jar to /app/source/bookkeeper-server/lib/commons-configuration-1.6.jar
[INFO] Copying jline-0.9.94.jar to /app/source/bookkeeper-server/lib/jline-0.9.94.jar
[INFO] Copying commons-logging-1.1.1.jar to /app/source/bookkeeper-server/lib/commons-logging-1.1.1.jar
[INFO] Copying commons-digester-1.8.jar to /app/source/bookkeeper-server/lib/commons-digester-1.8.jar
[INFO] Copying protobuf-java-2.4.1.jar to /app/source/bookkeeper-server/lib/protobuf-java-2.4.1.jar
[INFO] Copying commons-beanutils-core-1.8.0.jar to /app/source/bookkeeper-server/lib/commons-beanutils-core-1.8.0.jar
[INFO] Copying commons-beanutils-1.7.0.jar to /app/source/bookkeeper-server/lib/commons-beanutils-1.7.0.jar
[INFO] Copying log4j-1.2.15.jar to /app/source/bookkeeper-server/lib/log4j-1.2.15.jar
[INFO] Copying guava-13.0.1.jar to /app/source/bookkeeper-server/lib/guava-13.0.1.jar
[INFO] Copying commons-collections-3.2.1.jar to /app/source/bookkeeper-server/lib/commons-collections-3.2.1.jar
[INFO] Copying commons-lang-2.4.jar to /app/source/bookkeeper-server/lib/commons-lang-2.4.jar
[INFO] Copying zookeeper-3.4.6.jar to /app/source/bookkeeper-server/lib/zookeeper-3.4.6.jar
[INFO] Copying commons-io-2.1.jar to /app/source/bookkeeper-server/lib/commons-io-2.1.jar
[INFO] Copying slf4j-api-1.6.4.jar to /app/source/bookkeeper-server/lib/slf4j-api-1.6.4.jar
[INFO] Copying bookkeeper-stats-api-4.3.0-SNAPSHOT.jar to /app/source/bookkeeper-server/lib/bookkeeper-stats-api-4.3.0-SNAPSHOT.jar
[INFO] Copying slf4j-log4j12-1.6.4.jar to /app/source/bookkeeper-server/lib/slf4j-log4j12-1.6.4.jar
[INFO] Copying commons-codec-1.6.jar to /app/source/bookkeeper-server/lib/commons-codec-1.6.jar
[INFO] Copying commons-cli-1.2.jar to /app/source/bookkeeper-server/lib/commons-cli-1.2.jar
[INFO] Copying jna-3.2.7.jar to /app/source/bookkeeper-server/lib/jna-3.2.7.jar
[INFO] 
[INFO] --- maven-install-plugin:2.3.1:install (default-install) @ bookkeeper-server ---
[INFO] Installing /app/source/bookkeeper-server/target/bookkeeper-server-4.3.0-SNAPSHOT.jar to /root/.m2/repository/org/apache/bookkeeper/bookkeeper-server/4.3.0-SNAPSHOT/bookkeeper-server-4.3.0-SNAPSHOT.jar
[INFO] Installing /app/source/bookkeeper-server/dependency-reduced-pom.xml to /root/.m2/repository/org/apache/bookkeeper/bookkeeper-server/4.3.0-SNAPSHOT/bookkeeper-server-4.3.0-SNAPSHOT.pom
[INFO] ------------------------------------------------------------------------
[INFO] Reactor Summary:
[INFO] 
[INFO] bookkeeper 4.3.0-SNAPSHOT .......................... SUCCESS [  1.052 s]
[INFO] compability dependencies 4.3.0-SNAPSHOT ............ SUCCESS [  0.058 s]
[INFO] bookkeeper-server-compat400 4.0.0 .................. SUCCESS [  4.708 s]
[INFO] bookkeeper-server-compat410 4.1.0 .................. SUCCESS [  2.301 s]
[INFO] bookkeeper-server-compat420 4.2.0 .................. SUCCESS [  3.199 s]
[INFO] Stats API for bookkeeper 4.3.0-SNAPSHOT ............ SUCCESS [  0.971 s]
[INFO] bookkeeper-server 4.3.0-SNAPSHOT ................... SUCCESS [ 16.176 s]
[INFO] ------------------------------------------------------------------------
[INFO] BUILD SUCCESS
[INFO] ------------------------------------------------------------------------
[INFO] Total time:  28.972 s
[INFO] Finished at: 2026-03-26T09:50:23Z
[INFO] ------------------------------------------------------------------------
[INFO] Scanning for projects...
[INFO] 
[INFO] --------------< org.apache.bookkeeper:bookkeeper-server >---------------
[INFO] Building bookkeeper-server 4.3.0-SNAPSHOT
[INFO] --------------------------------[ jar ]---------------------------------
[INFO] 
[INFO] --- maven-remote-resources-plugin:1.1:process (default) @ bookkeeper-server ---
[INFO] Setting property: classpath.resource.loader.class => 'org.codehaus.plexus.velocity.ContextClassLoaderResourceLoader'.
[INFO] Setting property: velocimacro.messages.on => 'false'.
[INFO] Setting property: resource.loader => 'classpath'.
[INFO] Setting property: resource.manager.logwhenfound => 'false'.
[INFO] 
[INFO] --- maven-resources-plugin:2.4.3:resources (default-resources) @ bookkeeper-server ---
[INFO] Using 'UTF-8' encoding to copy filtered resources.
[INFO] Copying 3 resources
[INFO] Copying 3 resources
[INFO] 
[INFO] --- maven-compiler-plugin:3.0:compile (default-compile) @ bookkeeper-server ---
[INFO] Changes detected - recompiling the module!
[INFO] Compiling 192 source files to /app/source/bookkeeper-server/target/classes
[INFO] 
[INFO] --- maven-resources-plugin:2.4.3:testResources (default-testResources) @ bookkeeper-server ---
[INFO] Using 'UTF-8' encoding to copy filtered resources.
[INFO] Copying 1 resource
[INFO] Copying 3 resources
[INFO] 
[INFO] --- maven-compiler-plugin:3.0:testCompile (default-testCompile) @ bookkeeper-server ---
[INFO] Changes detected - recompiling the module!
[INFO] Compiling 86 source files to /app/source/bookkeeper-server/target/test-classes
[INFO] 
[INFO] --- maven-surefire-plugin:2.9:test (default-test) @ bookkeeper-server ---
[INFO] Surefire report directory: /app/source/bookkeeper-server/target/surefire-reports

-------------------------------------------------------
 T E S T S
-------------------------------------------------------

-------------------------------------------------------
 T E S T S
-------------------------------------------------------
Running org.apache.bookkeeper.client.BookKeeperCloseTest
Tests run: 1, Failures: 0, Errors: 0, Skipped: 0, Time elapsed: 4.38 sec

Results :

Tests run: 1, Failures: 0, Errors: 0, Skipped: 0

[INFO] ------------------------------------------------------------------------
[INFO] BUILD SUCCESS
[INFO] ------------------------------------------------------------------------
[INFO] Total time:  16.476 s
[INFO] Finished at: 2026-03-26T09:50:42Z
[INFO] ------------------------------------------------------------------------
[INFO] Loading execution data file /app/source/testLedgerCheck_1.exec.
[INFO] Analyzing 850 classes.
✅ Coverage data written to coverage_results.csv
  - flaky-result/coverage_results.csv
