=== Lint Generator Start ===
ROOT_DIR=/app/source
MODULE_DIR=/app/source/hadoop-hdfs-project/hadoop-hdfs
module=hadoop-hdfs-project/hadoop-hdfs
full_test_name=org.apache.hadoop.hdfs.server.namenode.ha.TestPendingCorruptDnMessages#testChangedStorageId
iterations=1
OUTPUT_DIR=/app/source/flaky-result/lint
test_class=org.apache.hadoop.hdfs.server.namenode.ha.TestPendingCorruptDnMessages
simple_test_class=TestPendingCorruptDnMessages
package_name=org.apache.hadoop.hdfs.server.namenode.ha
package_path=org/apache/hadoop/hdfs/server/namenode/ha
=== Step 1: locate exact target test file ===
target_file=/app/source/hadoop-hdfs-project/hadoop-hdfs/src/test/java/org/apache/hadoop/hdfs/server/namenode/ha/TestPendingCorruptDnMessages.java
target_basename=TestPendingCorruptDnMessages.java
=== Step 2: create isolated temp project ===
TMP_DIR=/app/source/tmp-checkstyle-791
Copied target file into isolated temp project
=== Step 3: run Checkstyle inside temp project ===
checkstyle_exit=0
=== Step 4: copy results from temp directory to flaky-result/lint ===
Copied XML report to: /app/source/flaky-result/lint/checkstyle-result.xml
=== Step 5: validate output ===
=== Step 6: summarize result ===
Violation count: 34
Status: VIOLATIONS_FOUND
=== Step 7: final output files ===
/app/source/flaky-result/lint/checkstyle-result.xml
/app/source/flaky-result/lint/checkstyle-stderr.log
/app/source/flaky-result/lint/checkstyle-stdout.log
/app/source/flaky-result/lint/lint.log
/app/source/flaky-result/lint/status.txt
/app/source/flaky-result/lint/tmp-checkstyle-pom.xml
=== Done ===
Deleted temp directory: /app/source/tmp-checkstyle-791
