[INFO] Scanning for projects...
[WARNING] 
[WARNING] Some problems were encountered while building the effective model for org.apache.aries.blueprint:org.apache.aries.blueprint.itests:jar:1.0.2-SNAPSHOT
[WARNING] 'dependencies.dependency.(groupId:artifactId:type:classifier)' must be unique: org.apache.aries.blueprint:org.apache.aries.blueprint.spring:jar -> duplicate declaration of version 1.0.0-SNAPSHOT @ line 90, column 21
[WARNING] 
[WARNING] It is highly recommended to fix these problems because they threaten the stability of your build.
[WARNING] 
[WARNING] For this reason, future Maven versions might no longer support building such malformed projects.
[WARNING] 
[INFO] ------------------------------------------------------------------------
[INFO] Reactor Build Order:
[INFO] 
[INFO] Apache Aries Unit Test Support                                  [bundle]
[INFO] Apache Aries Blueprint Parser                                      [jar]
[INFO] Apache Aries Blueprint Core                                     [bundle]
[INFO] Apache Aries Blueprint CM                                       [bundle]
[INFO] Apache Aries Blueprint JEXL evaluator                           [bundle]
[INFO] Apache Aries Blueprint Sample                                   [bundle]
[INFO] Apache Aries Blueprint Annotation API                           [bundle]
[INFO] Apache Aries Blueprint Annotation based authorization           [bundle]
[INFO] Apache Aries Blueprint Spring Support                           [bundle]
[INFO] Apache Aries Blueprint Spring Extender Support                  [bundle]
[INFO] Apache Aries Blueprint Sample for Testing Annotation            [bundle]
[INFO] Apache Aries Blueprint Test Bundle A                            [bundle]
[INFO] Apache Aries Blueprint Test Bundle B                            [bundle]
[INFO] Apache Aries Blueprint Test Bundle E                            [bundle]
[INFO] Apache Aries Blueprint Test Bundle S                            [bundle]
[INFO] Apache Aries Blueprint Test Quiesce Bundle                      [bundle]
[INFO] Apache Aries Blueprint iTests                                      [jar]
[INFO] 
[INFO] ---< org.apache.aries.testsupport:org.apache.aries.testsupport.unit >---
[INFO] Building Apache Aries Unit Test Support 2.0.0-SNAPSHOT            [1/17]
[INFO] -------------------------------[ bundle ]-------------------------------
[INFO] 
[INFO] --- maven-clean-plugin:2.5:clean (default-clean) @ org.apache.aries.testsupport.unit ---
[INFO] Deleting /app/source/testsupport/testsupport-unit/target
[INFO] 
[INFO] --- maven-enforcer-plugin:1.3.1:enforce (default) @ org.apache.aries.testsupport.unit ---
[INFO] Skipping Rule Enforcement.
[INFO] 
[INFO] --- maven-remote-resources-plugin:1.5:process (default) @ org.apache.aries.testsupport.unit ---
[INFO] 
[INFO] --- maven-resources-plugin:2.6:resources (default-resources) @ org.apache.aries.testsupport.unit ---
[INFO] Using 'UTF-8' encoding to copy filtered resources.
[INFO] skip non existing resourceDirectory /app/source/testsupport/testsupport-unit/src/main/resources
[INFO] skip non existing resourceDirectory /app/source/testsupport/testsupport-unit/src/main/filtered-resources
[INFO] Copying 6 resources
[INFO] Copying 3 resources
[INFO] 
[INFO] --- maven-compiler-plugin:3.1:compile (default-compile) @ org.apache.aries.testsupport.unit ---
[INFO] Changes detected - recompiling the module!
[INFO] Compiling 17 source files to /app/source/testsupport/testsupport-unit/target/classes
[WARNING] bootstrap class path not set in conjunction with -source 1.6
[WARNING] /app/source/testsupport/testsupport-unit/src/main/java/org/apache/aries/mocks/BundleContextMock.java:[632,59] toURL() in java.io.File has been deprecated
[WARNING] /app/source/testsupport/testsupport-unit/src/main/java/org/apache/aries/mocks/BundleMock.java:[187,34] toURL() in java.io.File has been deprecated
[WARNING] /app/source/testsupport/testsupport-unit/src/main/java/org/apache/aries/mocks/BundleMock.java:[239,18] toURL() in java.io.File has been deprecated
[WARNING] /app/source/testsupport/testsupport-unit/src/main/java/org/apache/aries/mocks/BundleMock.java:[263,61] toURL() in java.io.File has been deprecated
[WARNING] /app/source/testsupport/testsupport-unit/src/main/java/org/apache/aries/mocks/BundleMock.java:[328,66] toURL() in java.io.File has been deprecated
[WARNING] /app/source/testsupport/testsupport-unit/src/main/java/org/apache/aries/itest/RichBundleContext.java: Some input files use unchecked or unsafe operations.
[WARNING] /app/source/testsupport/testsupport-unit/src/main/java/org/apache/aries/itest/RichBundleContext.java: Recompile with -Xlint:unchecked for details.
[INFO] 
[INFO] --- maven-resources-plugin:2.6:testResources (default-testResources) @ org.apache.aries.testsupport.unit ---
[INFO] Not copying test resources
[INFO] 
[INFO] --- maven-compiler-plugin:3.1:testCompile (default-testCompile) @ org.apache.aries.testsupport.unit ---
[INFO] Not compiling test sources
[INFO] 
[INFO] --- maven-surefire-plugin:2.16:test (default-test) @ org.apache.aries.testsupport.unit ---
[INFO] Tests are skipped.
[INFO] 
[INFO] --- maven-bundle-plugin:2.5.0:bundle (default-bundle) @ org.apache.aries.testsupport.unit ---
[WARNING] Bundle org.apache.aries.testsupport:org.apache.aries.testsupport.unit:bundle:2.0.0-SNAPSHOT : Unused Import-Package instructions: [org.ops4j.pax.exam.container.def*] 
[INFO] 
[INFO] --- maven-site-plugin:3.3:attach-descriptor (attach-descriptor) @ org.apache.aries.testsupport.unit ---
[INFO] 
[INFO] --- org.apache.aries.versioning.plugin:0.3.0:version-check (default-verify) @ org.apache.aries.testsupport.unit ---
[INFO] All package or bundle versions are semanticly versioned correctly.
[INFO] 
[INFO] --- ianal-maven-plugin:1.0-alpha-1:verify-legal-files (default) @ org.apache.aries.testsupport.unit ---
[INFO] Checking legal files in: org.apache.aries.testsupport.unit-2.0.0-SNAPSHOT.jar
[INFO] 
[INFO] --- maven-install-plugin:2.5.1:install (default-install) @ org.apache.aries.testsupport.unit ---
[INFO] Installing /app/source/testsupport/testsupport-unit/target/org.apache.aries.testsupport.unit-2.0.0-SNAPSHOT.jar to /root/.m2/repository/org/apache/aries/testsupport/org.apache.aries.testsupport.unit/2.0.0-SNAPSHOT/org.apache.aries.testsupport.unit-2.0.0-SNAPSHOT.jar
[INFO] Installing /app/source/testsupport/testsupport-unit/pom.xml to /root/.m2/repository/org/apache/aries/testsupport/org.apache.aries.testsupport.unit/2.0.0-SNAPSHOT/org.apache.aries.testsupport.unit-2.0.0-SNAPSHOT.pom
[INFO] 
[INFO] --- maven-bundle-plugin:2.5.0:install (default-install) @ org.apache.aries.testsupport.unit ---
[INFO] Installing org/apache/aries/testsupport/org.apache.aries.testsupport.unit/2.0.0-SNAPSHOT/org.apache.aries.testsupport.unit-2.0.0-SNAPSHOT.jar
[INFO] Writing OBR metadata
[INFO] 
[INFO] ------------< org.apache.aries.blueprint:blueprint-parser >-------------
[INFO] Building Apache Aries Blueprint Parser 1.5.0-SNAPSHOT             [2/17]
[INFO] --------------------------------[ jar ]---------------------------------
[INFO] 
[INFO] --- maven-clean-plugin:2.5:clean (default-clean) @ blueprint-parser ---
[INFO] Deleting /app/source/blueprint/blueprint-parser/target
[INFO] 
[INFO] --- maven-enforcer-plugin:1.3.1:enforce (default) @ blueprint-parser ---
[INFO] Skipping Rule Enforcement.
[INFO] 
[INFO] --- maven-remote-resources-plugin:1.5:process (default) @ blueprint-parser ---
[INFO] 
[INFO] --- maven-resources-plugin:2.6:resources (default-resources) @ blueprint-parser ---
[INFO] Using 'UTF-8' encoding to copy filtered resources.
[INFO] skip non existing resourceDirectory /app/source/blueprint/blueprint-parser/src/main/resources
[INFO] skip non existing resourceDirectory /app/source/blueprint/blueprint-parser/src/main/filtered-resources
[INFO] Copying 3 resources
[INFO] Copying 3 resources
[INFO] 
[INFO] --- maven-compiler-plugin:3.1:compile (default-compile) @ blueprint-parser ---
[INFO] Changes detected - recompiling the module!
[INFO] Compiling 58 source files to /app/source/blueprint/blueprint-parser/target/classes
[WARNING] bootstrap class path not set in conjunction with -source 1.6
[INFO] 
[INFO] --- maven-resources-plugin:2.6:testResources (default-testResources) @ blueprint-parser ---
[INFO] Not copying test resources
[INFO] 
[INFO] --- maven-compiler-plugin:3.1:testCompile (default-testCompile) @ blueprint-parser ---
[INFO] Not compiling test sources
[INFO] 
[INFO] --- maven-surefire-plugin:2.16:test (default-test) @ blueprint-parser ---
[INFO] Tests are skipped.
[INFO] 
[INFO] --- maven-jar-plugin:2.4:jar (default-jar) @ blueprint-parser ---
[INFO] Building jar: /app/source/blueprint/blueprint-parser/target/blueprint-parser-1.5.0-SNAPSHOT.jar
[INFO] 
[INFO] --- maven-site-plugin:3.3:attach-descriptor (attach-descriptor) @ blueprint-parser ---
[INFO] 
[INFO] --- org.apache.aries.versioning.plugin:0.3.0:version-check (default-verify) @ blueprint-parser ---
[INFO] /app/source/blueprint/blueprint-parser/target/blueprint-parser-1.5.0-SNAPSHOT.jar is not an OSGi bundle, skipping.
[INFO] 
[INFO] --- ianal-maven-plugin:1.0-alpha-1:verify-legal-files (default) @ blueprint-parser ---
[INFO] Checking legal files in: blueprint-parser-1.5.0-SNAPSHOT.jar
[INFO] 
[INFO] --- maven-install-plugin:2.5.1:install (default-install) @ blueprint-parser ---
[INFO] Installing /app/source/blueprint/blueprint-parser/target/blueprint-parser-1.5.0-SNAPSHOT.jar to /root/.m2/repository/org/apache/aries/blueprint/blueprint-parser/1.5.0-SNAPSHOT/blueprint-parser-1.5.0-SNAPSHOT.jar
[INFO] Installing /app/source/blueprint/blueprint-parser/pom.xml to /root/.m2/repository/org/apache/aries/blueprint/blueprint-parser/1.5.0-SNAPSHOT/blueprint-parser-1.5.0-SNAPSHOT.pom
[INFO] 
[INFO] -----< org.apache.aries.blueprint:org.apache.aries.blueprint.core >-----
[INFO] Building Apache Aries Blueprint Core 1.6.3-SNAPSHOT               [3/17]
[INFO] -------------------------------[ bundle ]-------------------------------
[INFO] 
[INFO] --- maven-clean-plugin:2.5:clean (default-clean) @ org.apache.aries.blueprint.core ---
[INFO] Deleting /app/source/blueprint/blueprint-core/target
[INFO] 
[INFO] --- maven-enforcer-plugin:1.3.1:enforce (default) @ org.apache.aries.blueprint.core ---
[INFO] Skipping Rule Enforcement.
[INFO] 
[INFO] --- maven-dependency-plugin:2.8:unpack (unpack-sources) @ org.apache.aries.blueprint.core ---
[INFO] Configured Artifact: org.apache.aries.blueprint:org.apache.aries.blueprint.api:?:jar
[INFO] Unpacking /root/.m2/repository/org/apache/aries/blueprint/org.apache.aries.blueprint.api/1.0.0/org.apache.aries.blueprint.api-1.0.0.jar to /app/source/blueprint/blueprint-core/target/sources with includes "**/blueprint.xsd" and excludes ""
[INFO] 
[INFO] --- maven-remote-resources-plugin:1.5:process (default) @ org.apache.aries.blueprint.core ---
[INFO] 
[INFO] --- maven-resources-plugin:2.6:resources (default-resources) @ org.apache.aries.blueprint.core ---
[INFO] Using 'UTF-8' encoding to copy filtered resources.
[INFO] Copying 10 resources
[INFO] Copying 10 resources
[INFO] Copying 3 resources
[INFO] 
[INFO] --- maven-compiler-plugin:3.1:compile (default-compile) @ org.apache.aries.blueprint.core ---
[INFO] Changes detected - recompiling the module!
[INFO] Compiling 70 source files to /app/source/blueprint/blueprint-core/target/classes
[WARNING] bootstrap class path not set in conjunction with -source 1.6
[WARNING] /app/source/blueprint/blueprint-core/src/main/java/org/apache/aries/blueprint/di/MapRecipe.java: Some input files use unchecked or unsafe operations.
[WARNING] /app/source/blueprint/blueprint-core/src/main/java/org/apache/aries/blueprint/di/MapRecipe.java: Recompile with -Xlint:unchecked for details.
[INFO] 
[INFO] --- maven-resources-plugin:2.6:testResources (default-testResources) @ org.apache.aries.blueprint.core ---
[INFO] Not copying test resources
[INFO] 
[INFO] --- maven-compiler-plugin:3.1:testCompile (default-testCompile) @ org.apache.aries.blueprint.core ---
[INFO] Not compiling test sources
[INFO] 
[INFO] --- maven-surefire-plugin:2.16:test (default-test) @ org.apache.aries.blueprint.core ---
[INFO] Tests are skipped.
[INFO] 
[INFO] --- maven-bundle-plugin:2.5.0:bundle (default-bundle) @ org.apache.aries.blueprint.core ---
[INFO] 
[INFO] --- maven-site-plugin:3.3:attach-descriptor (attach-descriptor) @ org.apache.aries.blueprint.core ---
[INFO] 
[INFO] --- org.apache.aries.versioning.plugin:0.3.1:version-check (default-verify) @ org.apache.aries.blueprint.core ---
[INFO] All package or bundle versions are semanticly versioned correctly.
[INFO] 
[INFO] --- ianal-maven-plugin:1.0-alpha-1:verify-legal-files (default) @ org.apache.aries.blueprint.core ---
[INFO] Checking legal files in: org.apache.aries.blueprint.core-1.6.3-SNAPSHOT.jar
[INFO] 
[INFO] --- maven-install-plugin:2.5.1:install (default-install) @ org.apache.aries.blueprint.core ---
[INFO] Installing /app/source/blueprint/blueprint-core/target/org.apache.aries.blueprint.core-1.6.3-SNAPSHOT.jar to /root/.m2/repository/org/apache/aries/blueprint/org.apache.aries.blueprint.core/1.6.3-SNAPSHOT/org.apache.aries.blueprint.core-1.6.3-SNAPSHOT.jar
[INFO] Installing /app/source/blueprint/blueprint-core/pom.xml to /root/.m2/repository/org/apache/aries/blueprint/org.apache.aries.blueprint.core/1.6.3-SNAPSHOT/org.apache.aries.blueprint.core-1.6.3-SNAPSHOT.pom
[INFO] 
[INFO] --- maven-bundle-plugin:2.5.0:install (default-install) @ org.apache.aries.blueprint.core ---
[INFO] Installing org/apache/aries/blueprint/org.apache.aries.blueprint.core/1.6.3-SNAPSHOT/org.apache.aries.blueprint.core-1.6.3-SNAPSHOT.jar
[INFO] Writing OBR metadata
[INFO] 
[INFO] ------< org.apache.aries.blueprint:org.apache.aries.blueprint.cm >------
[INFO] Building Apache Aries Blueprint CM 1.0.9-SNAPSHOT                 [4/17]
[INFO] -------------------------------[ bundle ]-------------------------------
[INFO] 
[INFO] --- maven-clean-plugin:2.5:clean (default-clean) @ org.apache.aries.blueprint.cm ---
[INFO] Deleting /app/source/blueprint/blueprint-cm/target
[INFO] 
[INFO] --- maven-enforcer-plugin:1.3.1:enforce (default) @ org.apache.aries.blueprint.cm ---
[INFO] Skipping Rule Enforcement.
[INFO] 
[INFO] --- maven-remote-resources-plugin:1.5:process (default) @ org.apache.aries.blueprint.cm ---
[INFO] 
[INFO] --- maven-resources-plugin:2.6:resources (default-resources) @ org.apache.aries.blueprint.cm ---
[INFO] Using 'UTF-8' encoding to copy filtered resources.
[INFO] Copying 5 resources
[INFO] skip non existing resourceDirectory /app/source/blueprint/blueprint-cm/src/main/filtered-resources
[INFO] Copying 1 resource
[INFO] Copying 3 resources
[INFO] 
[INFO] --- maven-compiler-plugin:3.1:compile (default-compile) @ org.apache.aries.blueprint.cm ---
[INFO] Changes detected - recompiling the module!
[INFO] Compiling 9 source files to /app/source/blueprint/blueprint-cm/target/classes
[WARNING] bootstrap class path not set in conjunction with -source 1.6
[WARNING] /app/source/blueprint/blueprint-cm/src/main/java/org/apache/aries/blueprint/compendium/cm/ManagedObjectManager.java: Some input files use unchecked or unsafe operations.
[WARNING] /app/source/blueprint/blueprint-cm/src/main/java/org/apache/aries/blueprint/compendium/cm/ManagedObjectManager.java: Recompile with -Xlint:unchecked for details.
[INFO] 
[INFO] --- maven-resources-plugin:2.6:testResources (default-testResources) @ org.apache.aries.blueprint.cm ---
[INFO] Not copying test resources
[INFO] 
[INFO] --- maven-compiler-plugin:3.1:testCompile (default-testCompile) @ org.apache.aries.blueprint.cm ---
[INFO] Not compiling test sources
[INFO] 
[INFO] --- maven-surefire-plugin:2.16:test (default-test) @ org.apache.aries.blueprint.cm ---
[INFO] Tests are skipped.
[INFO] 
[INFO] --- maven-bundle-plugin:2.5.0:bundle (default-bundle) @ org.apache.aries.blueprint.cm ---
[INFO] 
[INFO] --- maven-site-plugin:3.3:attach-descriptor (attach-descriptor) @ org.apache.aries.blueprint.cm ---
[INFO] 
[INFO] --- org.apache.aries.versioning.plugin:0.3.0:version-check (default-verify) @ org.apache.aries.blueprint.cm ---
[INFO] All package or bundle versions are semanticly versioned correctly.
[INFO] 
[INFO] --- ianal-maven-plugin:1.0-alpha-1:verify-legal-files (default) @ org.apache.aries.blueprint.cm ---
[INFO] Checking legal files in: org.apache.aries.blueprint.cm-1.0.9-SNAPSHOT.jar
[INFO] 
[INFO] --- maven-install-plugin:2.5.1:install (default-install) @ org.apache.aries.blueprint.cm ---
[INFO] Installing /app/source/blueprint/blueprint-cm/target/org.apache.aries.blueprint.cm-1.0.9-SNAPSHOT.jar to /root/.m2/repository/org/apache/aries/blueprint/org.apache.aries.blueprint.cm/1.0.9-SNAPSHOT/org.apache.aries.blueprint.cm-1.0.9-SNAPSHOT.jar
[INFO] Installing /app/source/blueprint/blueprint-cm/pom.xml to /root/.m2/repository/org/apache/aries/blueprint/org.apache.aries.blueprint.cm/1.0.9-SNAPSHOT/org.apache.aries.blueprint.cm-1.0.9-SNAPSHOT.pom
[INFO] 
[INFO] --- maven-bundle-plugin:2.5.0:install (default-install) @ org.apache.aries.blueprint.cm ---
[INFO] Installing org/apache/aries/blueprint/org.apache.aries.blueprint.cm/1.0.9-SNAPSHOT/org.apache.aries.blueprint.cm-1.0.9-SNAPSHOT.jar
[INFO] Writing OBR metadata
[INFO] 
[INFO] --< org.apache.aries.blueprint:org.apache.aries.blueprint.jexl.evaluator >--
[INFO] Building Apache Aries Blueprint JEXL evaluator 1.0.1-SNAPSHOT     [5/17]
[INFO] -------------------------------[ bundle ]-------------------------------
[INFO] 
[INFO] --- maven-clean-plugin:2.5:clean (default-clean) @ org.apache.aries.blueprint.jexl.evaluator ---
[INFO] Deleting /app/source/blueprint/blueprint-jexl-evaluator/target
[INFO] 
[INFO] --- maven-enforcer-plugin:1.3.1:enforce (default) @ org.apache.aries.blueprint.jexl.evaluator ---
[INFO] Skipping Rule Enforcement.
[INFO] 
[INFO] --- maven-remote-resources-plugin:1.5:process (default) @ org.apache.aries.blueprint.jexl.evaluator ---
[INFO] 
[INFO] --- maven-resources-plugin:2.6:resources (default-resources) @ org.apache.aries.blueprint.jexl.evaluator ---
[INFO] Using 'UTF-8' encoding to copy filtered resources.
[INFO] Copying 1 resource
[INFO] skip non existing resourceDirectory /app/source/blueprint/blueprint-jexl-evaluator/src/main/filtered-resources
[INFO] Copying 0 resource
[INFO] Copying 3 resources
[INFO] 
[INFO] --- maven-compiler-plugin:3.1:compile (default-compile) @ org.apache.aries.blueprint.jexl.evaluator ---
[INFO] Changes detected - recompiling the module!
[INFO] Compiling 2 source files to /app/source/blueprint/blueprint-jexl-evaluator/target/classes
[WARNING] bootstrap class path not set in conjunction with -source 1.6
[INFO] 
[INFO] --- maven-resources-plugin:2.6:testResources (default-testResources) @ org.apache.aries.blueprint.jexl.evaluator ---
[INFO] Not copying test resources
[INFO] 
[INFO] --- maven-compiler-plugin:3.1:testCompile (default-testCompile) @ org.apache.aries.blueprint.jexl.evaluator ---
[INFO] Not compiling test sources
[INFO] 
[INFO] --- maven-surefire-plugin:2.16:test (default-test) @ org.apache.aries.blueprint.jexl.evaluator ---
[INFO] Tests are skipped.
[INFO] 
[INFO] --- maven-bundle-plugin:2.5.0:bundle (default-bundle) @ org.apache.aries.blueprint.jexl.evaluator ---
[INFO] 
[INFO] --- maven-site-plugin:3.3:attach-descriptor (attach-descriptor) @ org.apache.aries.blueprint.jexl.evaluator ---
[INFO] 
[INFO] --- org.apache.aries.versioning.plugin:0.3.0:version-check (default-verify) @ org.apache.aries.blueprint.jexl.evaluator ---
[INFO] All package or bundle versions are semanticly versioned correctly.
[INFO] 
[INFO] --- ianal-maven-plugin:1.0-alpha-1:verify-legal-files (default) @ org.apache.aries.blueprint.jexl.evaluator ---
[INFO] Checking legal files in: org.apache.aries.blueprint.jexl.evaluator-1.0.1-SNAPSHOT.jar
[INFO] 
[INFO] --- maven-install-plugin:2.5.1:install (default-install) @ org.apache.aries.blueprint.jexl.evaluator ---
[INFO] Installing /app/source/blueprint/blueprint-jexl-evaluator/target/org.apache.aries.blueprint.jexl.evaluator-1.0.1-SNAPSHOT.jar to /root/.m2/repository/org/apache/aries/blueprint/org.apache.aries.blueprint.jexl.evaluator/1.0.1-SNAPSHOT/org.apache.aries.blueprint.jexl.evaluator-1.0.1-SNAPSHOT.jar
[INFO] Installing /app/source/blueprint/blueprint-jexl-evaluator/pom.xml to /root/.m2/repository/org/apache/aries/blueprint/org.apache.aries.blueprint.jexl.evaluator/1.0.1-SNAPSHOT/org.apache.aries.blueprint.jexl.evaluator-1.0.1-SNAPSHOT.pom
[INFO] 
[INFO] --- maven-bundle-plugin:2.5.0:install (default-install) @ org.apache.aries.blueprint.jexl.evaluator ---
[INFO] Installing org/apache/aries/blueprint/org.apache.aries.blueprint.jexl.evaluator/1.0.1-SNAPSHOT/org.apache.aries.blueprint.jexl.evaluator-1.0.1-SNAPSHOT.jar
[INFO] Writing OBR metadata
[INFO] 
[INFO] ----< org.apache.aries.blueprint:org.apache.aries.blueprint.sample >----
[INFO] Building Apache Aries Blueprint Sample 1.0.1-SNAPSHOT             [6/17]
[INFO] -------------------------------[ bundle ]-------------------------------
[INFO] 
[INFO] --- maven-clean-plugin:2.5:clean (default-clean) @ org.apache.aries.blueprint.sample ---
[INFO] Deleting /app/source/blueprint/blueprint-sample/target
[INFO] 
[INFO] --- maven-enforcer-plugin:1.3.1:enforce (default) @ org.apache.aries.blueprint.sample ---
[INFO] Skipping Rule Enforcement.
[INFO] 
[INFO] --- maven-remote-resources-plugin:1.5:process (default) @ org.apache.aries.blueprint.sample ---
[INFO] 
[INFO] --- maven-resources-plugin:2.6:resources (default-resources) @ org.apache.aries.blueprint.sample ---
[INFO] Using 'UTF-8' encoding to copy filtered resources.
[INFO] Copying 1 resource
[INFO] skip non existing resourceDirectory /app/source/blueprint/blueprint-sample/src/main/filtered-resources
[INFO] Copying 0 resource
[INFO] Copying 3 resources
[INFO] 
[INFO] --- maven-compiler-plugin:3.1:compile (default-compile) @ org.apache.aries.blueprint.sample ---
[INFO] Changes detected - recompiling the module!
[INFO] Compiling 14 source files to /app/source/blueprint/blueprint-sample/target/classes
[WARNING] bootstrap class path not set in conjunction with -source 1.6
[WARNING] /app/source/blueprint/blueprint-sample/src/main/java/org/apache/aries/blueprint/sample/DodgyListener.java: /app/source/blueprint/blueprint-sample/src/main/java/org/apache/aries/blueprint/sample/DodgyListener.java uses unchecked or unsafe operations.
[WARNING] /app/source/blueprint/blueprint-sample/src/main/java/org/apache/aries/blueprint/sample/DodgyListener.java: Recompile with -Xlint:unchecked for details.
[INFO] 
[INFO] --- maven-resources-plugin:2.6:testResources (default-testResources) @ org.apache.aries.blueprint.sample ---
[INFO] Not copying test resources
[INFO] 
[INFO] --- maven-compiler-plugin:3.1:testCompile (default-testCompile) @ org.apache.aries.blueprint.sample ---
[INFO] Not compiling test sources
[INFO] 
[INFO] --- maven-surefire-plugin:2.16:test (default-test) @ org.apache.aries.blueprint.sample ---
[INFO] Tests are skipped.
[INFO] 
[INFO] --- maven-bundle-plugin:2.5.0:bundle (default-bundle) @ org.apache.aries.blueprint.sample ---
[INFO] 
[INFO] --- maven-site-plugin:3.3:attach-descriptor (attach-descriptor) @ org.apache.aries.blueprint.sample ---
[INFO] 
[INFO] --- org.apache.aries.versioning.plugin:0.3.0:version-check (default-verify) @ org.apache.aries.blueprint.sample ---
[INFO] All package or bundle versions are semanticly versioned correctly.
[INFO] 
[INFO] --- ianal-maven-plugin:1.0-alpha-1:verify-legal-files (default) @ org.apache.aries.blueprint.sample ---
[INFO] Checking legal files in: org.apache.aries.blueprint.sample-1.0.1-SNAPSHOT.jar
[INFO] 
[INFO] --- maven-install-plugin:2.5.1:install (default-install) @ org.apache.aries.blueprint.sample ---
[INFO] Installing /app/source/blueprint/blueprint-sample/target/org.apache.aries.blueprint.sample-1.0.1-SNAPSHOT.jar to /root/.m2/repository/org/apache/aries/blueprint/org.apache.aries.blueprint.sample/1.0.1-SNAPSHOT/org.apache.aries.blueprint.sample-1.0.1-SNAPSHOT.jar
[INFO] Installing /app/source/blueprint/blueprint-sample/pom.xml to /root/.m2/repository/org/apache/aries/blueprint/org.apache.aries.blueprint.sample/1.0.1-SNAPSHOT/org.apache.aries.blueprint.sample-1.0.1-SNAPSHOT.pom
[INFO] 
[INFO] --- maven-bundle-plugin:2.5.0:install (default-install) @ org.apache.aries.blueprint.sample ---
[INFO] Installing org/apache/aries/blueprint/org.apache.aries.blueprint.sample/1.0.1-SNAPSHOT/org.apache.aries.blueprint.sample-1.0.1-SNAPSHOT.jar
[INFO] Writing OBR metadata
[INFO] 
[INFO] --< org.apache.aries.blueprint:org.apache.aries.blueprint.annotation.api >--
[INFO] Building Apache Aries Blueprint Annotation API 1.0.2-SNAPSHOT     [7/17]
[INFO] -------------------------------[ bundle ]-------------------------------
[INFO] 
[INFO] --- maven-clean-plugin:2.5:clean (default-clean) @ org.apache.aries.blueprint.annotation.api ---
[INFO] Deleting /app/source/blueprint/blueprint-annotation-api/target
[INFO] 
[INFO] --- maven-enforcer-plugin:1.3.1:enforce (default) @ org.apache.aries.blueprint.annotation.api ---
[INFO] Skipping Rule Enforcement.
[INFO] 
[INFO] --- maven-remote-resources-plugin:1.5:process (default) @ org.apache.aries.blueprint.annotation.api ---
[INFO] 
[INFO] --- maven-resources-plugin:2.6:resources (default-resources) @ org.apache.aries.blueprint.annotation.api ---
[INFO] Using 'UTF-8' encoding to copy filtered resources.
[INFO] skip non existing resourceDirectory /app/source/blueprint/blueprint-annotation-api/src/main/resources
[INFO] skip non existing resourceDirectory /app/source/blueprint/blueprint-annotation-api/src/main/filtered-resources
[INFO] Copying 2 resources
[INFO] Copying 3 resources
[INFO] 
[INFO] --- maven-compiler-plugin:3.1:compile (default-compile) @ org.apache.aries.blueprint.annotation.api ---
[INFO] Changes detected - recompiling the module!
[INFO] Compiling 19 source files to /app/source/blueprint/blueprint-annotation-api/target/classes
[WARNING] bootstrap class path not set in conjunction with -source 1.6
[INFO] 
[INFO] --- maven-resources-plugin:2.6:testResources (default-testResources) @ org.apache.aries.blueprint.annotation.api ---
[INFO] Not copying test resources
[INFO] 
[INFO] --- maven-compiler-plugin:3.1:testCompile (default-testCompile) @ org.apache.aries.blueprint.annotation.api ---
[INFO] Not compiling test sources
[INFO] 
[INFO] --- maven-surefire-plugin:2.16:test (default-test) @ org.apache.aries.blueprint.annotation.api ---
[INFO] Tests are skipped.
[INFO] 
[INFO] --- maven-bundle-plugin:2.5.0:bundle (default-bundle) @ org.apache.aries.blueprint.annotation.api ---
[INFO] 
[INFO] --- maven-site-plugin:3.3:attach-descriptor (attach-descriptor) @ org.apache.aries.blueprint.annotation.api ---
[INFO] 
[INFO] --- org.apache.aries.versioning.plugin:0.3.0:version-check (default-verify) @ org.apache.aries.blueprint.annotation.api ---
[INFO] All package or bundle versions are semanticly versioned correctly.
[INFO] 
[INFO] --- ianal-maven-plugin:1.0-alpha-1:verify-legal-files (default) @ org.apache.aries.blueprint.annotation.api ---
[INFO] Checking legal files in: org.apache.aries.blueprint.annotation.api-1.0.2-SNAPSHOT.jar
[INFO] 
[INFO] --- maven-install-plugin:2.5.1:install (default-install) @ org.apache.aries.blueprint.annotation.api ---
[INFO] Installing /app/source/blueprint/blueprint-annotation-api/target/org.apache.aries.blueprint.annotation.api-1.0.2-SNAPSHOT.jar to /root/.m2/repository/org/apache/aries/blueprint/org.apache.aries.blueprint.annotation.api/1.0.2-SNAPSHOT/org.apache.aries.blueprint.annotation.api-1.0.2-SNAPSHOT.jar
[INFO] Installing /app/source/blueprint/blueprint-annotation-api/pom.xml to /root/.m2/repository/org/apache/aries/blueprint/org.apache.aries.blueprint.annotation.api/1.0.2-SNAPSHOT/org.apache.aries.blueprint.annotation.api-1.0.2-SNAPSHOT.pom
[INFO] 
[INFO] --- maven-bundle-plugin:2.5.0:install (default-install) @ org.apache.aries.blueprint.annotation.api ---
[INFO] Installing org/apache/aries/blueprint/org.apache.aries.blueprint.annotation.api/1.0.2-SNAPSHOT/org.apache.aries.blueprint.annotation.api-1.0.2-SNAPSHOT.jar
[INFO] Writing OBR metadata
[INFO] 
[INFO] ----< org.apache.aries.blueprint:org.apache.aries.blueprint.authz >-----
[INFO] Building Apache Aries Blueprint Annotation based authorization 1.0.1-SNAPSHOT [8/17]
[INFO] -------------------------------[ bundle ]-------------------------------
[INFO] 
[INFO] --- maven-clean-plugin:2.5:clean (default-clean) @ org.apache.aries.blueprint.authz ---
[INFO] Deleting /app/source/blueprint/blueprint-authz/target
[INFO] 
[INFO] --- maven-enforcer-plugin:1.3.1:enforce (default) @ org.apache.aries.blueprint.authz ---
[INFO] Skipping Rule Enforcement.
[INFO] 
[INFO] --- maven-remote-resources-plugin:1.5:process (default) @ org.apache.aries.blueprint.authz ---
[INFO] 
[INFO] --- maven-resources-plugin:2.6:resources (default-resources) @ org.apache.aries.blueprint.authz ---
[INFO] Using 'UTF-8' encoding to copy filtered resources.
[INFO] Copying 1 resource
[INFO] skip non existing resourceDirectory /app/source/blueprint/blueprint-authz/src/main/filtered-resources
[INFO] Copying 0 resource
[INFO] Copying 3 resources
[INFO] 
[INFO] --- maven-compiler-plugin:3.1:compile (default-compile) @ org.apache.aries.blueprint.authz ---
[INFO] Changes detected - recompiling the module!
[INFO] Compiling 5 source files to /app/source/blueprint/blueprint-authz/target/classes
[WARNING] bootstrap class path not set in conjunction with -source 1.6
[INFO] 
[INFO] --- maven-resources-plugin:2.6:testResources (default-testResources) @ org.apache.aries.blueprint.authz ---
[INFO] Not copying test resources
[INFO] 
[INFO] --- maven-compiler-plugin:3.1:testCompile (default-testCompile) @ org.apache.aries.blueprint.authz ---
[INFO] Not compiling test sources
[INFO] 
[INFO] --- maven-surefire-plugin:2.16:test (default-test) @ org.apache.aries.blueprint.authz ---
[INFO] Tests are skipped.
[INFO] 
[INFO] --- maven-bundle-plugin:2.5.0:bundle (default-bundle) @ org.apache.aries.blueprint.authz ---
[INFO] 
[INFO] --- maven-site-plugin:3.3:attach-descriptor (attach-descriptor) @ org.apache.aries.blueprint.authz ---
[INFO] 
[INFO] --- org.apache.aries.versioning.plugin:0.3.0:version-check (default-verify) @ org.apache.aries.blueprint.authz ---
[INFO] 
[INFO] --- ianal-maven-plugin:1.0-alpha-1:verify-legal-files (default) @ org.apache.aries.blueprint.authz ---
[INFO] Checking legal files in: org.apache.aries.blueprint.authz-1.0.1-SNAPSHOT.jar
[INFO] 
[INFO] --- maven-install-plugin:2.5.1:install (default-install) @ org.apache.aries.blueprint.authz ---
[INFO] Installing /app/source/blueprint/blueprint-authz/target/org.apache.aries.blueprint.authz-1.0.1-SNAPSHOT.jar to /root/.m2/repository/org/apache/aries/blueprint/org.apache.aries.blueprint.authz/1.0.1-SNAPSHOT/org.apache.aries.blueprint.authz-1.0.1-SNAPSHOT.jar
[INFO] Installing /app/source/blueprint/blueprint-authz/pom.xml to /root/.m2/repository/org/apache/aries/blueprint/org.apache.aries.blueprint.authz/1.0.1-SNAPSHOT/org.apache.aries.blueprint.authz-1.0.1-SNAPSHOT.pom
[INFO] 
[INFO] --- maven-bundle-plugin:2.5.0:install (default-install) @ org.apache.aries.blueprint.authz ---
[INFO] Installing org/apache/aries/blueprint/org.apache.aries.blueprint.authz/1.0.1-SNAPSHOT/org.apache.aries.blueprint.authz-1.0.1-SNAPSHOT.jar
[INFO] Writing OBR metadata
[INFO] 
[INFO] ----< org.apache.aries.blueprint:org.apache.aries.blueprint.spring >----
[INFO] Building Apache Aries Blueprint Spring Support 1.0.0-SNAPSHOT     [9/17]
[INFO] -------------------------------[ bundle ]-------------------------------
[INFO] 
[INFO] --- maven-clean-plugin:2.5:clean (default-clean) @ org.apache.aries.blueprint.spring ---
[INFO] Deleting /app/source/blueprint/blueprint-spring/target
[INFO] 
[INFO] --- maven-enforcer-plugin:1.3.1:enforce (default) @ org.apache.aries.blueprint.spring ---
[INFO] Skipping Rule Enforcement.
[INFO] 
[INFO] --- maven-remote-resources-plugin:1.5:process (default) @ org.apache.aries.blueprint.spring ---
[INFO] 
[INFO] --- maven-resources-plugin:2.6:resources (default-resources) @ org.apache.aries.blueprint.spring ---
[INFO] Using 'UTF-8' encoding to copy filtered resources.
[INFO] skip non existing resourceDirectory /app/source/blueprint/blueprint-spring/src/main/resources
[INFO] skip non existing resourceDirectory /app/source/blueprint/blueprint-spring/src/main/filtered-resources
[INFO] Copying 0 resource
[INFO] Copying 3 resources
[INFO] 
[INFO] --- maven-compiler-plugin:3.1:compile (default-compile) @ org.apache.aries.blueprint.spring ---
[INFO] Changes detected - recompiling the module!
[INFO] Compiling 9 source files to /app/source/blueprint/blueprint-spring/target/classes
[WARNING] bootstrap class path not set in conjunction with -source 1.6
[INFO] 
[INFO] --- maven-resources-plugin:2.6:testResources (default-testResources) @ org.apache.aries.blueprint.spring ---
[INFO] Not copying test resources
[INFO] 
[INFO] --- maven-compiler-plugin:3.1:testCompile (default-testCompile) @ org.apache.aries.blueprint.spring ---
[INFO] Not compiling test sources
[INFO] 
[INFO] --- maven-surefire-plugin:2.16:test (default-test) @ org.apache.aries.blueprint.spring ---
[INFO] Tests are skipped.
[INFO] 
[INFO] --- maven-bundle-plugin:2.5.0:bundle (default-bundle) @ org.apache.aries.blueprint.spring ---
[INFO] 
[INFO] --- maven-site-plugin:3.3:attach-descriptor (attach-descriptor) @ org.apache.aries.blueprint.spring ---
[INFO] 
[INFO] --- org.apache.aries.versioning.plugin:0.3.0:version-check (default-verify) @ org.apache.aries.blueprint.spring ---
[INFO] 
[INFO] --- ianal-maven-plugin:1.0-alpha-1:verify-legal-files (default) @ org.apache.aries.blueprint.spring ---
[INFO] Checking legal files in: org.apache.aries.blueprint.spring-1.0.0-SNAPSHOT.jar
[INFO] 
[INFO] --- maven-install-plugin:2.5.1:install (default-install) @ org.apache.aries.blueprint.spring ---
[INFO] Installing /app/source/blueprint/blueprint-spring/target/org.apache.aries.blueprint.spring-1.0.0-SNAPSHOT.jar to /root/.m2/repository/org/apache/aries/blueprint/org.apache.aries.blueprint.spring/1.0.0-SNAPSHOT/org.apache.aries.blueprint.spring-1.0.0-SNAPSHOT.jar
[INFO] Installing /app/source/blueprint/blueprint-spring/pom.xml to /root/.m2/repository/org/apache/aries/blueprint/org.apache.aries.blueprint.spring/1.0.0-SNAPSHOT/org.apache.aries.blueprint.spring-1.0.0-SNAPSHOT.pom
[INFO] 
[INFO] --- maven-bundle-plugin:2.5.0:install (default-install) @ org.apache.aries.blueprint.spring ---
[INFO] Installing org/apache/aries/blueprint/org.apache.aries.blueprint.spring/1.0.0-SNAPSHOT/org.apache.aries.blueprint.spring-1.0.0-SNAPSHOT.jar
[INFO] Writing OBR metadata
[INFO] 
[INFO] --< org.apache.aries.blueprint:org.apache.aries.blueprint.spring.extender >--
[INFO] Building Apache Aries Blueprint Spring Extender Support 1.0.0-SNAPSHOT [10/17]
[INFO] -------------------------------[ bundle ]-------------------------------
[INFO] 
[INFO] --- maven-clean-plugin:2.5:clean (default-clean) @ org.apache.aries.blueprint.spring.extender ---
[INFO] Deleting /app/source/blueprint/blueprint-spring-extender/target
[INFO] 
[INFO] --- maven-enforcer-plugin:1.3.1:enforce (default) @ org.apache.aries.blueprint.spring.extender ---
[INFO] Skipping Rule Enforcement.
[INFO] 
[INFO] --- maven-remote-resources-plugin:1.5:process (default) @ org.apache.aries.blueprint.spring.extender ---
[INFO] 
[INFO] --- maven-resources-plugin:2.6:resources (default-resources) @ org.apache.aries.blueprint.spring.extender ---
[INFO] Using 'UTF-8' encoding to copy filtered resources.
[INFO] Copying 6 resources
[INFO] skip non existing resourceDirectory /app/source/blueprint/blueprint-spring-extender/src/main/filtered-resources
[INFO] Copying 0 resource
[INFO] Copying 3 resources
[INFO] 
[INFO] --- maven-compiler-plugin:3.1:compile (default-compile) @ org.apache.aries.blueprint.spring.extender ---
[INFO] Changes detected - recompiling the module!
[INFO] Compiling 5 source files to /app/source/blueprint/blueprint-spring-extender/target/classes
[WARNING] bootstrap class path not set in conjunction with -source 1.6
[INFO] 
[INFO] --- maven-resources-plugin:2.6:testResources (default-testResources) @ org.apache.aries.blueprint.spring.extender ---
[INFO] Not copying test resources
[INFO] 
[INFO] --- maven-compiler-plugin:3.1:testCompile (default-testCompile) @ org.apache.aries.blueprint.spring.extender ---
[INFO] Not compiling test sources
[INFO] 
[INFO] --- maven-surefire-plugin:2.16:test (default-test) @ org.apache.aries.blueprint.spring.extender ---
[INFO] Tests are skipped.
[INFO] 
[INFO] --- maven-bundle-plugin:2.5.0:bundle (default-bundle) @ org.apache.aries.blueprint.spring.extender ---
[INFO] 
[INFO] --- maven-site-plugin:3.3:attach-descriptor (attach-descriptor) @ org.apache.aries.blueprint.spring.extender ---
[INFO] 
[INFO] --- org.apache.aries.versioning.plugin:0.3.0:version-check (default-verify) @ org.apache.aries.blueprint.spring.extender ---
[INFO] 
[INFO] --- ianal-maven-plugin:1.0-alpha-1:verify-legal-files (default) @ org.apache.aries.blueprint.spring.extender ---
[INFO] Checking legal files in: org.apache.aries.blueprint.spring.extender-1.0.0-SNAPSHOT.jar
[INFO] 
[INFO] --- maven-install-plugin:2.5.1:install (default-install) @ org.apache.aries.blueprint.spring.extender ---
[INFO] Installing /app/source/blueprint/blueprint-spring-extender/target/org.apache.aries.blueprint.spring.extender-1.0.0-SNAPSHOT.jar to /root/.m2/repository/org/apache/aries/blueprint/org.apache.aries.blueprint.spring.extender/1.0.0-SNAPSHOT/org.apache.aries.blueprint.spring.extender-1.0.0-SNAPSHOT.jar
[INFO] Installing /app/source/blueprint/blueprint-spring-extender/pom.xml to /root/.m2/repository/org/apache/aries/blueprint/org.apache.aries.blueprint.spring.extender/1.0.0-SNAPSHOT/org.apache.aries.blueprint.spring.extender-1.0.0-SNAPSHOT.pom
[INFO] 
[INFO] --- maven-bundle-plugin:2.5.0:install (default-install) @ org.apache.aries.blueprint.spring.extender ---
[INFO] Installing org/apache/aries/blueprint/org.apache.aries.blueprint.spring.extender/1.0.0-SNAPSHOT/org.apache.aries.blueprint.spring.extender-1.0.0-SNAPSHOT.jar
[INFO] Writing OBR metadata
[INFO] 
[INFO] --< org.apache.aries.blueprint:org.apache.aries.blueprint.sample-annotation >--
[INFO] Building Apache Aries Blueprint Sample for Testing Annotation 1.1.0-SNAPSHOT [11/17]
[INFO] -------------------------------[ bundle ]-------------------------------
[INFO] 
[INFO] --- maven-clean-plugin:2.5:clean (default-clean) @ org.apache.aries.blueprint.sample-annotation ---
[INFO] Deleting /app/source/blueprint/blueprint-sample-annotation/target
[INFO] 
[INFO] --- maven-enforcer-plugin:1.3.1:enforce (default) @ org.apache.aries.blueprint.sample-annotation ---
[INFO] Skipping Rule Enforcement.
[INFO] 
[INFO] --- maven-remote-resources-plugin:1.5:process (default) @ org.apache.aries.blueprint.sample-annotation ---
[INFO] 
[INFO] --- maven-resources-plugin:2.6:resources (default-resources) @ org.apache.aries.blueprint.sample-annotation ---
[INFO] Using 'UTF-8' encoding to copy filtered resources.
[INFO] Copying 1 resource
[INFO] skip non existing resourceDirectory /app/source/blueprint/blueprint-sample-annotation/src/main/filtered-resources
[INFO] Copying 0 resource
[INFO] Copying 3 resources
[INFO] 
[INFO] --- maven-compiler-plugin:3.1:compile (default-compile) @ org.apache.aries.blueprint.sample-annotation ---
[INFO] Changes detected - recompiling the module!
[INFO] Compiling 15 source files to /app/source/blueprint/blueprint-sample-annotation/target/classes
[WARNING] bootstrap class path not set in conjunction with -source 1.6
[INFO] 
[INFO] --- maven-resources-plugin:2.6:testResources (default-testResources) @ org.apache.aries.blueprint.sample-annotation ---
[INFO] Not copying test resources
[INFO] 
[INFO] --- maven-compiler-plugin:3.1:testCompile (default-testCompile) @ org.apache.aries.blueprint.sample-annotation ---
[INFO] Not compiling test sources
[INFO] 
[INFO] --- maven-surefire-plugin:2.16:test (default-test) @ org.apache.aries.blueprint.sample-annotation ---
[INFO] Tests are skipped.
[INFO] 
[INFO] --- maven-bundle-plugin:2.5.0:bundle (default-bundle) @ org.apache.aries.blueprint.sample-annotation ---
[INFO] 
[INFO] --- maven-site-plugin:3.3:attach-descriptor (attach-descriptor) @ org.apache.aries.blueprint.sample-annotation ---
[INFO] 
[INFO] --- org.apache.aries.versioning.plugin:0.3.0:version-check (default-verify) @ org.apache.aries.blueprint.sample-annotation ---
[INFO] All package or bundle versions are semanticly versioned correctly.
[INFO] 
[INFO] --- ianal-maven-plugin:1.0-alpha-1:verify-legal-files (default) @ org.apache.aries.blueprint.sample-annotation ---
[INFO] Checking legal files in: org.apache.aries.blueprint.sample-annotation-1.1.0-SNAPSHOT.jar
[INFO] 
[INFO] --- maven-install-plugin:2.5.1:install (default-install) @ org.apache.aries.blueprint.sample-annotation ---
[INFO] Installing /app/source/blueprint/blueprint-sample-annotation/target/org.apache.aries.blueprint.sample-annotation-1.1.0-SNAPSHOT.jar to /root/.m2/repository/org/apache/aries/blueprint/org.apache.aries.blueprint.sample-annotation/1.1.0-SNAPSHOT/org.apache.aries.blueprint.sample-annotation-1.1.0-SNAPSHOT.jar
[INFO] Installing /app/source/blueprint/blueprint-sample-annotation/pom.xml to /root/.m2/repository/org/apache/aries/blueprint/org.apache.aries.blueprint.sample-annotation/1.1.0-SNAPSHOT/org.apache.aries.blueprint.sample-annotation-1.1.0-SNAPSHOT.pom
[INFO] 
[INFO] --- maven-bundle-plugin:2.5.0:install (default-install) @ org.apache.aries.blueprint.sample-annotation ---
[INFO] Installing org/apache/aries/blueprint/org.apache.aries.blueprint.sample-annotation/1.1.0-SNAPSHOT/org.apache.aries.blueprint.sample-annotation-1.1.0-SNAPSHOT.jar
[INFO] Writing OBR metadata
[INFO] 
[INFO] --< org.apache.aries.blueprint:org.apache.aries.blueprint.testbundlea >--
[INFO] Building Apache Aries Blueprint Test Bundle A 1.1.0-SNAPSHOT     [12/17]
[INFO] -------------------------------[ bundle ]-------------------------------
[INFO] 
[INFO] --- maven-clean-plugin:2.5:clean (default-clean) @ org.apache.aries.blueprint.testbundlea ---
[INFO] Deleting /app/source/blueprint/blueprint-testbundlea/target
[INFO] 
[INFO] --- maven-enforcer-plugin:1.3.1:enforce (default) @ org.apache.aries.blueprint.testbundlea ---
[INFO] Skipping Rule Enforcement.
[INFO] 
[INFO] --- maven-remote-resources-plugin:1.5:process (default) @ org.apache.aries.blueprint.testbundlea ---
[INFO] 
[INFO] --- maven-resources-plugin:2.6:resources (default-resources) @ org.apache.aries.blueprint.testbundlea ---
[INFO] Using 'UTF-8' encoding to copy filtered resources.
[INFO] Copying 15 resources
[INFO] skip non existing resourceDirectory /app/source/blueprint/blueprint-testbundlea/src/main/filtered-resources
[INFO] Copying 0 resource
[INFO] Copying 3 resources
[INFO] 
[INFO] --- maven-compiler-plugin:3.1:compile (default-compile) @ org.apache.aries.blueprint.testbundlea ---
[INFO] Changes detected - recompiling the module!
[INFO] Compiling 19 source files to /app/source/blueprint/blueprint-testbundlea/target/classes
[WARNING] bootstrap class path not set in conjunction with -source 1.6
[INFO] 
[INFO] --- maven-resources-plugin:2.6:testResources (default-testResources) @ org.apache.aries.blueprint.testbundlea ---
[INFO] Not copying test resources
[INFO] 
[INFO] --- maven-compiler-plugin:3.1:testCompile (default-testCompile) @ org.apache.aries.blueprint.testbundlea ---
[INFO] Not compiling test sources
[INFO] 
[INFO] --- maven-surefire-plugin:2.16:test (default-test) @ org.apache.aries.blueprint.testbundlea ---
[INFO] Tests are skipped.
[INFO] 
[INFO] --- maven-bundle-plugin:2.5.0:bundle (default-bundle) @ org.apache.aries.blueprint.testbundlea ---
[INFO] 
[INFO] --- maven-site-plugin:3.3:attach-descriptor (attach-descriptor) @ org.apache.aries.blueprint.testbundlea ---
[INFO] 
[INFO] --- org.apache.aries.versioning.plugin:0.3.0:version-check (default-verify) @ org.apache.aries.blueprint.testbundlea ---
[INFO] All package or bundle versions are semanticly versioned correctly.
[INFO] 
[INFO] --- ianal-maven-plugin:1.0-alpha-1:verify-legal-files (default) @ org.apache.aries.blueprint.testbundlea ---
[INFO] Checking legal files in: org.apache.aries.blueprint.testbundlea-1.1.0-SNAPSHOT.jar
[INFO] 
[INFO] --- maven-install-plugin:2.5.1:install (default-install) @ org.apache.aries.blueprint.testbundlea ---
[INFO] Installing /app/source/blueprint/blueprint-testbundlea/target/org.apache.aries.blueprint.testbundlea-1.1.0-SNAPSHOT.jar to /root/.m2/repository/org/apache/aries/blueprint/org.apache.aries.blueprint.testbundlea/1.1.0-SNAPSHOT/org.apache.aries.blueprint.testbundlea-1.1.0-SNAPSHOT.jar
[INFO] Installing /app/source/blueprint/blueprint-testbundlea/pom.xml to /root/.m2/repository/org/apache/aries/blueprint/org.apache.aries.blueprint.testbundlea/1.1.0-SNAPSHOT/org.apache.aries.blueprint.testbundlea-1.1.0-SNAPSHOT.pom
[INFO] 
[INFO] --- maven-bundle-plugin:2.5.0:install (default-install) @ org.apache.aries.blueprint.testbundlea ---
[INFO] Installing org/apache/aries/blueprint/org.apache.aries.blueprint.testbundlea/1.1.0-SNAPSHOT/org.apache.aries.blueprint.testbundlea-1.1.0-SNAPSHOT.jar
[INFO] Writing OBR metadata
[INFO] 
[INFO] --< org.apache.aries.blueprint:org.apache.aries.blueprint.testbundleb >--
[INFO] Building Apache Aries Blueprint Test Bundle B 1.0.2-SNAPSHOT     [13/17]
[INFO] -------------------------------[ bundle ]-------------------------------
[INFO] 
[INFO] --- maven-clean-plugin:2.5:clean (default-clean) @ org.apache.aries.blueprint.testbundleb ---
[INFO] Deleting /app/source/blueprint/blueprint-testbundleb/target
[INFO] 
[INFO] --- maven-enforcer-plugin:1.3.1:enforce (default) @ org.apache.aries.blueprint.testbundleb ---
[INFO] Skipping Rule Enforcement.
[INFO] 
[INFO] --- maven-remote-resources-plugin:1.5:process (default) @ org.apache.aries.blueprint.testbundleb ---
[INFO] 
[INFO] --- maven-resources-plugin:2.6:resources (default-resources) @ org.apache.aries.blueprint.testbundleb ---
[INFO] Using 'UTF-8' encoding to copy filtered resources.
[INFO] Copying 3 resources
[INFO] skip non existing resourceDirectory /app/source/blueprint/blueprint-testbundleb/src/main/filtered-resources
[INFO] Copying 0 resource
[INFO] Copying 3 resources
[INFO] 
[INFO] --- maven-compiler-plugin:3.1:compile (default-compile) @ org.apache.aries.blueprint.testbundleb ---
[INFO] Changes detected - recompiling the module!
[INFO] Compiling 4 source files to /app/source/blueprint/blueprint-testbundleb/target/classes
[WARNING] bootstrap class path not set in conjunction with -source 1.6
[INFO] 
[INFO] --- maven-resources-plugin:2.6:testResources (default-testResources) @ org.apache.aries.blueprint.testbundleb ---
[INFO] Not copying test resources
[INFO] 
[INFO] --- maven-compiler-plugin:3.1:testCompile (default-testCompile) @ org.apache.aries.blueprint.testbundleb ---
[INFO] Not compiling test sources
[INFO] 
[INFO] --- maven-surefire-plugin:2.16:test (default-test) @ org.apache.aries.blueprint.testbundleb ---
[INFO] Tests are skipped.
[INFO] 
[INFO] --- maven-bundle-plugin:2.5.0:bundle (default-bundle) @ org.apache.aries.blueprint.testbundleb ---
[INFO] 
[INFO] --- maven-site-plugin:3.3:attach-descriptor (attach-descriptor) @ org.apache.aries.blueprint.testbundleb ---
[INFO] 
[INFO] --- org.apache.aries.versioning.plugin:0.3.0:version-check (default-verify) @ org.apache.aries.blueprint.testbundleb ---
[INFO] All package or bundle versions are semanticly versioned correctly.
[INFO] 
[INFO] --- ianal-maven-plugin:1.0-alpha-1:verify-legal-files (default) @ org.apache.aries.blueprint.testbundleb ---
[INFO] Checking legal files in: org.apache.aries.blueprint.testbundleb-1.0.2-SNAPSHOT.jar
[INFO] 
[INFO] --- maven-install-plugin:2.5.1:install (default-install) @ org.apache.aries.blueprint.testbundleb ---
[INFO] Installing /app/source/blueprint/blueprint-testbundleb/target/org.apache.aries.blueprint.testbundleb-1.0.2-SNAPSHOT.jar to /root/.m2/repository/org/apache/aries/blueprint/org.apache.aries.blueprint.testbundleb/1.0.2-SNAPSHOT/org.apache.aries.blueprint.testbundleb-1.0.2-SNAPSHOT.jar
[INFO] Installing /app/source/blueprint/blueprint-testbundleb/pom.xml to /root/.m2/repository/org/apache/aries/blueprint/org.apache.aries.blueprint.testbundleb/1.0.2-SNAPSHOT/org.apache.aries.blueprint.testbundleb-1.0.2-SNAPSHOT.pom
[INFO] 
[INFO] --- maven-bundle-plugin:2.5.0:install (default-install) @ org.apache.aries.blueprint.testbundleb ---
[INFO] Installing org/apache/aries/blueprint/org.apache.aries.blueprint.testbundleb/1.0.2-SNAPSHOT/org.apache.aries.blueprint.testbundleb-1.0.2-SNAPSHOT.jar
[INFO] Writing OBR metadata
[INFO] 
[INFO] --< org.apache.aries.blueprint:org.apache.aries.blueprint.testbundlee >--
[INFO] Building Apache Aries Blueprint Test Bundle E 1.0.0-SNAPSHOT     [14/17]
[INFO] -------------------------------[ bundle ]-------------------------------
[INFO] 
[INFO] --- maven-clean-plugin:2.5:clean (default-clean) @ org.apache.aries.blueprint.testbundlee ---
[INFO] Deleting /app/source/blueprint/blueprint-testbundlee/target
[INFO] 
[INFO] --- maven-enforcer-plugin:1.3.1:enforce (default) @ org.apache.aries.blueprint.testbundlee ---
[INFO] Skipping Rule Enforcement.
[INFO] 
[INFO] --- maven-remote-resources-plugin:1.5:process (default) @ org.apache.aries.blueprint.testbundlee ---
[INFO] 
[INFO] --- maven-resources-plugin:2.6:resources (default-resources) @ org.apache.aries.blueprint.testbundlee ---
[INFO] Using 'UTF-8' encoding to copy filtered resources.
[INFO] Copying 1 resource
[INFO] skip non existing resourceDirectory /app/source/blueprint/blueprint-testbundlee/src/main/filtered-resources
[INFO] Copying 0 resource
[INFO] Copying 3 resources
[INFO] 
[INFO] --- maven-compiler-plugin:3.1:compile (default-compile) @ org.apache.aries.blueprint.testbundlee ---
[INFO] Changes detected - recompiling the module!
[INFO] Compiling 5 source files to /app/source/blueprint/blueprint-testbundlee/target/classes
[WARNING] bootstrap class path not set in conjunction with -source 1.6
[INFO] 
[INFO] --- maven-resources-plugin:2.6:testResources (default-testResources) @ org.apache.aries.blueprint.testbundlee ---
[INFO] Not copying test resources
[INFO] 
[INFO] --- maven-compiler-plugin:3.1:testCompile (default-testCompile) @ org.apache.aries.blueprint.testbundlee ---
[INFO] Not compiling test sources
[INFO] 
[INFO] --- maven-surefire-plugin:2.16:test (default-test) @ org.apache.aries.blueprint.testbundlee ---
[INFO] Tests are skipped.
[INFO] 
[INFO] --- maven-bundle-plugin:2.5.0:bundle (default-bundle) @ org.apache.aries.blueprint.testbundlee ---
[WARNING] Bundle org.apache.aries.blueprint:org.apache.aries.blueprint.testbundlee:bundle:1.0.0-SNAPSHOT : Unused Import-Package instructions: [org.apache.aries.*] 
[INFO] 
[INFO] --- maven-site-plugin:3.3:attach-descriptor (attach-descriptor) @ org.apache.aries.blueprint.testbundlee ---
[INFO] 
[INFO] --- org.apache.aries.versioning.plugin:0.3.0:version-check (default-verify) @ org.apache.aries.blueprint.testbundlee ---
[INFO] 
[INFO] --- ianal-maven-plugin:1.0-alpha-1:verify-legal-files (default) @ org.apache.aries.blueprint.testbundlee ---
[INFO] Checking legal files in: org.apache.aries.blueprint.testbundlee-1.0.0-SNAPSHOT.jar
[INFO] 
[INFO] --- maven-install-plugin:2.5.1:install (default-install) @ org.apache.aries.blueprint.testbundlee ---
[INFO] Installing /app/source/blueprint/blueprint-testbundlee/target/org.apache.aries.blueprint.testbundlee-1.0.0-SNAPSHOT.jar to /root/.m2/repository/org/apache/aries/blueprint/org.apache.aries.blueprint.testbundlee/1.0.0-SNAPSHOT/org.apache.aries.blueprint.testbundlee-1.0.0-SNAPSHOT.jar
[INFO] Installing /app/source/blueprint/blueprint-testbundlee/pom.xml to /root/.m2/repository/org/apache/aries/blueprint/org.apache.aries.blueprint.testbundlee/1.0.0-SNAPSHOT/org.apache.aries.blueprint.testbundlee-1.0.0-SNAPSHOT.pom
[INFO] 
[INFO] --- maven-bundle-plugin:2.5.0:install (default-install) @ org.apache.aries.blueprint.testbundlee ---
[INFO] Installing org/apache/aries/blueprint/org.apache.aries.blueprint.testbundlee/1.0.0-SNAPSHOT/org.apache.aries.blueprint.testbundlee-1.0.0-SNAPSHOT.jar
[INFO] Writing OBR metadata
[INFO] 
[INFO] --< org.apache.aries.blueprint:org.apache.aries.blueprint.testbundles >--
[INFO] Building Apache Aries Blueprint Test Bundle S 1.0.0-SNAPSHOT     [15/17]
[INFO] -------------------------------[ bundle ]-------------------------------
[INFO] 
[INFO] --- maven-clean-plugin:2.5:clean (default-clean) @ org.apache.aries.blueprint.testbundles ---
[INFO] Deleting /app/source/blueprint/blueprint-testbundles/target
[INFO] 
[INFO] --- maven-enforcer-plugin:1.3.1:enforce (default) @ org.apache.aries.blueprint.testbundles ---
[INFO] Skipping Rule Enforcement.
[INFO] 
[INFO] --- maven-remote-resources-plugin:1.5:process (default) @ org.apache.aries.blueprint.testbundles ---
[INFO] 
[INFO] --- maven-resources-plugin:2.6:resources (default-resources) @ org.apache.aries.blueprint.testbundles ---
[INFO] Using 'UTF-8' encoding to copy filtered resources.
[INFO] Copying 2 resources
[INFO] skip non existing resourceDirectory /app/source/blueprint/blueprint-testbundles/src/main/filtered-resources
[INFO] Copying 0 resource
[INFO] Copying 3 resources
[INFO] 
[INFO] --- maven-compiler-plugin:3.1:compile (default-compile) @ org.apache.aries.blueprint.testbundles ---
[INFO] Changes detected - recompiling the module!
[INFO] Compiling 5 source files to /app/source/blueprint/blueprint-testbundles/target/classes
[WARNING] bootstrap class path not set in conjunction with -source 1.6
[INFO] 
[INFO] --- maven-resources-plugin:2.6:testResources (default-testResources) @ org.apache.aries.blueprint.testbundles ---
[INFO] Not copying test resources
[INFO] 
[INFO] --- maven-compiler-plugin:3.1:testCompile (default-testCompile) @ org.apache.aries.blueprint.testbundles ---
[INFO] Not compiling test sources
[INFO] 
[INFO] --- maven-surefire-plugin:2.16:test (default-test) @ org.apache.aries.blueprint.testbundles ---
[INFO] Tests are skipped.
[INFO] 
[INFO] --- maven-bundle-plugin:2.5.0:bundle (default-bundle) @ org.apache.aries.blueprint.testbundles ---
[WARNING] Bundle org.apache.aries.blueprint:org.apache.aries.blueprint.testbundles:bundle:1.0.0-SNAPSHOT : Unused Import-Package instructions: [org.apache.aries.*] 
[INFO] 
[INFO] --- maven-site-plugin:3.3:attach-descriptor (attach-descriptor) @ org.apache.aries.blueprint.testbundles ---
[INFO] 
[INFO] --- org.apache.aries.versioning.plugin:0.3.0:version-check (default-verify) @ org.apache.aries.blueprint.testbundles ---
[INFO] 
[INFO] --- ianal-maven-plugin:1.0-alpha-1:verify-legal-files (default) @ org.apache.aries.blueprint.testbundles ---
[INFO] Checking legal files in: org.apache.aries.blueprint.testbundles-1.0.0-SNAPSHOT.jar
[INFO] 
[INFO] --- maven-install-plugin:2.5.1:install (default-install) @ org.apache.aries.blueprint.testbundles ---
[INFO] Installing /app/source/blueprint/blueprint-testbundles/target/org.apache.aries.blueprint.testbundles-1.0.0-SNAPSHOT.jar to /root/.m2/repository/org/apache/aries/blueprint/org.apache.aries.blueprint.testbundles/1.0.0-SNAPSHOT/org.apache.aries.blueprint.testbundles-1.0.0-SNAPSHOT.jar
[INFO] Installing /app/source/blueprint/blueprint-testbundles/pom.xml to /root/.m2/repository/org/apache/aries/blueprint/org.apache.aries.blueprint.testbundles/1.0.0-SNAPSHOT/org.apache.aries.blueprint.testbundles-1.0.0-SNAPSHOT.pom
[INFO] 
[INFO] --- maven-bundle-plugin:2.5.0:install (default-install) @ org.apache.aries.blueprint.testbundles ---
[INFO] Installing org/apache/aries/blueprint/org.apache.aries.blueprint.testbundles/1.0.0-SNAPSHOT/org.apache.aries.blueprint.testbundles-1.0.0-SNAPSHOT.jar
[INFO] Writing OBR metadata
[INFO] 
[INFO] --< org.apache.aries.blueprint:org.apache.aries.blueprint.testquiescebundle >--
[INFO] Building Apache Aries Blueprint Test Quiesce Bundle 1.0.1-SNAPSHOT [16/17]
[INFO] -------------------------------[ bundle ]-------------------------------
[INFO] 
[INFO] --- maven-clean-plugin:2.5:clean (default-clean) @ org.apache.aries.blueprint.testquiescebundle ---
[INFO] Deleting /app/source/blueprint/blueprint-testquiescebundle/target
[INFO] 
[INFO] --- maven-enforcer-plugin:1.3.1:enforce (default) @ org.apache.aries.blueprint.testquiescebundle ---
[INFO] Skipping Rule Enforcement.
[INFO] 
[INFO] --- maven-remote-resources-plugin:1.5:process (default) @ org.apache.aries.blueprint.testquiescebundle ---
[INFO] 
[INFO] --- maven-resources-plugin:2.6:resources (default-resources) @ org.apache.aries.blueprint.testquiescebundle ---
[INFO] Using 'UTF-8' encoding to copy filtered resources.
[INFO] Copying 1 resource
[INFO] skip non existing resourceDirectory /app/source/blueprint/blueprint-testquiescebundle/src/main/filtered-resources
[INFO] Copying 0 resource
[INFO] Copying 3 resources
[INFO] 
[INFO] --- maven-compiler-plugin:3.1:compile (default-compile) @ org.apache.aries.blueprint.testquiescebundle ---
[INFO] Changes detected - recompiling the module!
[INFO] Compiling 2 source files to /app/source/blueprint/blueprint-testquiescebundle/target/classes
[WARNING] bootstrap class path not set in conjunction with -source 1.6
[INFO] 
[INFO] --- maven-resources-plugin:2.6:testResources (default-testResources) @ org.apache.aries.blueprint.testquiescebundle ---
[INFO] Not copying test resources
[INFO] 
[INFO] --- maven-compiler-plugin:3.1:testCompile (default-testCompile) @ org.apache.aries.blueprint.testquiescebundle ---
[INFO] Not compiling test sources
[INFO] 
[INFO] --- maven-surefire-plugin:2.16:test (default-test) @ org.apache.aries.blueprint.testquiescebundle ---
[INFO] Tests are skipped.
[INFO] 
[INFO] --- maven-bundle-plugin:2.5.0:bundle (default-bundle) @ org.apache.aries.blueprint.testquiescebundle ---
[INFO] 
[INFO] --- maven-site-plugin:3.3:attach-descriptor (attach-descriptor) @ org.apache.aries.blueprint.testquiescebundle ---
[INFO] 
[INFO] --- org.apache.aries.versioning.plugin:0.3.0:version-check (default-verify) @ org.apache.aries.blueprint.testquiescebundle ---
[INFO] All package or bundle versions are semanticly versioned correctly.
[INFO] 
[INFO] --- ianal-maven-plugin:1.0-alpha-1:verify-legal-files (default) @ org.apache.aries.blueprint.testquiescebundle ---
[INFO] Checking legal files in: org.apache.aries.blueprint.testquiescebundle-1.0.1-SNAPSHOT.jar
[INFO] 
[INFO] --- maven-install-plugin:2.5.1:install (default-install) @ org.apache.aries.blueprint.testquiescebundle ---
[INFO] Installing /app/source/blueprint/blueprint-testquiescebundle/target/org.apache.aries.blueprint.testquiescebundle-1.0.1-SNAPSHOT.jar to /root/.m2/repository/org/apache/aries/blueprint/org.apache.aries.blueprint.testquiescebundle/1.0.1-SNAPSHOT/org.apache.aries.blueprint.testquiescebundle-1.0.1-SNAPSHOT.jar
[INFO] Installing /app/source/blueprint/blueprint-testquiescebundle/pom.xml to /root/.m2/repository/org/apache/aries/blueprint/org.apache.aries.blueprint.testquiescebundle/1.0.1-SNAPSHOT/org.apache.aries.blueprint.testquiescebundle-1.0.1-SNAPSHOT.pom
[INFO] 
[INFO] --- maven-bundle-plugin:2.5.0:install (default-install) @ org.apache.aries.blueprint.testquiescebundle ---
[INFO] Installing org/apache/aries/blueprint/org.apache.aries.blueprint.testquiescebundle/1.0.1-SNAPSHOT/org.apache.aries.blueprint.testquiescebundle-1.0.1-SNAPSHOT.jar
[INFO] Writing OBR metadata
[INFO] 
[INFO] ----< org.apache.aries.blueprint:org.apache.aries.blueprint.itests >----
[INFO] Building Apache Aries Blueprint iTests 1.0.2-SNAPSHOT            [17/17]
[INFO] --------------------------------[ jar ]---------------------------------
[INFO] 
[INFO] --- maven-clean-plugin:2.5:clean (default-clean) @ org.apache.aries.blueprint.itests ---
[INFO] Deleting /app/source/blueprint/blueprint-itests/target
[INFO] 
[INFO] --- maven-enforcer-plugin:1.3.1:enforce (default) @ org.apache.aries.blueprint.itests ---
[INFO] Skipping Rule Enforcement.
[INFO] 
[INFO] --- maven-remote-resources-plugin:1.5:process (default) @ org.apache.aries.blueprint.itests ---
[INFO] 
[INFO] --- maven-paxexam-plugin:1.2.3:generate-depends-file (generate-config) @ org.apache.aries.blueprint.itests ---
[INFO] Created: /app/source/blueprint/blueprint-itests/target/classes/META-INF/maven/dependencies.properties
[INFO] 
[INFO] --- maven-resources-plugin:2.6:resources (default-resources) @ org.apache.aries.blueprint.itests ---
[INFO] Using 'UTF-8' encoding to copy filtered resources.
[INFO] skip non existing resourceDirectory /app/source/blueprint/blueprint-itests/src/main/resources
[INFO] skip non existing resourceDirectory /app/source/blueprint/blueprint-itests/src/main/filtered-resources
[INFO] skip non existing resourceDirectory /app/source/blueprint/blueprint-itests/src/main/java
[INFO] Copying 3 resources
[INFO] 
[INFO] --- maven-compiler-plugin:3.1:compile (default-compile) @ org.apache.aries.blueprint.itests ---
[INFO] No sources to compile
[INFO] 
[INFO] --- maven-resources-plugin:2.6:testResources (default-testResources) @ org.apache.aries.blueprint.itests ---
[INFO] Not copying test resources
[INFO] 
[INFO] --- maven-compiler-plugin:3.1:testCompile (default-testCompile) @ org.apache.aries.blueprint.itests ---
[INFO] Not compiling test sources
[INFO] 
[INFO] --- maven-surefire-plugin:2.16:test (default-test) @ org.apache.aries.blueprint.itests ---
[INFO] Tests are skipped.
[INFO] 
[INFO] --- maven-jar-plugin:2.4:jar (default-jar) @ org.apache.aries.blueprint.itests ---
[INFO] Building jar: /app/source/blueprint/blueprint-itests/target/org.apache.aries.blueprint.itests-1.0.2-SNAPSHOT.jar
[INFO] 
[INFO] --- maven-site-plugin:3.3:attach-descriptor (attach-descriptor) @ org.apache.aries.blueprint.itests ---
[INFO] 
[INFO] --- org.apache.aries.versioning.plugin:0.3.0:version-check (default-verify) @ org.apache.aries.blueprint.itests ---
[INFO] /app/source/blueprint/blueprint-itests/target/org.apache.aries.blueprint.itests-1.0.2-SNAPSHOT.jar is not an OSGi bundle, skipping.
[INFO] 
[INFO] --- ianal-maven-plugin:1.0-alpha-1:verify-legal-files (default) @ org.apache.aries.blueprint.itests ---
[INFO] Checking legal files in: org.apache.aries.blueprint.itests-1.0.2-SNAPSHOT.jar
[INFO] 
[INFO] --- maven-install-plugin:2.5.1:install (default-install) @ org.apache.aries.blueprint.itests ---
[INFO] Installing /app/source/blueprint/blueprint-itests/target/org.apache.aries.blueprint.itests-1.0.2-SNAPSHOT.jar to /root/.m2/repository/org/apache/aries/blueprint/org.apache.aries.blueprint.itests/1.0.2-SNAPSHOT/org.apache.aries.blueprint.itests-1.0.2-SNAPSHOT.jar
[INFO] Installing /app/source/blueprint/blueprint-itests/pom.xml to /root/.m2/repository/org/apache/aries/blueprint/org.apache.aries.blueprint.itests/1.0.2-SNAPSHOT/org.apache.aries.blueprint.itests-1.0.2-SNAPSHOT.pom
[INFO] ------------------------------------------------------------------------
[INFO] Reactor Summary:
[INFO] 
[INFO] Apache Aries Unit Test Support 2.0.0-SNAPSHOT ...... SUCCESS [  2.310 s]
[INFO] Apache Aries Blueprint Parser 1.5.0-SNAPSHOT ....... SUCCESS [  1.235 s]
[INFO] Apache Aries Blueprint Core 1.6.3-SNAPSHOT ......... SUCCESS [  1.722 s]
[INFO] Apache Aries Blueprint CM 1.0.9-SNAPSHOT ........... SUCCESS [  0.295 s]
[INFO] Apache Aries Blueprint JEXL evaluator 1.0.1-SNAPSHOT SUCCESS [  0.148 s]
[INFO] Apache Aries Blueprint Sample 1.0.1-SNAPSHOT ....... SUCCESS [  0.167 s]
[INFO] Apache Aries Blueprint Annotation API 1.0.2-SNAPSHOT SUCCESS [  0.119 s]
[INFO] Apache Aries Blueprint Annotation based authorization 1.0.1-SNAPSHOT SUCCESS [  0.114 s]
[INFO] Apache Aries Blueprint Spring Support 1.0.0-SNAPSHOT SUCCESS [  0.227 s]
[INFO] Apache Aries Blueprint Spring Extender Support 1.0.0-SNAPSHOT SUCCESS [  0.222 s]
[INFO] Apache Aries Blueprint Sample for Testing Annotation 1.1.0-SNAPSHOT SUCCESS [  0.144 s]
[INFO] Apache Aries Blueprint Test Bundle A 1.1.0-SNAPSHOT  SUCCESS [  0.190 s]
[INFO] Apache Aries Blueprint Test Bundle B 1.0.2-SNAPSHOT  SUCCESS [  0.221 s]
[INFO] Apache Aries Blueprint Test Bundle E 1.0.0-SNAPSHOT  SUCCESS [  0.218 s]
[INFO] Apache Aries Blueprint Test Bundle S 1.0.0-SNAPSHOT  SUCCESS [  0.183 s]
[INFO] Apache Aries Blueprint Test Quiesce Bundle 1.0.1-SNAPSHOT SUCCESS [  0.200 s]
[INFO] Apache Aries Blueprint iTests 1.0.2-SNAPSHOT ....... SUCCESS [  0.601 s]
[INFO] ------------------------------------------------------------------------
[INFO] BUILD SUCCESS
[INFO] ------------------------------------------------------------------------
[INFO] Total time:  10.932 s
[INFO] Finished at: 2026-03-26T11:05:08Z
[INFO] ------------------------------------------------------------------------
[INFO] Scanning for projects...
[WARNING] 
[WARNING] Some problems were encountered while building the effective model for org.apache.aries.blueprint:org.apache.aries.blueprint.itests:jar:1.0.2-SNAPSHOT
[WARNING] 'dependencies.dependency.(groupId:artifactId:type:classifier)' must be unique: org.apache.aries.blueprint:org.apache.aries.blueprint.spring:jar -> duplicate declaration of version 1.0.0-SNAPSHOT @ line 90, column 21
[WARNING] 
[WARNING] It is highly recommended to fix these problems because they threaten the stability of your build.
[WARNING] 
[WARNING] For this reason, future Maven versions might no longer support building such malformed projects.
[WARNING] 
[INFO] 
[INFO] ----< org.apache.aries.blueprint:org.apache.aries.blueprint.itests >----
[INFO] Building Apache Aries Blueprint iTests 1.0.2-SNAPSHOT
[INFO] --------------------------------[ jar ]---------------------------------
[INFO] 
[INFO] --- maven-enforcer-plugin:1.3.1:enforce (default) @ org.apache.aries.blueprint.itests ---
[INFO] Skipping Rule Enforcement.
[INFO] 
[INFO] --- maven-remote-resources-plugin:1.5:process (default) @ org.apache.aries.blueprint.itests ---
[INFO] 
[INFO] --- maven-paxexam-plugin:1.2.3:generate-depends-file (generate-config) @ org.apache.aries.blueprint.itests ---
[INFO] Created: /app/source/blueprint/blueprint-itests/target/classes/META-INF/maven/dependencies.properties
[INFO] 
[INFO] --- maven-resources-plugin:2.6:resources (default-resources) @ org.apache.aries.blueprint.itests ---
[INFO] Using 'UTF-8' encoding to copy filtered resources.
[INFO] skip non existing resourceDirectory /app/source/blueprint/blueprint-itests/src/main/resources
[INFO] skip non existing resourceDirectory /app/source/blueprint/blueprint-itests/src/main/filtered-resources
[INFO] skip non existing resourceDirectory /app/source/blueprint/blueprint-itests/src/main/java
[INFO] Copying 3 resources
[INFO] 
[INFO] --- maven-compiler-plugin:3.1:compile (default-compile) @ org.apache.aries.blueprint.itests ---
[INFO] No sources to compile
[INFO] 
[INFO] --- maven-resources-plugin:2.6:testResources (default-testResources) @ org.apache.aries.blueprint.itests ---
[INFO] Using 'UTF-8' encoding to copy filtered resources.
[INFO] Copying 13 resources
[INFO] skip non existing resourceDirectory /app/source/blueprint/blueprint-itests/src/test/filtered-resources
[INFO] Copying 3 resources
[INFO] 
[INFO] --- maven-compiler-plugin:3.1:testCompile (default-testCompile) @ org.apache.aries.blueprint.itests ---
[INFO] Changes detected - recompiling the module!
[INFO] Compiling 40 source files to /app/source/blueprint/blueprint-itests/target/test-classes
[WARNING] bootstrap class path not set in conjunction with -source 1.6
[WARNING] /app/source/blueprint/blueprint-itests/src/test/java/org/apache/aries/blueprint/itests/BlueprintContainerBTCustomizerTest.java:[29,34] org.osgi.service.framework.CompositeBundle in org.osgi.service.framework has been deprecated
[WARNING] /app/source/blueprint/blueprint-itests/src/test/java/org/apache/aries/blueprint/itests/BaseBlueprintContainerBTCustomizerTest.java:[37,34] org.osgi.service.framework.CompositeBundle in org.osgi.service.framework has been deprecated
[WARNING] /app/source/blueprint/blueprint-itests/src/test/java/org/apache/aries/blueprint/itests/BaseBlueprintContainerBTCustomizerTest.java:[38,34] org.osgi.service.framework.CompositeBundleFactory in org.osgi.service.framework has been deprecated
[WARNING] /app/source/blueprint/blueprint-itests/src/test/java/org/apache/aries/blueprint/itests/BlueprintContainer2BTCustomizerTest.java:[30,34] org.osgi.service.framework.CompositeBundle in org.osgi.service.framework has been deprecated
[WARNING] /app/source/blueprint/blueprint-itests/src/test/java/org/apache/aries/blueprint/itests/BlueprintContainerUseSystemContextTest.java: /app/source/blueprint/blueprint-itests/src/test/java/org/apache/aries/blueprint/itests/BlueprintContainerUseSystemContextTest.java uses unchecked or unsafe operations.
[WARNING] /app/source/blueprint/blueprint-itests/src/test/java/org/apache/aries/blueprint/itests/BlueprintContainerUseSystemContextTest.java: Recompile with -Xlint:unchecked for details.
[INFO] 
[INFO] --- maven-surefire-plugin:2.16:test (default-test) @ org.apache.aries.blueprint.itests ---
[WARNING] The parameter forkMode is deprecated since version 2.14. Use forkCount and reuseForks instead.
[INFO] Surefire report directory: /app/source/blueprint/blueprint-itests/target/surefire-reports

-------------------------------------------------------
 T E S T S
-------------------------------------------------------

-------------------------------------------------------
 T E S T S
-------------------------------------------------------
Running org.apache.aries.blueprint.itests.ParserServiceImportXSDsBetweenNamespaceHandlersTest
Tests run: 1, Failures: 0, Errors: 1, Skipped: 0, Time elapsed: 1.756 sec <<< FAILURE! - in org.apache.aries.blueprint.itests.ParserServiceImportXSDsBetweenNamespaceHandlersTest
org.apache.aries.blueprint.itests.ParserServiceImportXSDsBetweenNamespaceHandlersTest  Time elapsed: 1.706 sec  <<< ERROR!
org.ops4j.pax.exam.TestContainerException: Problem starting test container.
	at org.ops4j.pax.exam.nat.internal.NativeTestContainer.start(NativeTestContainer.java:180)
	at org.ops4j.pax.exam.spi.reactors.EagerSingleStagedReactor.setUp(EagerSingleStagedReactor.java:86)
	at org.ops4j.pax.exam.spi.reactors.EagerSingleStagedReactor.beforeClass(EagerSingleStagedReactor.java:136)
	at org.ops4j.pax.exam.spi.reactors.ReactorManager.beforeClass(ReactorManager.java:447)
	at org.ops4j.pax.exam.junit.impl.ProbeRunner.run(ProbeRunner.java:97)
	at org.ops4j.pax.exam.junit.PaxExam.run(PaxExam.java:93)
	at org.apache.maven.surefire.junit4.JUnit4Provider.execute(JUnit4Provider.java:254)
	at org.apache.maven.surefire.junit4.JUnit4Provider.executeTestSet(JUnit4Provider.java:149)
	at org.apache.maven.surefire.junit4.JUnit4Provider.invoke(JUnit4Provider.java:124)
	at org.apache.maven.surefire.booter.ForkedBooter.invokeProviderInSameClassLoader(ForkedBooter.java:200)
	at org.apache.maven.surefire.booter.ForkedBooter.runSuitesInProcess(ForkedBooter.java:153)
	at org.apache.maven.surefire.booter.ForkedBooter.main(ForkedBooter.java:103)
Caused by: org.osgi.framework.BundleException: An error occurred trying to read the bundle
	at org.eclipse.osgi.internal.baseadaptor.BundleInstall.begin(BundleInstall.java:94)
	at org.eclipse.osgi.framework.internal.core.Framework.installWorkerPrivileged(Framework.java:942)
	at org.eclipse.osgi.framework.internal.core.Framework$1.run(Framework.java:846)
	at org.eclipse.osgi.framework.internal.core.Framework$1.run(Framework.java:1)
	at java.security.AccessController.doPrivileged(Native Method)
	at org.eclipse.osgi.framework.internal.core.Framework.installWorker(Framework.java:905)
	at org.eclipse.osgi.framework.internal.core.Framework.installBundle(Framework.java:841)
	at org.eclipse.osgi.framework.internal.core.BundleContextImpl.installBundle(BundleContextImpl.java:137)
	at org.eclipse.osgi.framework.internal.core.BundleContextImpl.installBundle(BundleContextImpl.java:131)
	at org.ops4j.pax.exam.nat.internal.NativeTestContainer.installAndStartBundles(NativeTestContainer.java:308)
	at org.ops4j.pax.exam.nat.internal.NativeTestContainer.start(NativeTestContainer.java:177)
	at org.ops4j.pax.exam.spi.reactors.EagerSingleStagedReactor.setUp(EagerSingleStagedReactor.java:86)
	at org.ops4j.pax.exam.spi.reactors.EagerSingleStagedReactor.beforeClass(EagerSingleStagedReactor.java:136)
	at org.ops4j.pax.exam.spi.reactors.ReactorManager.beforeClass(ReactorManager.java:447)
	at org.ops4j.pax.exam.junit.impl.ProbeRunner.run(ProbeRunner.java:97)
	at org.ops4j.pax.exam.junit.PaxExam.run(PaxExam.java:93)
	at org.apache.maven.surefire.junit4.JUnit4Provider.execute(JUnit4Provider.java:254)
	at org.apache.maven.surefire.junit4.JUnit4Provider.executeTestSet(JUnit4Provider.java:149)
	at org.apache.maven.surefire.junit4.JUnit4Provider.invoke(JUnit4Provider.java:124)
	at org.apache.maven.surefire.booter.ForkedBooter.invokeProviderInSameClassLoader(ForkedBooter.java:200)
	at org.apache.maven.surefire.booter.ForkedBooter.runSuitesInProcess(ForkedBooter.java:153)
	at org.apache.maven.surefire.booter.ForkedBooter.main(ForkedBooter.java:103)
Caused by: java.io.IOException: Error resolving artifact org.ops4j.pax.exam:pax-exam-inject:jar:4.5.0: Could not transfer artifact org.ops4j.pax.exam:pax-exam-inject:jar:4.5.0 from/to central (http://repo1.maven.org/maven2/): Error transferring file: Server returned HTTP response code: 501 for URL: https://repo1.maven.org/501-https-required.html from https://repo1.maven.org/501-https-required.html
	at org.ops4j.pax.url.mvn.internal.AetherBasedResolver.resolve(AetherBasedResolver.java:355)
	at org.ops4j.pax.url.mvn.internal.AetherBasedResolver.resolveFile(AetherBasedResolver.java:313)
	at org.ops4j.pax.url.mvn.internal.AetherBasedResolver.resolve(AetherBasedResolver.java:297)
	at org.ops4j.pax.url.mvn.internal.Connection.getInputStream(Connection.java:131)
	at org.eclipse.osgi.internal.baseadaptor.BundleInstall.begin(BundleInstall.java:56)
	at org.eclipse.osgi.framework.internal.core.Framework.installWorkerPrivileged(Framework.java:942)
	at org.eclipse.osgi.framework.internal.core.Framework$1.run(Framework.java:846)
	at org.eclipse.osgi.framework.internal.core.Framework$1.run(Framework.java:1)
	at java.security.AccessController.doPrivileged(Native Method)
	at org.eclipse.osgi.framework.internal.core.Framework.installWorker(Framework.java:905)
	at org.eclipse.osgi.framework.internal.core.Framework.installBundle(Framework.java:841)
	at org.eclipse.osgi.framework.internal.core.BundleContextImpl.installBundle(BundleContextImpl.java:137)
	at org.eclipse.osgi.framework.internal.core.BundleContextImpl.installBundle(BundleContextImpl.java:131)
	at org.ops4j.pax.exam.nat.internal.NativeTestContainer.installAndStartBundles(NativeTestContainer.java:308)
	at org.ops4j.pax.exam.nat.internal.NativeTestContainer.start(NativeTestContainer.java:177)
	at org.ops4j.pax.exam.spi.reactors.EagerSingleStagedReactor.setUp(EagerSingleStagedReactor.java:86)
	at org.ops4j.pax.exam.spi.reactors.EagerSingleStagedReactor.beforeClass(EagerSingleStagedReactor.java:136)
	at org.ops4j.pax.exam.spi.reactors.ReactorManager.beforeClass(ReactorManager.java:447)
	at org.ops4j.pax.exam.junit.impl.ProbeRunner.run(ProbeRunner.java:97)
	at org.ops4j.pax.exam.junit.PaxExam.run(PaxExam.java:93)
	at org.apache.maven.surefire.junit4.JUnit4Provider.execute(JUnit4Provider.java:254)
	at org.apache.maven.surefire.junit4.JUnit4Provider.executeTestSet(JUnit4Provider.java:149)
	at org.apache.maven.surefire.junit4.JUnit4Provider.invoke(JUnit4Provider.java:124)
	at org.apache.maven.surefire.booter.ForkedBooter.invokeProviderInSameClassLoader(ForkedBooter.java:200)
	at org.apache.maven.surefire.booter.ForkedBooter.runSuitesInProcess(ForkedBooter.java:153)
	at org.apache.maven.surefire.booter.ForkedBooter.main(ForkedBooter.java:103)


Results :

Tests in error: 
  ParserServiceImportXSDsBetweenNamespaceHandlersTest.org.apache.aries.blueprint.itests.ParserServiceImportXSDsBetweenNamespaceHandlersTest » TestContainer

Tests run: 1, Failures: 0, Errors: 1, Skipped: 0

[INFO] ------------------------------------------------------------------------
[INFO] BUILD FAILURE
[INFO] ------------------------------------------------------------------------
[INFO] Total time:  7.314 s
[INFO] Finished at: 2026-03-26T11:05:16Z
[INFO] ------------------------------------------------------------------------
[ERROR] Failed to execute goal org.apache.maven.plugins:maven-surefire-plugin:2.16:test (default-test) on project org.apache.aries.blueprint.itests: There are test failures.
[ERROR] 
[ERROR] Please refer to /app/source/blueprint/blueprint-itests/target/surefire-reports for the individual test results.
[ERROR] -> [Help 1]
[ERROR] 
[ERROR] To see the full stack trace of the errors, re-run Maven with the -e switch.
[ERROR] Re-run Maven using the -X switch to enable full debug logging.
[ERROR] 
[ERROR] For more information about the errors and possible solutions, please read the following articles:
[ERROR] [Help 1] http://cwiki.apache.org/confluence/display/MAVEN/MojoFailureException
