[INFO] Scanning for projects...
[INFO] 
[INFO] ---------------------< edu.illinois.cs:idflakies >----------------------
[INFO] Building iDFlakies 1.2.0-SNAPSHOT
[INFO] --------------------------------[ jar ]---------------------------------
[INFO] 
[INFO] --- maven-resources-plugin:2.6:resources (default-resources) @ idflakies ---
[INFO] Using 'UTF-8' encoding to copy filtered resources.
[INFO] skip non existing resourceDirectory /app/source/iDFlakies/src/main/resources
[INFO] 
[INFO] --- maven-compiler-plugin:3.7.0:compile (default-compile) @ idflakies ---
[INFO] Changes detected - recompiling the module!
[INFO] Compiling 51 source files to /app/source/iDFlakies/target/classes
[INFO] 
[INFO] --- maven-resources-plugin:2.6:testResources (default-testResources) @ idflakies ---
[INFO] Using 'UTF-8' encoding to copy filtered resources.
[INFO] skip non existing resourceDirectory /app/source/iDFlakies/src/test/resources
[INFO] 
[INFO] --- maven-compiler-plugin:3.7.0:testCompile (default-testCompile) @ idflakies ---
[INFO] Changes detected - recompiling the module!
[INFO] Compiling 5 source files to /app/source/iDFlakies/target/test-classes
[INFO] 
[INFO] --- maven-surefire-plugin:2.12.4:test (default-test) @ idflakies ---
[INFO] Tests are skipped.
[INFO] 
[INFO] --- maven-jar-plugin:2.5:jar (default-jar) @ idflakies ---
[INFO] Building jar: /app/source/iDFlakies/target/idflakies-1.2.0-SNAPSHOT.jar
[INFO] 
[INFO] --- maven-install-plugin:2.4:install (default-install) @ idflakies ---
[INFO] Installing /app/source/iDFlakies/target/idflakies-1.2.0-SNAPSHOT.jar to /root/.m2/repository/edu/illinois/cs/idflakies/1.2.0-SNAPSHOT/idflakies-1.2.0-SNAPSHOT.jar
[INFO] Installing /app/source/iDFlakies/pom.xml to /root/.m2/repository/edu/illinois/cs/idflakies/1.2.0-SNAPSHOT/idflakies-1.2.0-SNAPSHOT.pom
[INFO] ------------------------------------------------------------------------
[INFO] BUILD SUCCESS
[INFO] ------------------------------------------------------------------------
[INFO] Total time:  9.184 s
[INFO] Finished at: 2026-03-26T09:48:33Z
[INFO] ------------------------------------------------------------------------
