=== Lint Generator Start ===
ROOT_DIR=/app/source
MODULE_DIR=/app/source/hadoop-yarn-project/hadoop-yarn/hadoop-yarn-applications/hadoop-yarn-services/hadoop-yarn-services-core
module=hadoop-yarn-project/hadoop-yarn/hadoop-yarn-applications/hadoop-yarn-services/hadoop-yarn-services-core
full_test_name=org.apache.hadoop.yarn.service.TestYarnNativeServices#testExpressUpgrade
iterations=1
OUTPUT_DIR=/app/source/flaky-result/lint
test_class=org.apache.hadoop.yarn.service.TestYarnNativeServices
simple_test_class=TestYarnNativeServices
package_name=org.apache.hadoop.yarn.service
package_path=org/apache/hadoop/yarn/service
=== Step 1: locate exact target test file ===
target_file=/app/source/hadoop-yarn-project/hadoop-yarn/hadoop-yarn-applications/hadoop-yarn-services/hadoop-yarn-services-core/src/test/java/org/apache/hadoop/yarn/service/TestYarnNativeServices.java
target_basename=TestYarnNativeServices.java
=== Step 2: create isolated temp project ===
TMP_DIR=/app/source/tmp-checkstyle-2156
Copied target file into isolated temp project
=== Step 3: run Checkstyle inside temp project ===
checkstyle_exit=0
=== Step 4: copy results from temp directory to flaky-result/lint ===
Copied XML report to: /app/source/flaky-result/lint/checkstyle-result.xml
=== Step 5: validate output ===
=== Step 6: summarize result ===
Violation count: 118
Status: VIOLATIONS_FOUND
=== Step 7: final output files ===
/app/source/flaky-result/lint/checkstyle-result.xml
/app/source/flaky-result/lint/checkstyle-stderr.log
/app/source/flaky-result/lint/checkstyle-stdout.log
/app/source/flaky-result/lint/lint.log
/app/source/flaky-result/lint/status.txt
/app/source/flaky-result/lint/tmp-checkstyle-pom.xml
=== Done ===
Deleted temp directory: /app/source/tmp-checkstyle-2156
