=== Lint Generator Start ===
ROOT_DIR=/app/source
MODULE_DIR=/app/source/core
module=core
full_test_name=org.apache.oozie.command.coord.TestCoordActionInputCheckXCommand#testCoordActionInputCheckXCommandUniqueness
iterations=1
OUTPUT_DIR=/app/source/flaky-result/lint
test_class=org.apache.oozie.command.coord.TestCoordActionInputCheckXCommand
simple_test_class=TestCoordActionInputCheckXCommand
package_name=org.apache.oozie.command.coord
package_path=org/apache/oozie/command/coord
=== Step 1: locate exact target test file ===
target_file=/app/source/core/src/test/java/org/apache/oozie/command/coord/TestCoordActionInputCheckXCommand.java
target_basename=TestCoordActionInputCheckXCommand.java
=== Step 2: create isolated temp project ===
TMP_DIR=/app/source/tmp-checkstyle-16954
Copied target file into isolated temp project
=== Step 3: run Checkstyle inside temp project ===
checkstyle_exit=0
=== Step 4: copy results from temp directory to flaky-result/lint ===
Copied XML report to: /app/source/flaky-result/lint/checkstyle-result.xml
=== Step 5: validate output ===
=== Step 6: summarize result ===
Violation count: 476
Status: VIOLATIONS_FOUND
=== Step 7: final output files ===
/app/source/flaky-result/lint/checkstyle-result.xml
/app/source/flaky-result/lint/checkstyle-stderr.log
/app/source/flaky-result/lint/checkstyle-stdout.log
/app/source/flaky-result/lint/lint.log
/app/source/flaky-result/lint/status.txt
/app/source/flaky-result/lint/tmp-checkstyle-pom.xml
=== Done ===
Deleted temp directory: /app/source/tmp-checkstyle-16954
