[INFO] Scanning for projects...
[INFO] ------------------------------------------------------------------------
[INFO] Detecting the operating system and CPU architecture
[INFO] ------------------------------------------------------------------------
[INFO] os.detected.name: linux
[INFO] os.detected.arch: x86_64
[INFO] os.detected.version: 6.17
[INFO] os.detected.version.major: 6
[INFO] os.detected.version.minor: 17
[INFO] os.detected.release: debian
[INFO] os.detected.release.version: 11
[INFO] os.detected.release.like.debian: true
[INFO] os.detected.classifier: linux-x86_64
[INFO] ------------------------------------------------------------------------
[INFO] Reactor Build Order:
[INFO] 
[INFO] Apache Ratis                                                       [pom]
[INFO] Apache Ratis Protocols                                             [jar]
[INFO] Apache Ratis Common                                                [jar]
[INFO] Apache Ratis Client                                                [jar]
[INFO] Apache Ratis Server                                                [jar]
[INFO] Apache Ratis gRPC Support                                          [jar]
[INFO] Apache Ratis Netty Support                                         [jar]
[INFO] Apache Ratis Test                                                  [jar]
[INFO] 
[INFO] -----------------------< org.apache.ratis:ratis >-----------------------
[INFO] Building Apache Ratis 0.4.0-SNAPSHOT                               [1/8]
[INFO] --------------------------------[ pom ]---------------------------------
[INFO] 
[INFO] --- maven-enforcer-plugin:1.4.1:enforce (clean) @ ratis ---
[INFO] Skipping Rule Enforcement.
[INFO] 
[INFO] --- maven-clean-plugin:3.0.0:clean (default-clean) @ ratis ---
[INFO] Deleting /app/source/target
[INFO] 
[INFO] --- maven-enforcer-plugin:1.4.1:enforce (default) @ ratis ---
[INFO] Skipping Rule Enforcement.
[INFO] 
[INFO] --- maven-remote-resources-plugin:1.5:process (process-resource-bundles) @ ratis ---
[INFO] 
[INFO] --- maven-site-plugin:3.5:attach-descriptor (attach-descriptor) @ ratis ---
[INFO] 
[INFO] --- maven-install-plugin:2.5.1:install (default-install) @ ratis ---
[INFO] Installing /app/source/pom.xml to /root/.m2/repository/org/apache/ratis/ratis/0.4.0-SNAPSHOT/ratis-0.4.0-SNAPSHOT.pom
[INFO] 
[INFO] --------------------< org.apache.ratis:ratis-proto >--------------------
[INFO] Building Apache Ratis Protocols 0.4.0-SNAPSHOT                     [2/8]
[INFO] --------------------------------[ jar ]---------------------------------
[INFO] 
[INFO] --- maven-clean-plugin:3.0.0:clean (default-clean) @ ratis-proto ---
[INFO] Deleting /app/source/ratis-proto/target
[INFO] 
[INFO] --- protobuf-maven-plugin:0.5.1:compile (compile-protobuf) @ ratis-proto ---
[INFO] Compiling 6 proto file(s) to /app/source/ratis-proto/target/generated-sources
[INFO] 
[INFO] --- protobuf-maven-plugin:0.5.1:compile-custom (compile-grpc) @ ratis-proto ---
[INFO] Compiling 6 proto file(s) to /app/source/ratis-proto/target/generated-sources
[INFO] 
[INFO] --- replacer:1.5.3:replace (default) @ ratis-proto ---
[INFO] Replacement run on 11 files.
[INFO] 
[INFO] --- maven-remote-resources-plugin:1.5:process (process-resource-bundles) @ ratis-proto ---
[INFO] 
[INFO] --- maven-resources-plugin:2.6:resources (default-resources) @ ratis-proto ---
[INFO] Using 'UTF-8' encoding to copy filtered resources.
[INFO] skip non existing resourceDirectory /app/source/ratis-proto/src/main/resources
[INFO] Copying 6 resources
[INFO] Copying 6 resources
[INFO] Copying 3 resources
[INFO] 
[INFO] --- maven-compiler-plugin:3.7.0:compile (default-compile) @ ratis-proto ---
[INFO] Compiling 11 source files to /app/source/ratis-proto/target/classes
[INFO] 
[INFO] --- maven-jar-plugin:3.0.2:jar (default-jar) @ ratis-proto ---
[INFO] Building jar: /app/source/ratis-proto/target/ratis-proto-0.4.0-SNAPSHOT.jar
[INFO] 
[INFO] --- maven-resources-plugin:2.6:testResources (default-testResources) @ ratis-proto ---
[INFO] Not copying test resources
[INFO] 
[INFO] --- maven-compiler-plugin:3.7.0:testCompile (default-testCompile) @ ratis-proto ---
[INFO] Not compiling test sources
[INFO] 
[INFO] --- maven-surefire-plugin:3.0.0-M1:test (default-test) @ ratis-proto ---
[INFO] Tests are skipped.
[INFO] 
[INFO] --- maven-source-plugin:3.0.0:jar-no-fork (attach-sources) @ ratis-proto ---
[INFO] Building jar: /app/source/ratis-proto/target/ratis-proto-0.4.0-SNAPSHOT-sources.jar
[INFO] 
[INFO] --- maven-jar-plugin:3.0.2:test-jar (default) @ ratis-proto ---
[INFO] Skipping packaging of the test-jar
[INFO] 
[INFO] --- maven-site-plugin:3.5:attach-descriptor (attach-descriptor) @ ratis-proto ---
[INFO] 
[INFO] --- maven-install-plugin:2.5.1:install (default-install) @ ratis-proto ---
[INFO] Installing /app/source/ratis-proto/target/ratis-proto-0.4.0-SNAPSHOT.jar to /root/.m2/repository/org/apache/ratis/ratis-proto/0.4.0-SNAPSHOT/ratis-proto-0.4.0-SNAPSHOT.jar
[INFO] Installing /app/source/ratis-proto/pom.xml to /root/.m2/repository/org/apache/ratis/ratis-proto/0.4.0-SNAPSHOT/ratis-proto-0.4.0-SNAPSHOT.pom
[INFO] Installing /app/source/ratis-proto/target/ratis-proto-0.4.0-SNAPSHOT-sources.jar to /root/.m2/repository/org/apache/ratis/ratis-proto/0.4.0-SNAPSHOT/ratis-proto-0.4.0-SNAPSHOT-sources.jar
[INFO] 
[INFO] -------------------< org.apache.ratis:ratis-common >--------------------
[INFO] Building Apache Ratis Common 0.4.0-SNAPSHOT                        [3/8]
[INFO] --------------------------------[ jar ]---------------------------------
[INFO] 
[INFO] --- maven-clean-plugin:3.0.0:clean (default-clean) @ ratis-common ---
[INFO] Deleting /app/source/ratis-common/target
[INFO] 
[INFO] --- maven-remote-resources-plugin:1.5:process (process-resource-bundles) @ ratis-common ---
[INFO] 
[INFO] --- maven-resources-plugin:2.6:resources (default-resources) @ ratis-common ---
[INFO] Using 'UTF-8' encoding to copy filtered resources.
[INFO] skip non existing resourceDirectory /app/source/ratis-common/src/main/resources
[INFO] Copying 3 resources
[INFO] 
[INFO] --- maven-compiler-plugin:3.7.0:compile (default-compile) @ ratis-common ---
[INFO] Compiling 97 source files to /app/source/ratis-common/target/classes
[INFO] 
[INFO] --- maven-resources-plugin:2.6:testResources (default-testResources) @ ratis-common ---
[INFO] Not copying test resources
[INFO] 
[INFO] --- maven-compiler-plugin:3.7.0:testCompile (default-testCompile) @ ratis-common ---
[INFO] Not compiling test sources
[INFO] 
[INFO] --- maven-surefire-plugin:3.0.0-M1:test (default-test) @ ratis-common ---
[INFO] Tests are skipped.
[INFO] 
[INFO] --- maven-jar-plugin:3.0.2:test-jar (default) @ ratis-common ---
[INFO] Skipping packaging of the test-jar
[INFO] 
[INFO] --- maven-jar-plugin:3.0.2:jar (default-jar) @ ratis-common ---
[INFO] Building jar: /app/source/ratis-common/target/ratis-common-0.4.0-SNAPSHOT.jar
[INFO] 
[INFO] --- maven-site-plugin:3.5:attach-descriptor (attach-descriptor) @ ratis-common ---
[INFO] 
[INFO] --- maven-install-plugin:2.5.1:install (default-install) @ ratis-common ---
[INFO] Installing /app/source/ratis-common/target/ratis-common-0.4.0-SNAPSHOT.jar to /root/.m2/repository/org/apache/ratis/ratis-common/0.4.0-SNAPSHOT/ratis-common-0.4.0-SNAPSHOT.jar
[INFO] Installing /app/source/ratis-common/pom.xml to /root/.m2/repository/org/apache/ratis/ratis-common/0.4.0-SNAPSHOT/ratis-common-0.4.0-SNAPSHOT.pom
[INFO] 
[INFO] -------------------< org.apache.ratis:ratis-client >--------------------
[INFO] Building Apache Ratis Client 0.4.0-SNAPSHOT                        [4/8]
[INFO] --------------------------------[ jar ]---------------------------------
[INFO] 
[INFO] --- maven-clean-plugin:3.0.0:clean (default-clean) @ ratis-client ---
[INFO] Deleting /app/source/ratis-client/target
[INFO] 
[INFO] --- maven-remote-resources-plugin:1.5:process (process-resource-bundles) @ ratis-client ---
[INFO] 
[INFO] --- maven-resources-plugin:2.6:resources (default-resources) @ ratis-client ---
[INFO] Using 'UTF-8' encoding to copy filtered resources.
[INFO] skip non existing resourceDirectory /app/source/ratis-client/src/main/resources
[INFO] Copying 3 resources
[INFO] 
[INFO] --- maven-compiler-plugin:3.7.0:compile (default-compile) @ ratis-client ---
[INFO] Compiling 10 source files to /app/source/ratis-client/target/classes
[INFO] 
[INFO] --- maven-resources-plugin:2.6:testResources (default-testResources) @ ratis-client ---
[INFO] Not copying test resources
[INFO] 
[INFO] --- maven-compiler-plugin:3.7.0:testCompile (default-testCompile) @ ratis-client ---
[INFO] Not compiling test sources
[INFO] 
[INFO] --- maven-surefire-plugin:3.0.0-M1:test (default-test) @ ratis-client ---
[INFO] Tests are skipped.
[INFO] 
[INFO] --- maven-jar-plugin:3.0.2:test-jar (default) @ ratis-client ---
[INFO] Skipping packaging of the test-jar
[INFO] 
[INFO] --- maven-jar-plugin:3.0.2:jar (default-jar) @ ratis-client ---
[INFO] Building jar: /app/source/ratis-client/target/ratis-client-0.4.0-SNAPSHOT.jar
[INFO] 
[INFO] --- maven-site-plugin:3.5:attach-descriptor (attach-descriptor) @ ratis-client ---
[INFO] 
[INFO] --- maven-install-plugin:2.5.1:install (default-install) @ ratis-client ---
[INFO] Installing /app/source/ratis-client/target/ratis-client-0.4.0-SNAPSHOT.jar to /root/.m2/repository/org/apache/ratis/ratis-client/0.4.0-SNAPSHOT/ratis-client-0.4.0-SNAPSHOT.jar
[INFO] Installing /app/source/ratis-client/pom.xml to /root/.m2/repository/org/apache/ratis/ratis-client/0.4.0-SNAPSHOT/ratis-client-0.4.0-SNAPSHOT.pom
[INFO] 
[INFO] -------------------< org.apache.ratis:ratis-server >--------------------
[INFO] Building Apache Ratis Server 0.4.0-SNAPSHOT                        [5/8]
[INFO] --------------------------------[ jar ]---------------------------------
[INFO] 
[INFO] --- maven-clean-plugin:3.0.0:clean (default-clean) @ ratis-server ---
[INFO] Deleting /app/source/ratis-server/target
[INFO] 
[INFO] --- maven-remote-resources-plugin:1.5:process (process-resource-bundles) @ ratis-server ---
[INFO] 
[INFO] --- maven-resources-plugin:2.6:resources (default-resources) @ ratis-server ---
[INFO] Using 'UTF-8' encoding to copy filtered resources.
[INFO] skip non existing resourceDirectory /app/source/ratis-server/src/main/resources
[INFO] Copying 3 resources
[INFO] 
[INFO] --- maven-compiler-plugin:3.7.0:compile (default-compile) @ ratis-server ---
[INFO] Compiling 60 source files to /app/source/ratis-server/target/classes
[INFO] 
[INFO] --- maven-resources-plugin:2.6:testResources (default-testResources) @ ratis-server ---
[INFO] Not copying test resources
[INFO] 
[INFO] --- maven-compiler-plugin:3.7.0:testCompile (default-testCompile) @ ratis-server ---
[INFO] Not compiling test sources
[INFO] 
[INFO] --- maven-surefire-plugin:3.0.0-M1:test (default-test) @ ratis-server ---
[INFO] Tests are skipped.
[INFO] 
[INFO] --- maven-jar-plugin:3.0.2:test-jar (default) @ ratis-server ---
[INFO] Skipping packaging of the test-jar
[INFO] 
[INFO] --- maven-jar-plugin:3.0.2:jar (default-jar) @ ratis-server ---
[INFO] Building jar: /app/source/ratis-server/target/ratis-server-0.4.0-SNAPSHOT.jar
[INFO] 
[INFO] --- maven-site-plugin:3.5:attach-descriptor (attach-descriptor) @ ratis-server ---
[INFO] 
[INFO] --- maven-install-plugin:2.5.1:install (default-install) @ ratis-server ---
[INFO] Installing /app/source/ratis-server/target/ratis-server-0.4.0-SNAPSHOT.jar to /root/.m2/repository/org/apache/ratis/ratis-server/0.4.0-SNAPSHOT/ratis-server-0.4.0-SNAPSHOT.jar
[INFO] Installing /app/source/ratis-server/pom.xml to /root/.m2/repository/org/apache/ratis/ratis-server/0.4.0-SNAPSHOT/ratis-server-0.4.0-SNAPSHOT.pom
[INFO] 
[INFO] --------------------< org.apache.ratis:ratis-grpc >---------------------
[INFO] Building Apache Ratis gRPC Support 0.4.0-SNAPSHOT                  [6/8]
[INFO] --------------------------------[ jar ]---------------------------------
[INFO] 
[INFO] --- maven-clean-plugin:3.0.0:clean (default-clean) @ ratis-grpc ---
[INFO] Deleting /app/source/ratis-grpc/target
[INFO] 
[INFO] --- maven-remote-resources-plugin:1.5:process (process-resource-bundles) @ ratis-grpc ---
[INFO] 
[INFO] --- maven-resources-plugin:2.6:resources (default-resources) @ ratis-grpc ---
[INFO] Using 'UTF-8' encoding to copy filtered resources.
[INFO] skip non existing resourceDirectory /app/source/ratis-grpc/src/main/resources
[INFO] Copying 3 resources
[INFO] 
[INFO] --- maven-compiler-plugin:3.7.0:compile (default-compile) @ ratis-grpc ---
[INFO] Compiling 15 source files to /app/source/ratis-grpc/target/classes
[INFO] 
[INFO] --- maven-resources-plugin:2.6:testResources (default-testResources) @ ratis-grpc ---
[INFO] Not copying test resources
[INFO] 
[INFO] --- maven-compiler-plugin:3.7.0:testCompile (default-testCompile) @ ratis-grpc ---
[INFO] Not compiling test sources
[INFO] 
[INFO] --- maven-surefire-plugin:3.0.0-M1:test (default-test) @ ratis-grpc ---
[INFO] Tests are skipped.
[INFO] 
[INFO] --- maven-jar-plugin:3.0.2:test-jar (default) @ ratis-grpc ---
[INFO] Skipping packaging of the test-jar
[INFO] 
[INFO] --- maven-jar-plugin:3.0.2:jar (default-jar) @ ratis-grpc ---
[INFO] Building jar: /app/source/ratis-grpc/target/ratis-grpc-0.4.0-SNAPSHOT.jar
[INFO] 
[INFO] --- maven-site-plugin:3.5:attach-descriptor (attach-descriptor) @ ratis-grpc ---
[INFO] 
[INFO] --- maven-install-plugin:2.5.1:install (default-install) @ ratis-grpc ---
[INFO] Installing /app/source/ratis-grpc/target/ratis-grpc-0.4.0-SNAPSHOT.jar to /root/.m2/repository/org/apache/ratis/ratis-grpc/0.4.0-SNAPSHOT/ratis-grpc-0.4.0-SNAPSHOT.jar
[INFO] Installing /app/source/ratis-grpc/pom.xml to /root/.m2/repository/org/apache/ratis/ratis-grpc/0.4.0-SNAPSHOT/ratis-grpc-0.4.0-SNAPSHOT.pom
[INFO] 
[INFO] --------------------< org.apache.ratis:ratis-netty >--------------------
[INFO] Building Apache Ratis Netty Support 0.4.0-SNAPSHOT                 [7/8]
[INFO] --------------------------------[ jar ]---------------------------------
[INFO] 
[INFO] --- maven-clean-plugin:3.0.0:clean (default-clean) @ ratis-netty ---
[INFO] Deleting /app/source/ratis-netty/target
[INFO] 
[INFO] --- maven-remote-resources-plugin:1.5:process (process-resource-bundles) @ ratis-netty ---
[INFO] 
[INFO] --- maven-resources-plugin:2.6:resources (default-resources) @ ratis-netty ---
[INFO] Using 'UTF-8' encoding to copy filtered resources.
[INFO] skip non existing resourceDirectory /app/source/ratis-netty/src/main/resources
[INFO] Copying 3 resources
[INFO] 
[INFO] --- maven-compiler-plugin:3.7.0:compile (default-compile) @ ratis-netty ---
[INFO] Compiling 6 source files to /app/source/ratis-netty/target/classes
[INFO] 
[INFO] --- maven-resources-plugin:2.6:testResources (default-testResources) @ ratis-netty ---
[INFO] Not copying test resources
[INFO] 
[INFO] --- maven-compiler-plugin:3.7.0:testCompile (default-testCompile) @ ratis-netty ---
[INFO] Not compiling test sources
[INFO] 
[INFO] --- maven-surefire-plugin:3.0.0-M1:test (default-test) @ ratis-netty ---
[INFO] Tests are skipped.
[INFO] 
[INFO] --- maven-jar-plugin:3.0.2:test-jar (default) @ ratis-netty ---
[INFO] Skipping packaging of the test-jar
[INFO] 
[INFO] --- maven-jar-plugin:3.0.2:jar (default-jar) @ ratis-netty ---
[INFO] Building jar: /app/source/ratis-netty/target/ratis-netty-0.4.0-SNAPSHOT.jar
[INFO] 
[INFO] --- maven-site-plugin:3.5:attach-descriptor (attach-descriptor) @ ratis-netty ---
[INFO] 
[INFO] --- maven-install-plugin:2.5.1:install (default-install) @ ratis-netty ---
[INFO] Installing /app/source/ratis-netty/target/ratis-netty-0.4.0-SNAPSHOT.jar to /root/.m2/repository/org/apache/ratis/ratis-netty/0.4.0-SNAPSHOT/ratis-netty-0.4.0-SNAPSHOT.jar
[INFO] Installing /app/source/ratis-netty/pom.xml to /root/.m2/repository/org/apache/ratis/ratis-netty/0.4.0-SNAPSHOT/ratis-netty-0.4.0-SNAPSHOT.pom
[INFO] 
[INFO] --------------------< org.apache.ratis:ratis-test >---------------------
[INFO] Building Apache Ratis Test 0.4.0-SNAPSHOT                          [8/8]
[INFO] --------------------------------[ jar ]---------------------------------
[INFO] 
[INFO] --- maven-clean-plugin:3.0.0:clean (default-clean) @ ratis-test ---
[INFO] Deleting /app/source/ratis-test/target
[INFO] 
[INFO] --- maven-remote-resources-plugin:1.5:process (process-resource-bundles) @ ratis-test ---
[INFO] 
[INFO] --- maven-resources-plugin:2.6:resources (default-resources) @ ratis-test ---
[INFO] Using 'UTF-8' encoding to copy filtered resources.
[INFO] skip non existing resourceDirectory /app/source/ratis-test/src/main/resources
[INFO] Copying 3 resources
[INFO] 
[INFO] --- maven-compiler-plugin:3.7.0:compile (default-compile) @ ratis-test ---
[INFO] No sources to compile
[INFO] 
[INFO] --- maven-resources-plugin:2.6:testResources (default-testResources) @ ratis-test ---
[INFO] Not copying test resources
[INFO] 
[INFO] --- maven-compiler-plugin:3.7.0:testCompile (default-testCompile) @ ratis-test ---
[INFO] Not compiling test sources
[INFO] 
[INFO] --- maven-surefire-plugin:3.0.0-M1:test (default-test) @ ratis-test ---
[INFO] Tests are skipped.
[INFO] 
[INFO] --- maven-jar-plugin:3.0.2:test-jar (default) @ ratis-test ---
[INFO] Skipping packaging of the test-jar
[INFO] 
[INFO] --- maven-jar-plugin:3.0.2:jar (default-jar) @ ratis-test ---
[INFO] Building jar: /app/source/ratis-test/target/ratis-test-0.4.0-SNAPSHOT.jar
[INFO] 
[INFO] --- maven-site-plugin:3.5:attach-descriptor (attach-descriptor) @ ratis-test ---
[INFO] 
[INFO] --- maven-install-plugin:2.5.1:install (default-install) @ ratis-test ---
[INFO] Installing /app/source/ratis-test/target/ratis-test-0.4.0-SNAPSHOT.jar to /root/.m2/repository/org/apache/ratis/ratis-test/0.4.0-SNAPSHOT/ratis-test-0.4.0-SNAPSHOT.jar
[INFO] Installing /app/source/ratis-test/pom.xml to /root/.m2/repository/org/apache/ratis/ratis-test/0.4.0-SNAPSHOT/ratis-test-0.4.0-SNAPSHOT.pom
[INFO] ------------------------------------------------------------------------
[INFO] Reactor Summary for Apache Ratis 0.4.0-SNAPSHOT:
[INFO] 
[INFO] Apache Ratis ....................................... SUCCESS [  1.358 s]
[INFO] Apache Ratis Protocols ............................. SUCCESS [  7.949 s]
[INFO] Apache Ratis Common ................................ SUCCESS [  1.959 s]
[INFO] Apache Ratis Client ................................ SUCCESS [  1.021 s]
[INFO] Apache Ratis Server ................................ SUCCESS [  2.611 s]
[INFO] Apache Ratis gRPC Support .......................... SUCCESS [  1.147 s]
[INFO] Apache Ratis Netty Support ......................... SUCCESS [  0.893 s]
[INFO] Apache Ratis Test .................................. SUCCESS [  0.080 s]
[INFO] ------------------------------------------------------------------------
[INFO] BUILD SUCCESS
[INFO] ------------------------------------------------------------------------
[INFO] Total time:  18.545 s
[INFO] Finished at: 2026-03-26T10:08:59Z
[INFO] ------------------------------------------------------------------------
[INFO] Scanning for projects...
[INFO] ------------------------------------------------------------------------
[INFO] Detecting the operating system and CPU architecture
[INFO] ------------------------------------------------------------------------
[INFO] os.detected.name: linux
[INFO] os.detected.arch: x86_64
[INFO] os.detected.version: 6.17
[INFO] os.detected.version.major: 6
[INFO] os.detected.version.minor: 17
[INFO] os.detected.release: debian
[INFO] os.detected.release.version: 11
[INFO] os.detected.release.like.debian: true
[INFO] os.detected.classifier: linux-x86_64
[INFO] 
[INFO] --------------------< org.apache.ratis:ratis-test >---------------------
[INFO] Building Apache Ratis Test 0.4.0-SNAPSHOT
[INFO] --------------------------------[ jar ]---------------------------------
[INFO] 
[INFO] --- maven-remote-resources-plugin:1.5:process (process-resource-bundles) @ ratis-test ---
[INFO] 
[INFO] --- maven-resources-plugin:2.6:resources (default-resources) @ ratis-test ---
[INFO] Using 'UTF-8' encoding to copy filtered resources.
[INFO] skip non existing resourceDirectory /app/source/ratis-test/src/main/resources
[INFO] Copying 3 resources
[INFO] 
[INFO] --- maven-compiler-plugin:3.7.0:compile (default-compile) @ ratis-test ---
[INFO] No sources to compile
[INFO] 
[INFO] --- maven-resources-plugin:2.6:testResources (default-testResources) @ ratis-test ---
[INFO] Using 'UTF-8' encoding to copy filtered resources.
[INFO] Copying 1 resource
[INFO] Copying 3 resources
[INFO] 
[INFO] --- maven-compiler-plugin:3.7.0:testCompile (default-testCompile) @ ratis-test ---
[INFO] Compiling 62 source files to /app/source/ratis-test/target/test-classes
[WARNING] /app/source/ratis-test/src/test/java/org/apache/ratis/server/storage/TestSegmentedRaftLog.java:[508,13] [deprecation] <THROWABLE>attempt(CheckedRunnable<THROWABLE>,int,long,String,Logger) in JavaUtils has been deprecated
  where THROWABLE is a type-variable:
    THROWABLE extends Throwable declared in method <THROWABLE>attempt(CheckedRunnable<THROWABLE>,int,long,String,Logger)
[WARNING] /app/source/ratis-test/src/test/java/org/apache/ratis/server/TestRaftLogMetrics.java:[98,15] [deprecation] <THROWABLE>attempt(CheckedRunnable<THROWABLE>,int,long,String,Logger) in JavaUtils has been deprecated
  where THROWABLE is a type-variable:
    THROWABLE extends Throwable declared in method <THROWABLE>attempt(CheckedRunnable<THROWABLE>,int,long,String,Logger)
[INFO] 
[INFO] --- maven-surefire-plugin:3.0.0-M1:test (default-test) @ ratis-test ---
[INFO] 
[INFO] -------------------------------------------------------
[INFO]  T E S T S
[INFO] -------------------------------------------------------
[INFO] Running org.apache.ratis.server.simulation.TestServerRestartWithSimulatedRpc
[INFO] Tests run: 1, Failures: 0, Errors: 0, Skipped: 0, Time elapsed: 2.696 s - in org.apache.ratis.server.simulation.TestServerRestartWithSimulatedRpc
[INFO] 
[INFO] Results:
[INFO] 
[INFO] Tests run: 1, Failures: 0, Errors: 0, Skipped: 0
[INFO] 
[INFO] ------------------------------------------------------------------------
[INFO] BUILD SUCCESS
[INFO] ------------------------------------------------------------------------
[INFO] Total time:  8.212 s
[INFO] Finished at: 2026-03-26T10:09:09Z
[INFO] ------------------------------------------------------------------------
[INFO] Loading execution data file /app/source/testRestartCommitIndex_1.exec.
[INFO] Analyzing 69 classes.
✅ Coverage data written to coverage_results.csv
  - flaky-result/coverage_results.csv
