=== Lint Generator Start ===
ROOT_DIR=/app/source
MODULE_DIR=/app/source/ratis-test
module=ratis-test
full_test_name=org.apache.ratis.grpc.TestInstallSnapshotNotificationWithGrpc#testInstallSnapshotNotificationCount
iterations=1
OUTPUT_DIR=/app/source/flaky-result/lint
test_class=org.apache.ratis.grpc.TestInstallSnapshotNotificationWithGrpc
simple_test_class=TestInstallSnapshotNotificationWithGrpc
package_name=org.apache.ratis.grpc
package_path=org/apache/ratis/grpc
=== Step 1: locate exact target test file ===
target_file=/app/source/ratis-test/src/test/java/org/apache/ratis/grpc/TestInstallSnapshotNotificationWithGrpc.java
target_basename=TestInstallSnapshotNotificationWithGrpc.java
=== Step 2: create isolated temp project ===
TMP_DIR=/app/source/tmp-checkstyle-1904
Copied target file into isolated temp project
=== Step 3: run Checkstyle inside temp project ===
checkstyle_exit=0
=== Step 4: copy results from temp directory to flaky-result/lint ===
Copied XML report to: /app/source/flaky-result/lint/checkstyle-result.xml
=== Step 5: validate output ===
=== Step 6: summarize result ===
Violation count: 2
Status: VIOLATIONS_FOUND
=== Step 7: final output files ===
/app/source/flaky-result/lint/checkstyle-result.xml
/app/source/flaky-result/lint/checkstyle-stderr.log
/app/source/flaky-result/lint/checkstyle-stdout.log
/app/source/flaky-result/lint/lint.log
/app/source/flaky-result/lint/status.txt
/app/source/flaky-result/lint/tmp-checkstyle-pom.xml
=== Done ===
Deleted temp directory: /app/source/tmp-checkstyle-1904
