=== Lint Generator Start ===
ROOT_DIR=/app/source
MODULE_DIR=/app/source/storm-server
module=storm-server
full_test_name=org.apache.storm.TickTupleTest#testTickTupleWorksWithSystemBolt
iterations=1
OUTPUT_DIR=/app/source/flaky-result/lint
test_class=org.apache.storm.TickTupleTest
simple_test_class=TickTupleTest
package_name=org.apache.storm
package_path=org/apache/storm
=== Step 1: locate exact target test file ===
target_file=/app/source/storm-server/src/test/java/org/apache/storm/TickTupleTest.java
target_basename=TickTupleTest.java
=== Step 2: create isolated temp project ===
TMP_DIR=/app/source/tmp-checkstyle-672
Copied target file into isolated temp project
=== Step 3: run Checkstyle inside temp project ===
checkstyle_exit=0
=== Step 4: copy results from temp directory to flaky-result/lint ===
Copied XML report to: /app/source/flaky-result/lint/checkstyle-result.xml
=== Step 5: validate output ===
=== Step 6: summarize result ===
Violation count: 44
Status: VIOLATIONS_FOUND
=== Step 7: final output files ===
/app/source/flaky-result/lint/checkstyle-result.xml
/app/source/flaky-result/lint/checkstyle-stderr.log
/app/source/flaky-result/lint/checkstyle-stdout.log
/app/source/flaky-result/lint/lint.log
/app/source/flaky-result/lint/status.txt
/app/source/flaky-result/lint/tmp-checkstyle-pom.xml
=== Done ===
Deleted temp directory: /app/source/tmp-checkstyle-672
