[INFO] Scanning for projects...
[INFO] 
[INFO] -------------------------< tmp:tmp-checkstyle >-------------------------
[INFO] Building tmp-checkstyle 1.0
[INFO] --------------------------------[ jar ]---------------------------------
[INFO] 
[INFO] --- maven-checkstyle-plugin:2.17:check (default-cli) @ tmp-checkstyle ---
[WARNING] File encoding has not been set, using platform encoding UTF-8, i.e. build is platform dependent!
[INFO] Starting audit...
/app/source/tmp-checkstyle-7757/src/main/java/org/apache/oozie/command/wf/TestWorkflowActionRetryInfoXCommand.java:0: error: Missing package-info.java file.
/app/source/tmp-checkstyle-7757/src/main/java/org/apache/oozie/command/wf/TestWorkflowActionRetryInfoXCommand.java:45: error: Missing a Javadoc comment.
/app/source/tmp-checkstyle-7757/src/main/java/org/apache/oozie/command/wf/TestWorkflowActionRetryInfoXCommand.java:46:5: error: Missing a Javadoc comment.
/app/source/tmp-checkstyle-7757/src/main/java/org/apache/oozie/command/wf/TestWorkflowActionRetryInfoXCommand.java:48:5: error: Method 'setUp' is not designed for extension - needs to be abstract, final or empty.
/app/source/tmp-checkstyle-7757/src/main/java/org/apache/oozie/command/wf/TestWorkflowActionRetryInfoXCommand.java:51: error: Line is longer than 80 characters (found 82).
/app/source/tmp-checkstyle-7757/src/main/java/org/apache/oozie/command/wf/TestWorkflowActionRetryInfoXCommand.java:52: error: Line is longer than 80 characters (found 120).
/app/source/tmp-checkstyle-7757/src/main/java/org/apache/oozie/command/wf/TestWorkflowActionRetryInfoXCommand.java:53: error: Line is longer than 80 characters (found 107).
/app/source/tmp-checkstyle-7757/src/main/java/org/apache/oozie/command/wf/TestWorkflowActionRetryInfoXCommand.java:56: error: Line is longer than 80 characters (found 98).
/app/source/tmp-checkstyle-7757/src/main/java/org/apache/oozie/command/wf/TestWorkflowActionRetryInfoXCommand.java:59:5: error: Method 'tearDown' is not designed for extension - needs to be abstract, final or empty.
/app/source/tmp-checkstyle-7757/src/main/java/org/apache/oozie/command/wf/TestWorkflowActionRetryInfoXCommand.java:65:5: error: Method 'testRetryConsoleUrl' is not designed for extension - needs to be abstract, final or empty.
/app/source/tmp-checkstyle-7757/src/main/java/org/apache/oozie/command/wf/TestWorkflowActionRetryInfoXCommand.java:65:5: error: Missing a Javadoc comment.
/app/source/tmp-checkstyle-7757/src/main/java/org/apache/oozie/command/wf/TestWorkflowActionRetryInfoXCommand.java:67: error: Line is longer than 80 characters (found 89).
/app/source/tmp-checkstyle-7757/src/main/java/org/apache/oozie/command/wf/TestWorkflowActionRetryInfoXCommand.java:69: error: Line is longer than 80 characters (found 81).
/app/source/tmp-checkstyle-7757/src/main/java/org/apache/oozie/command/wf/TestWorkflowActionRetryInfoXCommand.java:69:18: error: '+' is not followed by whitespace.
/app/source/tmp-checkstyle-7757/src/main/java/org/apache/oozie/command/wf/TestWorkflowActionRetryInfoXCommand.java:72: error: Line is longer than 80 characters (found 88).
/app/source/tmp-checkstyle-7757/src/main/java/org/apache/oozie/command/wf/TestWorkflowActionRetryInfoXCommand.java:73: error: Line is longer than 80 characters (found 92).
/app/source/tmp-checkstyle-7757/src/main/java/org/apache/oozie/command/wf/TestWorkflowActionRetryInfoXCommand.java:75: error: Line is longer than 80 characters (found 114).
/app/source/tmp-checkstyle-7757/src/main/java/org/apache/oozie/command/wf/TestWorkflowActionRetryInfoXCommand.java:76: error: Line is longer than 80 characters (found 96).
/app/source/tmp-checkstyle-7757/src/main/java/org/apache/oozie/command/wf/TestWorkflowActionRetryInfoXCommand.java:89:5: error: Method 'testRetryConsoleUrlForked' is not designed for extension - needs to be abstract, final or empty.
/app/source/tmp-checkstyle-7757/src/main/java/org/apache/oozie/command/wf/TestWorkflowActionRetryInfoXCommand.java:89:5: error: Missing a Javadoc comment.
/app/source/tmp-checkstyle-7757/src/main/java/org/apache/oozie/command/wf/TestWorkflowActionRetryInfoXCommand.java:91: error: Line is longer than 80 characters (found 89).
/app/source/tmp-checkstyle-7757/src/main/java/org/apache/oozie/command/wf/TestWorkflowActionRetryInfoXCommand.java:97: error: Line is longer than 80 characters (found 81).
/app/source/tmp-checkstyle-7757/src/main/java/org/apache/oozie/command/wf/TestWorkflowActionRetryInfoXCommand.java:97:18: error: '+' is not followed by whitespace.
/app/source/tmp-checkstyle-7757/src/main/java/org/apache/oozie/command/wf/TestWorkflowActionRetryInfoXCommand.java:100: error: Line is longer than 80 characters (found 88).
/app/source/tmp-checkstyle-7757/src/main/java/org/apache/oozie/command/wf/TestWorkflowActionRetryInfoXCommand.java:101: error: Line is longer than 80 characters (found 92).
/app/source/tmp-checkstyle-7757/src/main/java/org/apache/oozie/command/wf/TestWorkflowActionRetryInfoXCommand.java:103: error: Line is longer than 80 characters (found 114).
/app/source/tmp-checkstyle-7757/src/main/java/org/apache/oozie/command/wf/TestWorkflowActionRetryInfoXCommand.java:104: error: Line is longer than 80 characters (found 96).
/app/source/tmp-checkstyle-7757/src/main/java/org/apache/oozie/command/wf/TestWorkflowActionRetryInfoXCommand.java:110: error: Line is longer than 80 characters (found 81).
/app/source/tmp-checkstyle-7757/src/main/java/org/apache/oozie/command/wf/TestWorkflowActionRetryInfoXCommand.java:110:18: error: '+' is not followed by whitespace.
/app/source/tmp-checkstyle-7757/src/main/java/org/apache/oozie/command/wf/TestWorkflowActionRetryInfoXCommand.java:113: error: Line is longer than 80 characters (found 88).
/app/source/tmp-checkstyle-7757/src/main/java/org/apache/oozie/command/wf/TestWorkflowActionRetryInfoXCommand.java:114: error: Line is longer than 80 characters (found 92).
/app/source/tmp-checkstyle-7757/src/main/java/org/apache/oozie/command/wf/TestWorkflowActionRetryInfoXCommand.java:116: error: Line is longer than 80 characters (found 114).
/app/source/tmp-checkstyle-7757/src/main/java/org/apache/oozie/command/wf/TestWorkflowActionRetryInfoXCommand.java:117: error: Line is longer than 80 characters (found 96).
/app/source/tmp-checkstyle-7757/src/main/java/org/apache/oozie/command/wf/TestWorkflowActionRetryInfoXCommand.java:131:5: error: Missing a Javadoc comment.
/app/source/tmp-checkstyle-7757/src/main/java/org/apache/oozie/command/wf/TestWorkflowActionRetryInfoXCommand.java:131:42: error: Parameter wfXml should be final.
/app/source/tmp-checkstyle-7757/src/main/java/org/apache/oozie/command/wf/TestWorkflowActionRetryInfoXCommand.java:144: error: Line is longer than 80 characters (found 118).
/app/source/tmp-checkstyle-7757/src/main/java/org/apache/oozie/command/wf/TestWorkflowActionRetryInfoXCommand.java:147:17: error: '20' is a magic number.
/app/source/tmp-checkstyle-7757/src/main/java/org/apache/oozie/command/wf/TestWorkflowActionRetryInfoXCommand.java:147:22: error: '1000' is a magic number.
/app/source/tmp-checkstyle-7757/src/main/java/org/apache/oozie/command/wf/TestWorkflowActionRetryInfoXCommand.java:149: error: Line is longer than 80 characters (found 90).
/app/source/tmp-checkstyle-7757/src/main/java/org/apache/oozie/command/wf/TestWorkflowActionRetryInfoXCommand.java:151: error: Line is longer than 80 characters (found 89).
/app/source/tmp-checkstyle-7757/src/main/java/org/apache/oozie/command/wf/TestWorkflowActionRetryInfoXCommand.java:159: error: Line is longer than 80 characters (found 82).
/app/source/tmp-checkstyle-7757/src/main/java/org/apache/oozie/command/wf/TestWorkflowActionRetryInfoXCommand.java:163: error: Line is longer than 80 characters (found 84).
/app/source/tmp-checkstyle-7757/src/main/java/org/apache/oozie/command/wf/TestWorkflowActionRetryInfoXCommand.java:165:13: error: '}' at column 13 should be on the same line as the next part of a multi-block statement.
/app/source/tmp-checkstyle-7757/src/main/java/org/apache/oozie/command/wf/TestWorkflowActionRetryInfoXCommand.java:166: error: Line is longer than 80 characters (found 89).
/app/source/tmp-checkstyle-7757/src/main/java/org/apache/oozie/command/wf/TestWorkflowActionRetryInfoXCommand.java:172:48: error: Avoid inline conditionals.
/app/source/tmp-checkstyle-7757/src/main/java/org/apache/oozie/command/wf/TestWorkflowActionRetryInfoXCommand.java:175:48: error: Avoid inline conditionals.
/app/source/tmp-checkstyle-7757/src/main/java/org/apache/oozie/command/wf/TestWorkflowActionRetryInfoXCommand.java:177: error: Line is longer than 80 characters (found 99).
/app/source/tmp-checkstyle-7757/src/main/java/org/apache/oozie/command/wf/TestWorkflowActionRetryInfoXCommand.java:177:20: error: '(' is followed by whitespace.
/app/source/tmp-checkstyle-7757/src/main/java/org/apache/oozie/command/wf/TestWorkflowActionRetryInfoXCommand.java:181: error: Line is longer than 80 characters (found 106).
/app/source/tmp-checkstyle-7757/src/main/java/org/apache/oozie/command/wf/TestWorkflowActionRetryInfoXCommand.java:182: error: Line is longer than 80 characters (found 124).
/app/source/tmp-checkstyle-7757/src/main/java/org/apache/oozie/command/wf/TestWorkflowActionRetryInfoXCommand.java:184:29: error: ',' is not followed by whitespace.
/app/source/tmp-checkstyle-7757/src/main/java/org/apache/oozie/command/wf/TestWorkflowActionRetryInfoXCommand.java:185: error: Line is longer than 80 characters (found 129).
/app/source/tmp-checkstyle-7757/src/main/java/org/apache/oozie/command/wf/TestWorkflowActionRetryInfoXCommand.java:186: error: Line is longer than 80 characters (found 116).
/app/source/tmp-checkstyle-7757/src/main/java/org/apache/oozie/command/wf/TestWorkflowActionRetryInfoXCommand.java:190: error: Line is longer than 80 characters (found 99).
/app/source/tmp-checkstyle-7757/src/main/java/org/apache/oozie/command/wf/TestWorkflowActionRetryInfoXCommand.java:192: error: Line is longer than 80 characters (found 99).
/app/source/tmp-checkstyle-7757/src/main/java/org/apache/oozie/command/wf/TestWorkflowActionRetryInfoXCommand.java:193: error: Line is longer than 80 characters (found 130).
/app/source/tmp-checkstyle-7757/src/main/java/org/apache/oozie/command/wf/TestWorkflowActionRetryInfoXCommand.java:193:125: error: '10' is a magic number.
/app/source/tmp-checkstyle-7757/src/main/java/org/apache/oozie/command/wf/TestWorkflowActionRetryInfoXCommand.java:198: error: Line is longer than 80 characters (found 106).
/app/source/tmp-checkstyle-7757/src/main/java/org/apache/oozie/command/wf/TestWorkflowActionRetryInfoXCommand.java:199: error: Line is longer than 80 characters (found 124).
/app/source/tmp-checkstyle-7757/src/main/java/org/apache/oozie/command/wf/TestWorkflowActionRetryInfoXCommand.java:203: error: Line is longer than 80 characters (found 99).
/app/source/tmp-checkstyle-7757/src/main/java/org/apache/oozie/command/wf/TestWorkflowActionRetryInfoXCommand.java:205: error: Line is longer than 80 characters (found 99).
/app/source/tmp-checkstyle-7757/src/main/java/org/apache/oozie/command/wf/TestWorkflowActionRetryInfoXCommand.java:206: error: Line is longer than 80 characters (found 130).
/app/source/tmp-checkstyle-7757/src/main/java/org/apache/oozie/command/wf/TestWorkflowActionRetryInfoXCommand.java:206:125: error: '10' is a magic number.
/app/source/tmp-checkstyle-7757/src/main/java/org/apache/oozie/command/wf/TestWorkflowActionRetryInfoXCommand.java:211: error: Line is longer than 80 characters (found 103).
/app/source/tmp-checkstyle-7757/src/main/java/org/apache/oozie/command/wf/TestWorkflowActionRetryInfoXCommand.java:211:5: error: Missing a Javadoc comment.
/app/source/tmp-checkstyle-7757/src/main/java/org/apache/oozie/command/wf/TestWorkflowActionRetryInfoXCommand.java:211:52: error: Parameter action should be final.
/app/source/tmp-checkstyle-7757/src/main/java/org/apache/oozie/command/wf/TestWorkflowActionRetryInfoXCommand.java:215: error: Line is longer than 80 characters (found 102).
/app/source/tmp-checkstyle-7757/src/main/java/org/apache/oozie/command/wf/TestWorkflowActionRetryInfoXCommand.java:219: error: Line is longer than 80 characters (found 88).
/app/source/tmp-checkstyle-7757/src/main/java/org/apache/oozie/command/wf/TestWorkflowActionRetryInfoXCommand.java:219:5: error: Missing a Javadoc comment.
/app/source/tmp-checkstyle-7757/src/main/java/org/apache/oozie/command/wf/TestWorkflowActionRetryInfoXCommand.java:219:49: error: Parameter endTime should be final.
/app/source/tmp-checkstyle-7757/src/main/java/org/apache/oozie/command/wf/TestWorkflowActionRetryInfoXCommand.java:219:66: error: Parameter expectedTime should be final.
Audit done.
[INFO] There are 71 errors reported by Checkstyle 6.11.2 with sun_checks.xml ruleset.
[ERROR] src/main/java/org/apache/oozie/command/wf/TestWorkflowActionRetryInfoXCommand.java:[0] (javadoc) JavadocPackage: Missing package-info.java file.
[ERROR] src/main/java/org/apache/oozie/command/wf/TestWorkflowActionRetryInfoXCommand.java:[45] (javadoc) JavadocType: Missing a Javadoc comment.
[ERROR] src/main/java/org/apache/oozie/command/wf/TestWorkflowActionRetryInfoXCommand.java:[46,5] (javadoc) JavadocVariable: Missing a Javadoc comment.
[ERROR] src/main/java/org/apache/oozie/command/wf/TestWorkflowActionRetryInfoXCommand.java:[48,5] (design) DesignForExtension: Method 'setUp' is not designed for extension - needs to be abstract, final or empty.
[ERROR] src/main/java/org/apache/oozie/command/wf/TestWorkflowActionRetryInfoXCommand.java:[51] (sizes) LineLength: Line is longer than 80 characters (found 82).
[ERROR] src/main/java/org/apache/oozie/command/wf/TestWorkflowActionRetryInfoXCommand.java:[52] (sizes) LineLength: Line is longer than 80 characters (found 120).
[ERROR] src/main/java/org/apache/oozie/command/wf/TestWorkflowActionRetryInfoXCommand.java:[53] (sizes) LineLength: Line is longer than 80 characters (found 107).
[ERROR] src/main/java/org/apache/oozie/command/wf/TestWorkflowActionRetryInfoXCommand.java:[56] (sizes) LineLength: Line is longer than 80 characters (found 98).
[ERROR] src/main/java/org/apache/oozie/command/wf/TestWorkflowActionRetryInfoXCommand.java:[59,5] (design) DesignForExtension: Method 'tearDown' is not designed for extension - needs to be abstract, final or empty.
[ERROR] src/main/java/org/apache/oozie/command/wf/TestWorkflowActionRetryInfoXCommand.java:[65,5] (design) DesignForExtension: Method 'testRetryConsoleUrl' is not designed for extension - needs to be abstract, final or empty.
[ERROR] src/main/java/org/apache/oozie/command/wf/TestWorkflowActionRetryInfoXCommand.java:[65,5] (javadoc) JavadocMethod: Missing a Javadoc comment.
[ERROR] src/main/java/org/apache/oozie/command/wf/TestWorkflowActionRetryInfoXCommand.java:[67] (sizes) LineLength: Line is longer than 80 characters (found 89).
[ERROR] src/main/java/org/apache/oozie/command/wf/TestWorkflowActionRetryInfoXCommand.java:[69] (sizes) LineLength: Line is longer than 80 characters (found 81).
[ERROR] src/main/java/org/apache/oozie/command/wf/TestWorkflowActionRetryInfoXCommand.java:[69,18] (whitespace) WhitespaceAround: '+' is not followed by whitespace.
[ERROR] src/main/java/org/apache/oozie/command/wf/TestWorkflowActionRetryInfoXCommand.java:[72] (sizes) LineLength: Line is longer than 80 characters (found 88).
[ERROR] src/main/java/org/apache/oozie/command/wf/TestWorkflowActionRetryInfoXCommand.java:[73] (sizes) LineLength: Line is longer than 80 characters (found 92).
[ERROR] src/main/java/org/apache/oozie/command/wf/TestWorkflowActionRetryInfoXCommand.java:[75] (sizes) LineLength: Line is longer than 80 characters (found 114).
[ERROR] src/main/java/org/apache/oozie/command/wf/TestWorkflowActionRetryInfoXCommand.java:[76] (sizes) LineLength: Line is longer than 80 characters (found 96).
[ERROR] src/main/java/org/apache/oozie/command/wf/TestWorkflowActionRetryInfoXCommand.java:[89,5] (design) DesignForExtension: Method 'testRetryConsoleUrlForked' is not designed for extension - needs to be abstract, final or empty.
[ERROR] src/main/java/org/apache/oozie/command/wf/TestWorkflowActionRetryInfoXCommand.java:[89,5] (javadoc) JavadocMethod: Missing a Javadoc comment.
[ERROR] src/main/java/org/apache/oozie/command/wf/TestWorkflowActionRetryInfoXCommand.java:[91] (sizes) LineLength: Line is longer than 80 characters (found 89).
[ERROR] src/main/java/org/apache/oozie/command/wf/TestWorkflowActionRetryInfoXCommand.java:[97] (sizes) LineLength: Line is longer than 80 characters (found 81).
[ERROR] src/main/java/org/apache/oozie/command/wf/TestWorkflowActionRetryInfoXCommand.java:[97,18] (whitespace) WhitespaceAround: '+' is not followed by whitespace.
[ERROR] src/main/java/org/apache/oozie/command/wf/TestWorkflowActionRetryInfoXCommand.java:[100] (sizes) LineLength: Line is longer than 80 characters (found 88).
[ERROR] src/main/java/org/apache/oozie/command/wf/TestWorkflowActionRetryInfoXCommand.java:[101] (sizes) LineLength: Line is longer than 80 characters (found 92).
[ERROR] src/main/java/org/apache/oozie/command/wf/TestWorkflowActionRetryInfoXCommand.java:[103] (sizes) LineLength: Line is longer than 80 characters (found 114).
[ERROR] src/main/java/org/apache/oozie/command/wf/TestWorkflowActionRetryInfoXCommand.java:[104] (sizes) LineLength: Line is longer than 80 characters (found 96).
[ERROR] src/main/java/org/apache/oozie/command/wf/TestWorkflowActionRetryInfoXCommand.java:[110] (sizes) LineLength: Line is longer than 80 characters (found 81).
[ERROR] src/main/java/org/apache/oozie/command/wf/TestWorkflowActionRetryInfoXCommand.java:[110,18] (whitespace) WhitespaceAround: '+' is not followed by whitespace.
[ERROR] src/main/java/org/apache/oozie/command/wf/TestWorkflowActionRetryInfoXCommand.java:[113] (sizes) LineLength: Line is longer than 80 characters (found 88).
[ERROR] src/main/java/org/apache/oozie/command/wf/TestWorkflowActionRetryInfoXCommand.java:[114] (sizes) LineLength: Line is longer than 80 characters (found 92).
[ERROR] src/main/java/org/apache/oozie/command/wf/TestWorkflowActionRetryInfoXCommand.java:[116] (sizes) LineLength: Line is longer than 80 characters (found 114).
[ERROR] src/main/java/org/apache/oozie/command/wf/TestWorkflowActionRetryInfoXCommand.java:[117] (sizes) LineLength: Line is longer than 80 characters (found 96).
[ERROR] src/main/java/org/apache/oozie/command/wf/TestWorkflowActionRetryInfoXCommand.java:[131,5] (javadoc) JavadocMethod: Missing a Javadoc comment.
[ERROR] src/main/java/org/apache/oozie/command/wf/TestWorkflowActionRetryInfoXCommand.java:[131,42] (misc) FinalParameters: Parameter wfXml should be final.
[ERROR] src/main/java/org/apache/oozie/command/wf/TestWorkflowActionRetryInfoXCommand.java:[144] (sizes) LineLength: Line is longer than 80 characters (found 118).
[ERROR] src/main/java/org/apache/oozie/command/wf/TestWorkflowActionRetryInfoXCommand.java:[147,17] (coding) MagicNumber: '20' is a magic number.
[ERROR] src/main/java/org/apache/oozie/command/wf/TestWorkflowActionRetryInfoXCommand.java:[147,22] (coding) MagicNumber: '1000' is a magic number.
[ERROR] src/main/java/org/apache/oozie/command/wf/TestWorkflowActionRetryInfoXCommand.java:[149] (sizes) LineLength: Line is longer than 80 characters (found 90).
[ERROR] src/main/java/org/apache/oozie/command/wf/TestWorkflowActionRetryInfoXCommand.java:[151] (sizes) LineLength: Line is longer than 80 characters (found 89).
[ERROR] src/main/java/org/apache/oozie/command/wf/TestWorkflowActionRetryInfoXCommand.java:[159] (sizes) LineLength: Line is longer than 80 characters (found 82).
[ERROR] src/main/java/org/apache/oozie/command/wf/TestWorkflowActionRetryInfoXCommand.java:[163] (sizes) LineLength: Line is longer than 80 characters (found 84).
[ERROR] src/main/java/org/apache/oozie/command/wf/TestWorkflowActionRetryInfoXCommand.java:[165,13] (blocks) RightCurly: '}' at column 13 should be on the same line as the next part of a multi-block statement.
[ERROR] src/main/java/org/apache/oozie/command/wf/TestWorkflowActionRetryInfoXCommand.java:[166] (sizes) LineLength: Line is longer than 80 characters (found 89).
[ERROR] src/main/java/org/apache/oozie/command/wf/TestWorkflowActionRetryInfoXCommand.java:[172,48] (coding) AvoidInlineConditionals: Avoid inline conditionals.
[ERROR] src/main/java/org/apache/oozie/command/wf/TestWorkflowActionRetryInfoXCommand.java:[175,48] (coding) AvoidInlineConditionals: Avoid inline conditionals.
[ERROR] src/main/java/org/apache/oozie/command/wf/TestWorkflowActionRetryInfoXCommand.java:[177] (sizes) LineLength: Line is longer than 80 characters (found 99).
[ERROR] src/main/java/org/apache/oozie/command/wf/TestWorkflowActionRetryInfoXCommand.java:[177,20] (whitespace) ParenPad: '(' is followed by whitespace.
[ERROR] src/main/java/org/apache/oozie/command/wf/TestWorkflowActionRetryInfoXCommand.java:[181] (sizes) LineLength: Line is longer than 80 characters (found 106).
[ERROR] src/main/java/org/apache/oozie/command/wf/TestWorkflowActionRetryInfoXCommand.java:[182] (sizes) LineLength: Line is longer than 80 characters (found 124).
[ERROR] src/main/java/org/apache/oozie/command/wf/TestWorkflowActionRetryInfoXCommand.java:[184,29] (whitespace) WhitespaceAfter: ',' is not followed by whitespace.
[ERROR] src/main/java/org/apache/oozie/command/wf/TestWorkflowActionRetryInfoXCommand.java:[185] (sizes) LineLength: Line is longer than 80 characters (found 129).
[ERROR] src/main/java/org/apache/oozie/command/wf/TestWorkflowActionRetryInfoXCommand.java:[186] (sizes) LineLength: Line is longer than 80 characters (found 116).
[ERROR] src/main/java/org/apache/oozie/command/wf/TestWorkflowActionRetryInfoXCommand.java:[190] (sizes) LineLength: Line is longer than 80 characters (found 99).
[ERROR] src/main/java/org/apache/oozie/command/wf/TestWorkflowActionRetryInfoXCommand.java:[192] (sizes) LineLength: Line is longer than 80 characters (found 99).
[ERROR] src/main/java/org/apache/oozie/command/wf/TestWorkflowActionRetryInfoXCommand.java:[193] (sizes) LineLength: Line is longer than 80 characters (found 130).
[ERROR] src/main/java/org/apache/oozie/command/wf/TestWorkflowActionRetryInfoXCommand.java:[193,125] (coding) MagicNumber: '10' is a magic number.
[ERROR] src/main/java/org/apache/oozie/command/wf/TestWorkflowActionRetryInfoXCommand.java:[198] (sizes) LineLength: Line is longer than 80 characters (found 106).
[ERROR] src/main/java/org/apache/oozie/command/wf/TestWorkflowActionRetryInfoXCommand.java:[199] (sizes) LineLength: Line is longer than 80 characters (found 124).
[ERROR] src/main/java/org/apache/oozie/command/wf/TestWorkflowActionRetryInfoXCommand.java:[203] (sizes) LineLength: Line is longer than 80 characters (found 99).
[ERROR] src/main/java/org/apache/oozie/command/wf/TestWorkflowActionRetryInfoXCommand.java:[205] (sizes) LineLength: Line is longer than 80 characters (found 99).
[ERROR] src/main/java/org/apache/oozie/command/wf/TestWorkflowActionRetryInfoXCommand.java:[206] (sizes) LineLength: Line is longer than 80 characters (found 130).
[ERROR] src/main/java/org/apache/oozie/command/wf/TestWorkflowActionRetryInfoXCommand.java:[206,125] (coding) MagicNumber: '10' is a magic number.
[ERROR] src/main/java/org/apache/oozie/command/wf/TestWorkflowActionRetryInfoXCommand.java:[211] (sizes) LineLength: Line is longer than 80 characters (found 103).
[ERROR] src/main/java/org/apache/oozie/command/wf/TestWorkflowActionRetryInfoXCommand.java:[211,5] (javadoc) JavadocMethod: Missing a Javadoc comment.
[ERROR] src/main/java/org/apache/oozie/command/wf/TestWorkflowActionRetryInfoXCommand.java:[211,52] (misc) FinalParameters: Parameter action should be final.
[ERROR] src/main/java/org/apache/oozie/command/wf/TestWorkflowActionRetryInfoXCommand.java:[215] (sizes) LineLength: Line is longer than 80 characters (found 102).
[ERROR] src/main/java/org/apache/oozie/command/wf/TestWorkflowActionRetryInfoXCommand.java:[219] (sizes) LineLength: Line is longer than 80 characters (found 88).
[ERROR] src/main/java/org/apache/oozie/command/wf/TestWorkflowActionRetryInfoXCommand.java:[219,5] (javadoc) JavadocMethod: Missing a Javadoc comment.
[ERROR] src/main/java/org/apache/oozie/command/wf/TestWorkflowActionRetryInfoXCommand.java:[219,49] (misc) FinalParameters: Parameter endTime should be final.
[ERROR] src/main/java/org/apache/oozie/command/wf/TestWorkflowActionRetryInfoXCommand.java:[219,66] (misc) FinalParameters: Parameter expectedTime should be final.
[WARNING] checkstyle:check violations detected but failOnViolation set to false
[INFO] ------------------------------------------------------------------------
[INFO] BUILD SUCCESS
[INFO] ------------------------------------------------------------------------
[INFO] Total time:  1.647 s
[INFO] Finished at: 2026-03-26T23:54:42Z
[INFO] ------------------------------------------------------------------------
