[INFO] Scanning for projects...
[INFO] ------------------------------------------------------------------------
[INFO] Detecting the operating system and CPU architecture
[INFO] ------------------------------------------------------------------------
[INFO] os.detected.name: linux
[INFO] os.detected.arch: x86_64
[INFO] os.detected.version: 6.17
[INFO] os.detected.version.major: 6
[INFO] os.detected.version.minor: 17
[INFO] os.detected.release: debian
[INFO] os.detected.release.version: 11
[INFO] os.detected.release.like.debian: true
[INFO] os.detected.classifier: linux-x86_64
[INFO] ------------------------------------------------------------------------
[INFO] Reactor Build Order:
[INFO] 
[INFO] Apache Ratis                                                       [pom]
[INFO] Apache Ratis Protocols                                             [jar]
[INFO] Apache Ratis Common                                                [jar]
[INFO] Apache Ratis Client                                                [jar]
[INFO] Apache Ratis Server API                                            [jar]
[INFO] Apache Ratis Metrics                                               [jar]
[INFO] Apache Ratis Server                                                [jar]
[INFO] 
[INFO] -----------------------< org.apache.ratis:ratis >-----------------------
[INFO] Building Apache Ratis 3.0.0-SNAPSHOT                               [1/7]
[INFO] --------------------------------[ pom ]---------------------------------
[INFO] 
[INFO] --- maven-enforcer-plugin:1.4.1:enforce (clean) @ ratis ---
[INFO] Skipping Rule Enforcement.
[INFO] 
[INFO] --- maven-clean-plugin:3.1.0:clean (default-clean) @ ratis ---
[INFO] Deleting /app/source/target
[INFO] 
[INFO] --- maven-enforcer-plugin:1.4.1:enforce (enforce-maven-version) @ ratis ---
[INFO] Skipping Rule Enforcement.
[INFO] 
[INFO] --- maven-enforcer-plugin:1.4.1:enforce (default) @ ratis ---
[INFO] Skipping Rule Enforcement.
[INFO] 
[INFO] --- build-helper-maven-plugin:1.9:add-source (add-source) @ ratis ---
[INFO] Source directory: /app/source/target/generated-sources added.
[INFO] 
[INFO] --- maven-remote-resources-plugin:1.7.0:process (process-resource-bundles) @ ratis ---
[INFO] Preparing remote bundle org.apache:apache-jar-resource-bundle:1.4
[INFO] Copying 3 resources from 1 bundle.
[INFO] 
[INFO] --- buildnumber-maven-plugin:1.4:create-metadata (default) @ ratis ---
[INFO] Executing: /bin/sh -c cd '/app/source' && 'git' 'rev-parse' '--verify' 'HEAD'
[INFO] Working directory: /app/source
[INFO] 
[INFO] --- maven-site-plugin:3.7.1:attach-descriptor (attach-descriptor) @ ratis ---
[INFO] No site descriptor found: nothing to attach.
[INFO] 
[INFO] --- maven-install-plugin:3.0.0-M1:install (default-install) @ ratis ---
[INFO] Installing /app/source/pom.xml to /root/.m2/repository/org/apache/ratis/ratis/3.0.0-SNAPSHOT/ratis-3.0.0-SNAPSHOT.pom
[INFO] 
[INFO] --------------------< org.apache.ratis:ratis-proto >--------------------
[INFO] Building Apache Ratis Protocols 3.0.0-SNAPSHOT                     [2/7]
[INFO] --------------------------------[ jar ]---------------------------------
[INFO] 
[INFO] --- maven-clean-plugin:3.1.0:clean (default-clean) @ ratis-proto ---
[INFO] Deleting /app/source/ratis-proto/target
[INFO] 
[INFO] --- build-helper-maven-plugin:1.9:add-source (add-source) @ ratis-proto ---
[INFO] Source directory: /app/source/ratis-proto/target/generated-sources added.
[INFO] 
[INFO] --- protobuf-maven-plugin:0.5.1:compile (compile-protobuf) @ ratis-proto ---
[INFO] Compiling 6 proto file(s) to /app/source/ratis-proto/target/generated-sources
[INFO] 
[INFO] --- protobuf-maven-plugin:0.5.1:compile-custom (compile-grpc) @ ratis-proto ---
[INFO] Compiling 6 proto file(s) to /app/source/ratis-proto/target/generated-sources
[INFO] 
[INFO] --- replacer:1.5.3:replace (default) @ ratis-proto ---
[INFO] Replacement run on 10 files.
[INFO] 
[INFO] --- maven-remote-resources-plugin:1.7.0:process (process-resource-bundles) @ ratis-proto ---
[INFO] Preparing remote bundle org.apache:apache-jar-resource-bundle:1.4
[INFO] Copying 3 resources from 1 bundle.
[INFO] 
[INFO] --- buildnumber-maven-plugin:1.4:create-metadata (default) @ ratis-proto ---
[INFO] Executing: /bin/sh -c cd '/app/source/ratis-proto' && 'git' 'rev-parse' '--verify' 'HEAD'
[INFO] Working directory: /app/source/ratis-proto
[INFO] 
[INFO] --- maven-resources-plugin:3.1.0:resources (default-resources) @ ratis-proto ---
[INFO] Using 'UTF-8' encoding to copy filtered resources.
[INFO] skip non existing resourceDirectory /app/source/ratis-proto/src/main/resources
[INFO] Copying 6 resources
[INFO] Copying 6 resources
[INFO] Copying 3 resources
[INFO] 
[INFO] --- maven-compiler-plugin:3.8.1:compile (default-compile) @ ratis-proto ---
[INFO] Compiling 10 source files to /app/source/ratis-proto/target/classes
[INFO] 
[INFO] --- maven-jar-plugin:3.2.0:jar (default-jar) @ ratis-proto ---
[INFO] Building jar: /app/source/ratis-proto/target/ratis-proto-3.0.0-SNAPSHOT.jar
[INFO] 
[INFO] --- maven-resources-plugin:3.1.0:testResources (default-testResources) @ ratis-proto ---
[INFO] Not copying test resources
[INFO] 
[INFO] --- maven-compiler-plugin:3.8.1:testCompile (default-testCompile) @ ratis-proto ---
[INFO] Not compiling test sources
[INFO] 
[INFO] --- maven-surefire-plugin:3.0.0-M1:test (default-test) @ ratis-proto ---
[INFO] Tests are skipped.
[INFO] 
[INFO] --- maven-source-plugin:3.2.1:jar-no-fork (attach-sources) @ ratis-proto ---
[INFO] Building jar: /app/source/ratis-proto/target/ratis-proto-3.0.0-SNAPSHOT-sources.jar
[INFO] 
[INFO] --- maven-jar-plugin:3.2.0:test-jar (default) @ ratis-proto ---
[INFO] Skipping packaging of the test-jar
[INFO] 
[INFO] --- maven-site-plugin:3.7.1:attach-descriptor (attach-descriptor) @ ratis-proto ---
[INFO] Skipping because packaging 'jar' is not pom.
[INFO] 
[INFO] --- maven-install-plugin:3.0.0-M1:install (default-install) @ ratis-proto ---
[INFO] Installing /app/source/ratis-proto/target/ratis-proto-3.0.0-SNAPSHOT.jar to /root/.m2/repository/org/apache/ratis/ratis-proto/3.0.0-SNAPSHOT/ratis-proto-3.0.0-SNAPSHOT.jar
[INFO] Installing /app/source/ratis-proto/pom.xml to /root/.m2/repository/org/apache/ratis/ratis-proto/3.0.0-SNAPSHOT/ratis-proto-3.0.0-SNAPSHOT.pom
[INFO] Installing /app/source/ratis-proto/target/ratis-proto-3.0.0-SNAPSHOT-sources.jar to /root/.m2/repository/org/apache/ratis/ratis-proto/3.0.0-SNAPSHOT/ratis-proto-3.0.0-SNAPSHOT-sources.jar
[INFO] 
[INFO] -------------------< org.apache.ratis:ratis-common >--------------------
[INFO] Building Apache Ratis Common 3.0.0-SNAPSHOT                        [3/7]
[INFO] --------------------------------[ jar ]---------------------------------
[INFO] 
[INFO] --- maven-clean-plugin:3.1.0:clean (default-clean) @ ratis-common ---
[INFO] Deleting /app/source/ratis-common/target
[INFO] 
[INFO] --- build-helper-maven-plugin:1.9:add-source (add-source) @ ratis-common ---
[INFO] Source directory: /app/source/ratis-common/target/generated-sources added.
[INFO] 
[INFO] --- maven-remote-resources-plugin:1.7.0:process (process-resource-bundles) @ ratis-common ---
[INFO] Preparing remote bundle org.apache:apache-jar-resource-bundle:1.4
[INFO] Copying 3 resources from 1 bundle.
[INFO] 
[INFO] --- buildnumber-maven-plugin:1.4:create-metadata (default) @ ratis-common ---
[INFO] Executing: /bin/sh -c cd '/app/source/ratis-common' && 'git' 'rev-parse' '--verify' 'HEAD'
[INFO] Working directory: /app/source/ratis-common
[INFO] 
[INFO] --- maven-resources-plugin:3.1.0:resources (default-resources) @ ratis-common ---
[INFO] Using 'UTF-8' encoding to copy filtered resources.
[INFO] skip non existing resourceDirectory /app/source/ratis-common/src/main/resources
[INFO] Copying 3 resources
[INFO] 
[INFO] --- maven-compiler-plugin:3.8.1:compile (default-compile) @ ratis-common ---
[INFO] Compiling 130 source files to /app/source/ratis-common/target/classes
[INFO] 
[INFO] --- maven-resources-plugin:3.1.0:testResources (default-testResources) @ ratis-common ---
[INFO] Not copying test resources
[INFO] 
[INFO] --- maven-compiler-plugin:3.8.1:testCompile (default-testCompile) @ ratis-common ---
[INFO] Not compiling test sources
[INFO] 
[INFO] --- maven-surefire-plugin:3.0.0-M1:test (default-test) @ ratis-common ---
[INFO] Tests are skipped.
[INFO] 
[INFO] --- maven-jar-plugin:3.2.0:test-jar (default) @ ratis-common ---
[INFO] Skipping packaging of the test-jar
[INFO] 
[INFO] --- maven-jar-plugin:3.2.0:jar (default-jar) @ ratis-common ---
[INFO] Building jar: /app/source/ratis-common/target/ratis-common-3.0.0-SNAPSHOT.jar
[INFO] 
[INFO] --- maven-site-plugin:3.7.1:attach-descriptor (attach-descriptor) @ ratis-common ---
[INFO] Skipping because packaging 'jar' is not pom.
[INFO] 
[INFO] --- maven-install-plugin:3.0.0-M1:install (default-install) @ ratis-common ---
[INFO] Installing /app/source/ratis-common/target/ratis-common-3.0.0-SNAPSHOT.jar to /root/.m2/repository/org/apache/ratis/ratis-common/3.0.0-SNAPSHOT/ratis-common-3.0.0-SNAPSHOT.jar
[INFO] Installing /app/source/ratis-common/pom.xml to /root/.m2/repository/org/apache/ratis/ratis-common/3.0.0-SNAPSHOT/ratis-common-3.0.0-SNAPSHOT.pom
[INFO] 
[INFO] -------------------< org.apache.ratis:ratis-client >--------------------
[INFO] Building Apache Ratis Client 3.0.0-SNAPSHOT                        [4/7]
[INFO] --------------------------------[ jar ]---------------------------------
[INFO] 
[INFO] --- maven-clean-plugin:3.1.0:clean (default-clean) @ ratis-client ---
[INFO] Deleting /app/source/ratis-client/target
[INFO] 
[INFO] --- build-helper-maven-plugin:1.9:add-source (add-source) @ ratis-client ---
[INFO] Source directory: /app/source/ratis-client/target/generated-sources added.
[INFO] 
[INFO] --- maven-remote-resources-plugin:1.7.0:process (process-resource-bundles) @ ratis-client ---
[INFO] Preparing remote bundle org.apache:apache-jar-resource-bundle:1.4
[INFO] Copying 3 resources from 1 bundle.
[INFO] 
[INFO] --- buildnumber-maven-plugin:1.4:create-metadata (default) @ ratis-client ---
[INFO] Executing: /bin/sh -c cd '/app/source/ratis-client' && 'git' 'rev-parse' '--verify' 'HEAD'
[INFO] Working directory: /app/source/ratis-client
[INFO] 
[INFO] --- maven-resources-plugin:3.1.0:resources (default-resources) @ ratis-client ---
[INFO] Using 'UTF-8' encoding to copy filtered resources.
[INFO] skip non existing resourceDirectory /app/source/ratis-client/src/main/resources
[INFO] Copying 3 resources
[INFO] 
[INFO] --- maven-compiler-plugin:3.8.1:compile (default-compile) @ ratis-client ---
[INFO] Compiling 40 source files to /app/source/ratis-client/target/classes
[INFO] 
[INFO] --- maven-resources-plugin:3.1.0:testResources (default-testResources) @ ratis-client ---
[INFO] Not copying test resources
[INFO] 
[INFO] --- maven-compiler-plugin:3.8.1:testCompile (default-testCompile) @ ratis-client ---
[INFO] Not compiling test sources
[INFO] 
[INFO] --- maven-surefire-plugin:3.0.0-M1:test (default-test) @ ratis-client ---
[INFO] Tests are skipped.
[INFO] 
[INFO] --- maven-jar-plugin:3.2.0:test-jar (default) @ ratis-client ---
[INFO] Skipping packaging of the test-jar
[INFO] 
[INFO] --- maven-jar-plugin:3.2.0:jar (default-jar) @ ratis-client ---
[INFO] Building jar: /app/source/ratis-client/target/ratis-client-3.0.0-SNAPSHOT.jar
[INFO] 
[INFO] --- maven-site-plugin:3.7.1:attach-descriptor (attach-descriptor) @ ratis-client ---
[INFO] Skipping because packaging 'jar' is not pom.
[INFO] 
[INFO] --- maven-install-plugin:3.0.0-M1:install (default-install) @ ratis-client ---
[INFO] Installing /app/source/ratis-client/target/ratis-client-3.0.0-SNAPSHOT.jar to /root/.m2/repository/org/apache/ratis/ratis-client/3.0.0-SNAPSHOT/ratis-client-3.0.0-SNAPSHOT.jar
[INFO] Installing /app/source/ratis-client/pom.xml to /root/.m2/repository/org/apache/ratis/ratis-client/3.0.0-SNAPSHOT/ratis-client-3.0.0-SNAPSHOT.pom
[INFO] 
[INFO] -----------------< org.apache.ratis:ratis-server-api >------------------
[INFO] Building Apache Ratis Server API 3.0.0-SNAPSHOT                    [5/7]
[INFO] --------------------------------[ jar ]---------------------------------
[INFO] 
[INFO] --- maven-clean-plugin:3.1.0:clean (default-clean) @ ratis-server-api ---
[INFO] Deleting /app/source/ratis-server-api/target
[INFO] 
[INFO] --- build-helper-maven-plugin:1.9:add-source (add-source) @ ratis-server-api ---
[INFO] Source directory: /app/source/ratis-server-api/target/generated-sources added.
[INFO] 
[INFO] --- maven-remote-resources-plugin:1.7.0:process (process-resource-bundles) @ ratis-server-api ---
[INFO] Preparing remote bundle org.apache:apache-jar-resource-bundle:1.4
[INFO] Copying 3 resources from 1 bundle.
[INFO] 
[INFO] --- buildnumber-maven-plugin:1.4:create-metadata (default) @ ratis-server-api ---
[INFO] Executing: /bin/sh -c cd '/app/source/ratis-server-api' && 'git' 'rev-parse' '--verify' 'HEAD'
[INFO] Working directory: /app/source/ratis-server-api
[INFO] 
[INFO] --- maven-resources-plugin:3.1.0:resources (default-resources) @ ratis-server-api ---
[INFO] Using 'UTF-8' encoding to copy filtered resources.
[INFO] skip non existing resourceDirectory /app/source/ratis-server-api/src/main/resources
[INFO] Copying 3 resources
[INFO] 
[INFO] --- maven-compiler-plugin:3.8.1:compile (default-compile) @ ratis-server-api ---
[INFO] Compiling 37 source files to /app/source/ratis-server-api/target/classes
[INFO] 
[INFO] --- maven-resources-plugin:3.1.0:testResources (default-testResources) @ ratis-server-api ---
[INFO] Not copying test resources
[INFO] 
[INFO] --- maven-compiler-plugin:3.8.1:testCompile (default-testCompile) @ ratis-server-api ---
[INFO] Not compiling test sources
[INFO] 
[INFO] --- maven-surefire-plugin:3.0.0-M1:test (default-test) @ ratis-server-api ---
[INFO] Tests are skipped.
[INFO] 
[INFO] --- maven-jar-plugin:3.2.0:test-jar (default) @ ratis-server-api ---
[INFO] Skipping packaging of the test-jar
[INFO] 
[INFO] --- maven-jar-plugin:3.2.0:jar (default-jar) @ ratis-server-api ---
[INFO] Building jar: /app/source/ratis-server-api/target/ratis-server-api-3.0.0-SNAPSHOT.jar
[INFO] 
[INFO] --- maven-site-plugin:3.7.1:attach-descriptor (attach-descriptor) @ ratis-server-api ---
[INFO] Skipping because packaging 'jar' is not pom.
[INFO] 
[INFO] --- maven-install-plugin:3.0.0-M1:install (default-install) @ ratis-server-api ---
[INFO] Installing /app/source/ratis-server-api/target/ratis-server-api-3.0.0-SNAPSHOT.jar to /root/.m2/repository/org/apache/ratis/ratis-server-api/3.0.0-SNAPSHOT/ratis-server-api-3.0.0-SNAPSHOT.jar
[INFO] Installing /app/source/ratis-server-api/pom.xml to /root/.m2/repository/org/apache/ratis/ratis-server-api/3.0.0-SNAPSHOT/ratis-server-api-3.0.0-SNAPSHOT.pom
[INFO] 
[INFO] -------------------< org.apache.ratis:ratis-metrics >-------------------
[INFO] Building Apache Ratis Metrics 3.0.0-SNAPSHOT                       [6/7]
[INFO] --------------------------------[ jar ]---------------------------------
[INFO] 
[INFO] --- maven-clean-plugin:3.1.0:clean (default-clean) @ ratis-metrics ---
[INFO] Deleting /app/source/ratis-metrics/target
[INFO] 
[INFO] --- build-helper-maven-plugin:1.9:add-source (add-source) @ ratis-metrics ---
[INFO] Source directory: /app/source/ratis-metrics/target/generated-sources added.
[INFO] 
[INFO] --- maven-remote-resources-plugin:1.7.0:process (process-resource-bundles) @ ratis-metrics ---
[INFO] Preparing remote bundle org.apache:apache-jar-resource-bundle:1.4
[INFO] Copying 3 resources from 1 bundle.
[INFO] 
[INFO] --- buildnumber-maven-plugin:1.4:create-metadata (default) @ ratis-metrics ---
[INFO] Executing: /bin/sh -c cd '/app/source/ratis-metrics' && 'git' 'rev-parse' '--verify' 'HEAD'
[INFO] Working directory: /app/source/ratis-metrics
[INFO] 
[INFO] --- maven-resources-plugin:3.1.0:resources (default-resources) @ ratis-metrics ---
[INFO] Using 'UTF-8' encoding to copy filtered resources.
[INFO] Copying 1 resource
[INFO] Copying 3 resources
[INFO] 
[INFO] --- maven-compiler-plugin:3.8.1:compile (default-compile) @ ratis-metrics ---
[INFO] Compiling 13 source files to /app/source/ratis-metrics/target/classes
[INFO] 
[INFO] --- maven-resources-plugin:3.1.0:testResources (default-testResources) @ ratis-metrics ---
[INFO] Not copying test resources
[INFO] 
[INFO] --- maven-compiler-plugin:3.8.1:testCompile (default-testCompile) @ ratis-metrics ---
[INFO] Not compiling test sources
[INFO] 
[INFO] --- maven-surefire-plugin:3.0.0-M1:test (default-test) @ ratis-metrics ---
[INFO] Tests are skipped.
[INFO] 
[INFO] --- maven-jar-plugin:3.2.0:test-jar (default) @ ratis-metrics ---
[INFO] Skipping packaging of the test-jar
[INFO] 
[INFO] --- maven-jar-plugin:3.2.0:jar (default-jar) @ ratis-metrics ---
[INFO] Building jar: /app/source/ratis-metrics/target/ratis-metrics-3.0.0-SNAPSHOT.jar
[INFO] 
[INFO] --- maven-site-plugin:3.7.1:attach-descriptor (attach-descriptor) @ ratis-metrics ---
[INFO] Skipping because packaging 'jar' is not pom.
[INFO] 
[INFO] --- maven-install-plugin:3.0.0-M1:install (default-install) @ ratis-metrics ---
[INFO] Installing /app/source/ratis-metrics/target/ratis-metrics-3.0.0-SNAPSHOT.jar to /root/.m2/repository/org/apache/ratis/ratis-metrics/3.0.0-SNAPSHOT/ratis-metrics-3.0.0-SNAPSHOT.jar
[INFO] Installing /app/source/ratis-metrics/pom.xml to /root/.m2/repository/org/apache/ratis/ratis-metrics/3.0.0-SNAPSHOT/ratis-metrics-3.0.0-SNAPSHOT.pom
[INFO] 
[INFO] -------------------< org.apache.ratis:ratis-server >--------------------
[INFO] Building Apache Ratis Server 3.0.0-SNAPSHOT                        [7/7]
[INFO] --------------------------------[ jar ]---------------------------------
[INFO] 
[INFO] --- maven-clean-plugin:3.1.0:clean (default-clean) @ ratis-server ---
[INFO] Deleting /app/source/ratis-server/target
[INFO] 
[INFO] --- build-helper-maven-plugin:1.9:add-source (add-source) @ ratis-server ---
[INFO] Source directory: /app/source/ratis-server/target/generated-sources added.
[INFO] 
[INFO] --- maven-remote-resources-plugin:1.7.0:process (process-resource-bundles) @ ratis-server ---
[INFO] Preparing remote bundle org.apache:apache-jar-resource-bundle:1.4
[INFO] Copying 3 resources from 1 bundle.
[INFO] 
[INFO] --- buildnumber-maven-plugin:1.4:create-metadata (default) @ ratis-server ---
[INFO] Executing: /bin/sh -c cd '/app/source/ratis-server' && 'git' 'rev-parse' '--verify' 'HEAD'
[INFO] Working directory: /app/source/ratis-server
[INFO] 
[INFO] --- maven-resources-plugin:3.1.0:resources (default-resources) @ ratis-server ---
[INFO] Using 'UTF-8' encoding to copy filtered resources.
[INFO] skip non existing resourceDirectory /app/source/ratis-server/src/main/resources
[INFO] Copying 3 resources
[INFO] 
[INFO] --- maven-compiler-plugin:3.8.1:compile (default-compile) @ ratis-server ---
[INFO] Compiling 67 source files to /app/source/ratis-server/target/classes
[WARNING] /app/source/ratis-server/src/main/java/org/apache/ratis/server/impl/LeaderStateImpl.java:[1121,44] [deprecation] notifyFollowerSlowness(RoleInfoProto) in LeaderEventApi has been deprecated
[INFO] 
[INFO] --- maven-resources-plugin:3.1.0:testResources (default-testResources) @ ratis-server ---
[INFO] Not copying test resources
[INFO] 
[INFO] --- maven-compiler-plugin:3.8.1:testCompile (default-testCompile) @ ratis-server ---
[INFO] Not compiling test sources
[INFO] 
[INFO] --- maven-surefire-plugin:3.0.0-M1:test (default-test) @ ratis-server ---
[INFO] Tests are skipped.
[INFO] 
[INFO] --- maven-jar-plugin:3.2.0:test-jar (default) @ ratis-server ---
[INFO] Skipping packaging of the test-jar
[INFO] 
[INFO] --- maven-jar-plugin:3.2.0:jar (default-jar) @ ratis-server ---
[INFO] Building jar: /app/source/ratis-server/target/ratis-server-3.0.0-SNAPSHOT.jar
[INFO] 
[INFO] --- maven-site-plugin:3.7.1:attach-descriptor (attach-descriptor) @ ratis-server ---
[INFO] Skipping because packaging 'jar' is not pom.
[INFO] 
[INFO] --- maven-install-plugin:3.0.0-M1:install (default-install) @ ratis-server ---
[INFO] Installing /app/source/ratis-server/target/ratis-server-3.0.0-SNAPSHOT.jar to /root/.m2/repository/org/apache/ratis/ratis-server/3.0.0-SNAPSHOT/ratis-server-3.0.0-SNAPSHOT.jar
[INFO] Installing /app/source/ratis-server/pom.xml to /root/.m2/repository/org/apache/ratis/ratis-server/3.0.0-SNAPSHOT/ratis-server-3.0.0-SNAPSHOT.pom
[INFO] ------------------------------------------------------------------------
[INFO] Reactor Summary for Apache Ratis 3.0.0-SNAPSHOT:
[INFO] 
[INFO] Apache Ratis ....................................... SUCCESS [  1.350 s]
[INFO] Apache Ratis Protocols ............................. SUCCESS [  6.103 s]
[INFO] Apache Ratis Common ................................ SUCCESS [  2.337 s]
[INFO] Apache Ratis Client ................................ SUCCESS [  1.249 s]
[INFO] Apache Ratis Server API ............................ SUCCESS [  1.105 s]
[INFO] Apache Ratis Metrics ............................... SUCCESS [  0.921 s]
[INFO] Apache Ratis Server ................................ SUCCESS [  2.418 s]
[INFO] ------------------------------------------------------------------------
[INFO] BUILD SUCCESS
[INFO] ------------------------------------------------------------------------
[INFO] Total time:  16.185 s
[INFO] Finished at: 2026-03-26T10:11:17Z
[INFO] ------------------------------------------------------------------------
[INFO] Scanning for projects...
[INFO] ------------------------------------------------------------------------
[INFO] Detecting the operating system and CPU architecture
[INFO] ------------------------------------------------------------------------
[INFO] os.detected.name: linux
[INFO] os.detected.arch: x86_64
[INFO] os.detected.version: 6.17
[INFO] os.detected.version.major: 6
[INFO] os.detected.version.minor: 17
[INFO] os.detected.release: debian
[INFO] os.detected.release.version: 11
[INFO] os.detected.release.like.debian: true
[INFO] os.detected.classifier: linux-x86_64
[INFO] 
[INFO] -------------------< org.apache.ratis:ratis-server >--------------------
[INFO] Building Apache Ratis Server 3.0.0-SNAPSHOT
[INFO] --------------------------------[ jar ]---------------------------------
[INFO] 
[INFO] --- build-helper-maven-plugin:1.9:add-source (add-source) @ ratis-server ---
[INFO] Source directory: /app/source/ratis-server/target/generated-sources added.
[INFO] 
[INFO] --- maven-remote-resources-plugin:1.7.0:process (process-resource-bundles) @ ratis-server ---
[INFO] Preparing remote bundle org.apache:apache-jar-resource-bundle:1.4
[INFO] Copying 3 resources from 1 bundle.
[INFO] 
[INFO] --- buildnumber-maven-plugin:1.4:create-metadata (default) @ ratis-server ---
[INFO] Executing: /bin/sh -c cd '/app/source/ratis-server' && 'git' 'rev-parse' '--verify' 'HEAD'
[INFO] Working directory: /app/source/ratis-server
[INFO] 
[INFO] --- maven-resources-plugin:3.1.0:resources (default-resources) @ ratis-server ---
[INFO] Using 'UTF-8' encoding to copy filtered resources.
[INFO] skip non existing resourceDirectory /app/source/ratis-server/src/main/resources
[INFO] Copying 3 resources
[INFO] 
[INFO] --- maven-compiler-plugin:3.8.1:compile (default-compile) @ ratis-server ---
[INFO] Nothing to compile - all classes are up to date
[INFO] 
[INFO] --- maven-resources-plugin:3.1.0:testResources (default-testResources) @ ratis-server ---
[INFO] Using 'UTF-8' encoding to copy filtered resources.
[INFO] skip non existing resourceDirectory /app/source/ratis-server/src/test/resources
[INFO] Copying 3 resources
[INFO] 
[INFO] --- maven-compiler-plugin:3.8.1:testCompile (default-testCompile) @ ratis-server ---
[INFO] Compiling 43 source files to /app/source/ratis-server/target/test-classes
[INFO] 
[INFO] --- maven-surefire-plugin:3.0.0-M1:test (default-test) @ ratis-server ---
[INFO] 
[INFO] -------------------------------------------------------
[INFO]  T E S T S
[INFO] -------------------------------------------------------
[INFO] Running org.apache.ratis.server.metrics.TestLeaderElectionMetrics
[INFO] Tests run: 1, Failures: 0, Errors: 0, Skipped: 0, Time elapsed: 0.333 s - in org.apache.ratis.server.metrics.TestLeaderElectionMetrics
[INFO] 
[INFO] Results:
[INFO] 
[INFO] Tests run: 1, Failures: 0, Errors: 0, Skipped: 0
[INFO] 
[INFO] ------------------------------------------------------------------------
[INFO] BUILD SUCCESS
[INFO] ------------------------------------------------------------------------
[INFO] Total time:  5.822 s
[INFO] Finished at: 2026-03-26T10:11:24Z
[INFO] ------------------------------------------------------------------------
[INFO] Loading execution data file /app/source/testOnLeaderElectionCompletion_1.exec.
[INFO] Analyzing 205 classes.
✅ Coverage data written to coverage_results.csv
  - flaky-result/coverage_results.csv
