=== Lint Generator Start ===
ROOT_DIR=/app/source
MODULE_DIR=/app/source/curator-recipes
module=curator-recipes
full_test_name=org.apache.curator.framework.recipes.locks.TestInterProcessMutex#testReentrantSingleLock
iterations=1
OUTPUT_DIR=/app/source/flaky-result/lint
test_class=org.apache.curator.framework.recipes.locks.TestInterProcessMutex
simple_test_class=TestInterProcessMutex
package_name=org.apache.curator.framework.recipes.locks
package_path=org/apache/curator/framework/recipes/locks
=== Step 1: locate exact target test file ===
target_file=/app/source/curator-recipes/src/test/java/org/apache/curator/framework/recipes/locks/TestInterProcessMutex.java
target_basename=TestInterProcessMutex.java
=== Step 2: create isolated temp project ===
TMP_DIR=/app/source/tmp-checkstyle-732
Copied target file into isolated temp project
=== Step 3: run Checkstyle inside temp project ===
checkstyle_exit=0
=== Step 4: copy results from temp directory to flaky-result/lint ===
Copied XML report to: /app/source/flaky-result/lint/checkstyle-result.xml
=== Step 5: validate output ===
=== Step 6: summarize result ===
Violation count: 31
Status: VIOLATIONS_FOUND
=== Step 7: final output files ===
/app/source/flaky-result/lint/checkstyle-result.xml
/app/source/flaky-result/lint/checkstyle-stderr.log
/app/source/flaky-result/lint/checkstyle-stdout.log
/app/source/flaky-result/lint/lint.log
/app/source/flaky-result/lint/status.txt
/app/source/flaky-result/lint/tmp-checkstyle-pom.xml
=== Done ===
Deleted temp directory: /app/source/tmp-checkstyle-732
