[INFO] Scanning for projects...
[WARNING] 
[WARNING] Some problems were encountered while building the effective model for org.apache.hadoop:hadoop-auth:jar:3.4.0-SNAPSHOT
[WARNING] 'dependencies.dependency.(groupId:artifactId:type:classifier)' must be unique: org.eclipse.jetty:jetty-server:jar -> duplicate declaration of version (?) @ line 191, column 17
[WARNING] 
[WARNING] Some problems were encountered while building the effective model for org.apache.hadoop:hadoop-yarn-server-resourcemanager:jar:3.4.0-SNAPSHOT
[WARNING] 'build.plugins.plugin.version' for org.jsonschema2pojo:jsonschema2pojo-maven-plugin is missing. @ line 443, column 15
[WARNING] 
[WARNING] Some problems were encountered while building the effective model for org.apache.hadoop:hadoop-huaweicloud:jar:3.4.0-SNAPSHOT
[WARNING] 'build.plugins.plugin.version' for org.codehaus.mojo:findbugs-maven-plugin is missing. @ line 58, column 15
[WARNING] 
[WARNING] It is highly recommended to fix these problems because they threaten the stability of your build.
[WARNING] 
[WARNING] For this reason, future Maven versions might no longer support building such malformed projects.
[WARNING] 
[INFO] ------------------------------------------------------------------------
[INFO] Detecting the operating system and CPU architecture
[INFO] ------------------------------------------------------------------------
[INFO] os.detected.name: linux
[INFO] os.detected.arch: x86_64
[INFO] os.detected.version: 6.17
[INFO] os.detected.version.major: 6
[INFO] os.detected.version.minor: 17
[INFO] os.detected.release: debian
[INFO] os.detected.release.version: 11
[INFO] os.detected.release.like.debian: true
[INFO] os.detected.classifier: linux-x86_64
[INFO] ------------------------------------------------------------------------
[INFO] Reactor Build Order:
[INFO] 
[INFO] Apache Hadoop Main                                                 [pom]
[INFO] Apache Hadoop Build Tools                                          [jar]
[INFO] Apache Hadoop Project POM                                          [pom]
[INFO] Apache Hadoop Annotations                                          [jar]
[INFO] Apache Hadoop Project Dist POM                                     [pom]
[INFO] Apache Hadoop Maven Plugins                               [maven-plugin]
[INFO] Apache Hadoop MiniKDC                                              [jar]
[INFO] Apache Hadoop Auth                                                 [jar]
[INFO] Apache Hadoop Common                                               [jar]
[INFO] Apache Hadoop KMS                                                  [jar]
[INFO] Apache Hadoop HDFS Client                                          [jar]
[INFO] Apache Hadoop HDFS                                                 [jar]
[INFO] 
[INFO] -------------------< org.apache.hadoop:hadoop-main >--------------------
[INFO] Building Apache Hadoop Main 3.4.0-SNAPSHOT                        [1/12]
[INFO] --------------------------------[ pom ]---------------------------------
[INFO] 
[INFO] --- maven-enforcer-plugin:3.0.0-M1:enforce (clean) @ hadoop-main ---
[INFO] Skipping Rule Enforcement.
[INFO] 
[INFO] --- maven-clean-plugin:2.5:clean (default-clean) @ hadoop-main ---
[INFO] Deleting /app/source/target
[INFO] 
[INFO] --- maven-enforcer-plugin:3.0.0-M1:enforce (default) @ hadoop-main ---
[INFO] Skipping Rule Enforcement.
[INFO] 
[INFO] --- maven-enforcer-plugin:3.0.0-M1:enforce (enforce-property) @ hadoop-main ---
[INFO] Skipping Rule Enforcement.
[INFO] 
[INFO] --- maven-site-plugin:3.6:attach-descriptor (attach-descriptor) @ hadoop-main ---
[INFO] No site descriptor found: nothing to attach.
[INFO] 
[INFO] --- maven-install-plugin:2.4:install (default-install) @ hadoop-main ---
[INFO] Installing /app/source/pom.xml to /root/.m2/repository/org/apache/hadoop/hadoop-main/3.4.0-SNAPSHOT/hadoop-main-3.4.0-SNAPSHOT.pom
[INFO] 
[INFO] ----------------< org.apache.hadoop:hadoop-build-tools >----------------
[INFO] Building Apache Hadoop Build Tools 3.4.0-SNAPSHOT                 [2/12]
[INFO] --------------------------------[ jar ]---------------------------------
[INFO] 
[INFO] --- maven-clean-plugin:2.5:clean (default-clean) @ hadoop-build-tools ---
[INFO] Deleting /app/source/hadoop-build-tools/target
[INFO] 
[INFO] --- maven-resources-plugin:3.0.1:copy-resources (copy-resources) @ hadoop-build-tools ---
[INFO] Using 'UTF-8' encoding to copy filtered resources.
[INFO] Copying 2 resources
[INFO] 
[INFO] --- maven-antrun-plugin:1.7:run (dummy) @ hadoop-build-tools ---
[INFO] No ant target defined - SKIPPED
[INFO] 
[INFO] --- maven-resources-plugin:3.0.1:resources (default-resources) @ hadoop-build-tools ---
[INFO] Using 'UTF-8' encoding to copy filtered resources.
[INFO] Copying 2 resources to META-INF
[INFO] Copying 3 resources
[INFO] 
[INFO] --- maven-remote-resources-plugin:1.5:bundle (default) @ hadoop-build-tools ---
[INFO] 
[INFO] --- maven-compiler-plugin:3.1:compile (default-compile) @ hadoop-build-tools ---
[INFO] No sources to compile
[INFO] 
[INFO] --- maven-resources-plugin:3.0.1:testResources (default-testResources) @ hadoop-build-tools ---
[INFO] Not copying test resources
[INFO] 
[INFO] --- maven-compiler-plugin:3.1:testCompile (default-testCompile) @ hadoop-build-tools ---
[INFO] Not compiling test sources
[INFO] 
[INFO] --- maven-surefire-plugin:2.12.4:test (default-test) @ hadoop-build-tools ---
[INFO] Tests are skipped.
[INFO] 
[INFO] --- maven-jar-plugin:2.4:jar (default-jar) @ hadoop-build-tools ---
[INFO] Building jar: /app/source/hadoop-build-tools/target/hadoop-build-tools-3.4.0-SNAPSHOT.jar
[INFO] 
[INFO] --- maven-site-plugin:3.6:attach-descriptor (attach-descriptor) @ hadoop-build-tools ---
[INFO] Skipping because packaging 'jar' is not pom.
[INFO] 
[INFO] --- maven-install-plugin:2.4:install (default-install) @ hadoop-build-tools ---
[INFO] Installing /app/source/hadoop-build-tools/target/hadoop-build-tools-3.4.0-SNAPSHOT.jar to /root/.m2/repository/org/apache/hadoop/hadoop-build-tools/3.4.0-SNAPSHOT/hadoop-build-tools-3.4.0-SNAPSHOT.jar
[INFO] Installing /app/source/hadoop-build-tools/pom.xml to /root/.m2/repository/org/apache/hadoop/hadoop-build-tools/3.4.0-SNAPSHOT/hadoop-build-tools-3.4.0-SNAPSHOT.pom
[INFO] 
[INFO] ------------------< org.apache.hadoop:hadoop-project >------------------
[INFO] Building Apache Hadoop Project POM 3.4.0-SNAPSHOT                 [3/12]
[INFO] --------------------------------[ pom ]---------------------------------
[INFO] 
[INFO] --- maven-clean-plugin:3.1.0:clean (default-clean) @ hadoop-project ---
[INFO] Deleting /app/source/hadoop-project/target
[INFO] Deleting /app/source/hadoop-project (includes = [dependency-reduced-pom.xml], excludes = [])
[INFO] 
[INFO] --- maven-antrun-plugin:1.7:run (create-testdirs) @ hadoop-project ---
[INFO] Executing tasks

main:
    [mkdir] Created dir: /app/source/hadoop-project/target/test-dir
[INFO] Executed tasks
[INFO] 
[INFO] --- replacer:1.5.3:replace (replace-generated-sources) @ hadoop-project ---
[INFO] Skipping
[INFO] 
[INFO] --- replacer:1.5.3:replace (replace-sources) @ hadoop-project ---
[INFO] Skipping
[INFO] 
[INFO] --- replacer:1.5.3:replace (replace-guava) @ hadoop-project ---
[INFO] Replacement run on 0 file.
[INFO] 
[INFO] --- maven-remote-resources-plugin:1.5:process (default) @ hadoop-project ---
[INFO] 
[INFO] --- replacer:1.5.3:replace (replace-test-sources) @ hadoop-project ---
[INFO] Skipping
[INFO] 
[INFO] --- replacer:1.5.3:replace (replace-generated-test-sources) @ hadoop-project ---
[INFO] Skipping
[INFO] 
[INFO] --- maven-site-plugin:3.6:attach-descriptor (attach-descriptor) @ hadoop-project ---
[INFO] Attaching 'src/site/site.xml' site descriptor with classifier 'site'.
[INFO] 
[INFO] --- maven-enforcer-plugin:3.0.0-M1:enforce (depcheck) @ hadoop-project ---
[INFO] Skipping Rule Enforcement.
[INFO] 
[INFO] --- maven-install-plugin:2.5.1:install (default-install) @ hadoop-project ---
[INFO] Installing /app/source/hadoop-project/pom.xml to /root/.m2/repository/org/apache/hadoop/hadoop-project/3.4.0-SNAPSHOT/hadoop-project-3.4.0-SNAPSHOT.pom
[INFO] Installing /app/source/hadoop-project/target/hadoop-project-3.4.0-SNAPSHOT-site.xml to /root/.m2/repository/org/apache/hadoop/hadoop-project/3.4.0-SNAPSHOT/hadoop-project-3.4.0-SNAPSHOT-site.xml
[INFO] 
[INFO] ----------------< org.apache.hadoop:hadoop-annotations >----------------
[INFO] Building Apache Hadoop Annotations 3.4.0-SNAPSHOT                 [4/12]
[INFO] --------------------------------[ jar ]---------------------------------
[INFO] 
[INFO] --- maven-clean-plugin:3.1.0:clean (default-clean) @ hadoop-annotations ---
[INFO] Deleting /app/source/hadoop-common-project/hadoop-annotations/target
[INFO] Deleting /app/source/hadoop-common-project/hadoop-annotations (includes = [dependency-reduced-pom.xml], excludes = [])
[INFO] 
[INFO] --- maven-antrun-plugin:1.7:run (create-testdirs) @ hadoop-annotations ---
[INFO] Executing tasks

main:
    [mkdir] Created dir: /app/source/hadoop-common-project/hadoop-annotations/target/test-dir
[INFO] Executed tasks
[INFO] 
[INFO] --- replacer:1.5.3:replace (replace-generated-sources) @ hadoop-annotations ---
[INFO] Skipping
[INFO] 
[INFO] --- replacer:1.5.3:replace (replace-sources) @ hadoop-annotations ---
[INFO] Skipping
[INFO] 
[INFO] --- replacer:1.5.3:replace (replace-guava) @ hadoop-annotations ---
[INFO] Replacement run on 9 files.
[INFO] 
[INFO] --- maven-remote-resources-plugin:1.5:process (default) @ hadoop-annotations ---
[INFO] 
[INFO] --- maven-resources-plugin:2.6:resources (default-resources) @ hadoop-annotations ---
[INFO] Using 'UTF-8' encoding to copy filtered resources.
[INFO] skip non existing resourceDirectory /app/source/hadoop-common-project/hadoop-annotations/src/main/resources
[INFO] Copying 2 resources
[INFO] 
[INFO] --- maven-compiler-plugin:3.1:compile (default-compile) @ hadoop-annotations ---
[INFO] Compiling 9 source files to /app/source/hadoop-common-project/hadoop-annotations/target/classes
[INFO] 
[INFO] --- replacer:1.5.3:replace (replace-test-sources) @ hadoop-annotations ---
[INFO] Skipping
[INFO] 
[INFO] --- maven-resources-plugin:2.6:testResources (default-testResources) @ hadoop-annotations ---
[INFO] Not copying test resources
[INFO] 
[INFO] --- replacer:1.5.3:replace (replace-generated-test-sources) @ hadoop-annotations ---
[INFO] Skipping
[INFO] 
[INFO] --- maven-compiler-plugin:3.1:testCompile (default-testCompile) @ hadoop-annotations ---
[INFO] Not compiling test sources
[INFO] 
[INFO] --- maven-surefire-plugin:3.0.0-M1:test (default-test) @ hadoop-annotations ---
[INFO] Tests are skipped.
[INFO] 
[INFO] --- maven-jar-plugin:2.5:jar (default-jar) @ hadoop-annotations ---
[INFO] Building jar: /app/source/hadoop-common-project/hadoop-annotations/target/hadoop-annotations-3.4.0-SNAPSHOT.jar
[INFO] 
[INFO] --- maven-site-plugin:3.6:attach-descriptor (attach-descriptor) @ hadoop-annotations ---
[INFO] Skipping because packaging 'jar' is not pom.
[INFO] 
[INFO] --- maven-enforcer-plugin:3.0.0-M1:enforce (depcheck) @ hadoop-annotations ---
[INFO] Skipping Rule Enforcement.
[INFO] 
[INFO] --- maven-install-plugin:2.5.1:install (default-install) @ hadoop-annotations ---
[INFO] Installing /app/source/hadoop-common-project/hadoop-annotations/target/hadoop-annotations-3.4.0-SNAPSHOT.jar to /root/.m2/repository/org/apache/hadoop/hadoop-annotations/3.4.0-SNAPSHOT/hadoop-annotations-3.4.0-SNAPSHOT.jar
[INFO] Installing /app/source/hadoop-common-project/hadoop-annotations/pom.xml to /root/.m2/repository/org/apache/hadoop/hadoop-annotations/3.4.0-SNAPSHOT/hadoop-annotations-3.4.0-SNAPSHOT.pom
[INFO] 
[INFO] ---------------< org.apache.hadoop:hadoop-project-dist >----------------
[INFO] Building Apache Hadoop Project Dist POM 3.4.0-SNAPSHOT            [5/12]
[INFO] --------------------------------[ pom ]---------------------------------
[INFO] 
[INFO] --- maven-clean-plugin:3.1.0:clean (default-clean) @ hadoop-project-dist ---
[INFO] Deleting /app/source/hadoop-project-dist/target
[INFO] Deleting /app/source/hadoop-project-dist (includes = [dependency-reduced-pom.xml], excludes = [])
[INFO] 
[INFO] --- maven-antrun-plugin:1.7:run (create-testdirs) @ hadoop-project-dist ---
[INFO] Executing tasks

main:
    [mkdir] Created dir: /app/source/hadoop-project-dist/target/test-dir
    [mkdir] Created dir: /app/source/hadoop-project-dist/target/test/data
[INFO] Executed tasks
[INFO] 
[INFO] --- replacer:1.5.3:replace (replace-generated-sources) @ hadoop-project-dist ---
[INFO] Skipping
[INFO] 
[INFO] --- replacer:1.5.3:replace (replace-sources) @ hadoop-project-dist ---
[INFO] Skipping
[INFO] 
[INFO] --- replacer:1.5.3:replace (replace-guava) @ hadoop-project-dist ---
[INFO] Replacement run on 0 file.
[INFO] 
[INFO] --- maven-remote-resources-plugin:1.5:process (default) @ hadoop-project-dist ---
[INFO] 
[INFO] --- replacer:1.5.3:replace (replace-test-sources) @ hadoop-project-dist ---
[INFO] Skipping
[INFO] 
[INFO] --- replacer:1.5.3:replace (replace-generated-test-sources) @ hadoop-project-dist ---
[INFO] Skipping
[INFO] 
[INFO] --- maven-jar-plugin:2.5:jar (prepare-jar) @ hadoop-project-dist ---
[WARNING] JAR will be empty - no content was marked for inclusion!
[INFO] Building jar: /app/source/hadoop-project-dist/target/hadoop-project-dist-3.4.0-SNAPSHOT.jar
[INFO] 
[INFO] --- maven-jar-plugin:2.5:test-jar (prepare-test-jar) @ hadoop-project-dist ---
[INFO] Skipping packaging of the test-jar
[INFO] 
[INFO] --- maven-site-plugin:3.6:attach-descriptor (attach-descriptor) @ hadoop-project-dist ---
[INFO] No site descriptor found: nothing to attach.
[INFO] 
[INFO] --- maven-enforcer-plugin:3.0.0-M1:enforce (depcheck) @ hadoop-project-dist ---
[INFO] Skipping Rule Enforcement.
[INFO] 
[INFO] --- maven-install-plugin:2.5.1:install (default-install) @ hadoop-project-dist ---
[INFO] Installing /app/source/hadoop-project-dist/pom.xml to /root/.m2/repository/org/apache/hadoop/hadoop-project-dist/3.4.0-SNAPSHOT/hadoop-project-dist-3.4.0-SNAPSHOT.pom
[INFO] 
[INFO] ---------------< org.apache.hadoop:hadoop-maven-plugins >---------------
[INFO] Building Apache Hadoop Maven Plugins 3.4.0-SNAPSHOT               [6/12]
[INFO] ----------------------------[ maven-plugin ]----------------------------
[INFO] 
[INFO] --- maven-clean-plugin:3.1.0:clean (default-clean) @ hadoop-maven-plugins ---
[INFO] Deleting /app/source/hadoop-maven-plugins/target
[INFO] Deleting /app/source/hadoop-maven-plugins (includes = [dependency-reduced-pom.xml], excludes = [])
[INFO] 
[INFO] --- maven-antrun-plugin:1.7:run (create-testdirs) @ hadoop-maven-plugins ---
[INFO] Executing tasks

main:
    [mkdir] Created dir: /app/source/hadoop-maven-plugins/target/test-dir
[INFO] Executed tasks
[INFO] 
[INFO] --- replacer:1.5.3:replace (replace-generated-sources) @ hadoop-maven-plugins ---
[INFO] Skipping
[INFO] 
[INFO] --- replacer:1.5.3:replace (replace-sources) @ hadoop-maven-plugins ---
[INFO] Skipping
[INFO] 
[INFO] --- replacer:1.5.3:replace (replace-guava) @ hadoop-maven-plugins ---
[INFO] Replacement run on 13 files.
[INFO] 
[INFO] --- maven-remote-resources-plugin:1.5:process (default) @ hadoop-maven-plugins ---
[INFO] 
[INFO] --- maven-resources-plugin:2.6:resources (default-resources) @ hadoop-maven-plugins ---
[INFO] Using 'UTF-8' encoding to copy filtered resources.
[INFO] skip non existing resourceDirectory /app/source/hadoop-maven-plugins/src/main/resources
[INFO] Copying 2 resources
[INFO] 
[INFO] --- maven-compiler-plugin:3.1:compile (default-compile) @ hadoop-maven-plugins ---
[INFO] Compiling 13 source files to /app/source/hadoop-maven-plugins/target/classes
[WARNING] /app/source/hadoop-maven-plugins/src/main/java/org/apache/hadoop/maven/plugin/resourcegz/ResourceGzMojo.java: /app/source/hadoop-maven-plugins/src/main/java/org/apache/hadoop/maven/plugin/resourcegz/ResourceGzMojo.java uses or overrides a deprecated API.
[WARNING] /app/source/hadoop-maven-plugins/src/main/java/org/apache/hadoop/maven/plugin/resourcegz/ResourceGzMojo.java: Recompile with -Xlint:deprecation for details.
[INFO] 
[INFO] --- maven-plugin-plugin:3.6.0:descriptor (default-descriptor) @ hadoop-maven-plugins ---
[INFO] Using 'UTF-8' encoding to read mojo source files.
[INFO] java-javadoc mojo extractor found 0 mojo descriptor.
[INFO] java-annotations mojo extractor found 7 mojo descriptors.
[INFO] 
[INFO] --- replacer:1.5.3:replace (replace-test-sources) @ hadoop-maven-plugins ---
[INFO] Skipping
[INFO] 
[INFO] --- maven-resources-plugin:2.6:testResources (default-testResources) @ hadoop-maven-plugins ---
[INFO] Not copying test resources
[INFO] 
[INFO] --- replacer:1.5.3:replace (replace-generated-test-sources) @ hadoop-maven-plugins ---
[INFO] Skipping
[INFO] 
[INFO] --- maven-compiler-plugin:3.1:testCompile (default-testCompile) @ hadoop-maven-plugins ---
[INFO] Not compiling test sources
[INFO] 
[INFO] --- maven-surefire-plugin:3.0.0-M1:test (default-test) @ hadoop-maven-plugins ---
[INFO] Tests are skipped.
[INFO] 
[INFO] --- maven-jar-plugin:2.5:jar (default-jar) @ hadoop-maven-plugins ---
[INFO] Building jar: /app/source/hadoop-maven-plugins/target/hadoop-maven-plugins-3.4.0-SNAPSHOT.jar
[INFO] 
[INFO] --- maven-plugin-plugin:3.6.0:addPluginArtifactMetadata (default-addPluginArtifactMetadata) @ hadoop-maven-plugins ---
[INFO] 
[INFO] --- maven-site-plugin:3.6:attach-descriptor (attach-descriptor) @ hadoop-maven-plugins ---
[INFO] Skipping because packaging 'maven-plugin' is not pom.
[INFO] 
[INFO] --- maven-enforcer-plugin:3.0.0-M1:enforce (depcheck) @ hadoop-maven-plugins ---
[INFO] Skipping Rule Enforcement.
[INFO] 
[INFO] --- maven-install-plugin:2.5.1:install (default-install) @ hadoop-maven-plugins ---
[INFO] Installing /app/source/hadoop-maven-plugins/target/hadoop-maven-plugins-3.4.0-SNAPSHOT.jar to /root/.m2/repository/org/apache/hadoop/hadoop-maven-plugins/3.4.0-SNAPSHOT/hadoop-maven-plugins-3.4.0-SNAPSHOT.jar
[INFO] Installing /app/source/hadoop-maven-plugins/pom.xml to /root/.m2/repository/org/apache/hadoop/hadoop-maven-plugins/3.4.0-SNAPSHOT/hadoop-maven-plugins-3.4.0-SNAPSHOT.pom
[INFO] 
[INFO] ------------------< org.apache.hadoop:hadoop-minikdc >------------------
[INFO] Building Apache Hadoop MiniKDC 3.4.0-SNAPSHOT                     [7/12]
[INFO] --------------------------------[ jar ]---------------------------------
[INFO] 
[INFO] --- maven-clean-plugin:3.1.0:clean (default-clean) @ hadoop-minikdc ---
[INFO] Deleting /app/source/hadoop-common-project/hadoop-minikdc/target
[INFO] Deleting /app/source/hadoop-common-project/hadoop-minikdc (includes = [dependency-reduced-pom.xml], excludes = [])
[INFO] 
[INFO] --- maven-antrun-plugin:1.7:run (create-testdirs) @ hadoop-minikdc ---
[INFO] Executing tasks

main:
    [mkdir] Created dir: /app/source/hadoop-common-project/hadoop-minikdc/target/test-dir
[INFO] Executed tasks
[INFO] 
[INFO] --- replacer:1.5.3:replace (replace-generated-sources) @ hadoop-minikdc ---
[INFO] Skipping
[INFO] 
[INFO] --- replacer:1.5.3:replace (replace-sources) @ hadoop-minikdc ---
[INFO] Skipping
[INFO] 
[INFO] --- replacer:1.5.3:replace (replace-guava) @ hadoop-minikdc ---
[INFO] Replacement run on 4 files.
[INFO] 
[INFO] --- maven-remote-resources-plugin:1.5:process (default) @ hadoop-minikdc ---
[INFO] 
[INFO] --- maven-resources-plugin:2.6:resources (default-resources) @ hadoop-minikdc ---
[INFO] Using 'UTF-8' encoding to copy filtered resources.
[INFO] Copying 1 resource
[INFO] Copying 2 resources
[INFO] 
[INFO] --- maven-compiler-plugin:3.1:compile (default-compile) @ hadoop-minikdc ---
[INFO] Compiling 2 source files to /app/source/hadoop-common-project/hadoop-minikdc/target/classes
[INFO] 
[INFO] --- replacer:1.5.3:replace (replace-test-sources) @ hadoop-minikdc ---
[INFO] Skipping
[INFO] 
[INFO] --- maven-resources-plugin:2.6:testResources (default-testResources) @ hadoop-minikdc ---
[INFO] Not copying test resources
[INFO] 
[INFO] --- replacer:1.5.3:replace (replace-generated-test-sources) @ hadoop-minikdc ---
[INFO] Skipping
[INFO] 
[INFO] --- maven-compiler-plugin:3.1:testCompile (default-testCompile) @ hadoop-minikdc ---
[INFO] Not compiling test sources
[INFO] 
[INFO] --- maven-surefire-plugin:3.0.0-M1:test (default-test) @ hadoop-minikdc ---
[INFO] Tests are skipped.
[INFO] 
[INFO] --- maven-jar-plugin:2.5:jar (default-jar) @ hadoop-minikdc ---
[INFO] Building jar: /app/source/hadoop-common-project/hadoop-minikdc/target/hadoop-minikdc-3.4.0-SNAPSHOT.jar
[INFO] 
[INFO] --- maven-site-plugin:3.6:attach-descriptor (attach-descriptor) @ hadoop-minikdc ---
[INFO] Skipping because packaging 'jar' is not pom.
[INFO] 
[INFO] --- maven-enforcer-plugin:3.0.0-M1:enforce (depcheck) @ hadoop-minikdc ---
[INFO] Skipping Rule Enforcement.
[INFO] 
[INFO] --- maven-install-plugin:2.5.1:install (default-install) @ hadoop-minikdc ---
[INFO] Installing /app/source/hadoop-common-project/hadoop-minikdc/target/hadoop-minikdc-3.4.0-SNAPSHOT.jar to /root/.m2/repository/org/apache/hadoop/hadoop-minikdc/3.4.0-SNAPSHOT/hadoop-minikdc-3.4.0-SNAPSHOT.jar
[INFO] Installing /app/source/hadoop-common-project/hadoop-minikdc/pom.xml to /root/.m2/repository/org/apache/hadoop/hadoop-minikdc/3.4.0-SNAPSHOT/hadoop-minikdc-3.4.0-SNAPSHOT.pom
[INFO] 
[INFO] -------------------< org.apache.hadoop:hadoop-auth >--------------------
[INFO] Building Apache Hadoop Auth 3.4.0-SNAPSHOT                        [8/12]
[INFO] --------------------------------[ jar ]---------------------------------
[INFO] 
[INFO] --- maven-clean-plugin:3.1.0:clean (default-clean) @ hadoop-auth ---
[INFO] Deleting /app/source/hadoop-common-project/hadoop-auth/target
[INFO] Deleting /app/source/hadoop-common-project/hadoop-auth (includes = [dependency-reduced-pom.xml], excludes = [])
[INFO] 
[INFO] --- maven-antrun-plugin:1.7:run (create-testdirs) @ hadoop-auth ---
[INFO] Executing tasks

main:
    [mkdir] Created dir: /app/source/hadoop-common-project/hadoop-auth/target/test-dir
[INFO] Executed tasks
[INFO] 
[INFO] --- replacer:1.5.3:replace (replace-generated-sources) @ hadoop-auth ---
[INFO] Skipping
[INFO] 
[INFO] --- replacer:1.5.3:replace (replace-sources) @ hadoop-auth ---
[INFO] Skipping
[INFO] 
[INFO] --- replacer:1.5.3:replace (replace-guava) @ hadoop-auth ---
[INFO] Replacement run on 58 files.
[INFO] 
[INFO] --- maven-remote-resources-plugin:1.5:process (default) @ hadoop-auth ---
[INFO] 
[INFO] --- maven-resources-plugin:2.6:resources (default-resources) @ hadoop-auth ---
[INFO] Using 'UTF-8' encoding to copy filtered resources.
[INFO] skip non existing resourceDirectory /app/source/hadoop-common-project/hadoop-auth/src/main/resources
[INFO] Copying 2 resources
[INFO] 
[INFO] --- maven-compiler-plugin:3.1:compile (default-compile) @ hadoop-auth ---
[INFO] Compiling 31 source files to /app/source/hadoop-common-project/hadoop-auth/target/classes
[WARNING] /app/source/hadoop-common-project/hadoop-auth/src/main/java/org/apache/hadoop/security/authentication/client/KerberosAuthenticator.java: /app/source/hadoop-common-project/hadoop-auth/src/main/java/org/apache/hadoop/security/authentication/client/KerberosAuthenticator.java uses unchecked or unsafe operations.
[WARNING] /app/source/hadoop-common-project/hadoop-auth/src/main/java/org/apache/hadoop/security/authentication/client/KerberosAuthenticator.java: Recompile with -Xlint:unchecked for details.
[INFO] 
[INFO] --- replacer:1.5.3:replace (replace-test-sources) @ hadoop-auth ---
[INFO] Skipping
[INFO] 
[INFO] --- maven-resources-plugin:2.6:testResources (default-testResources) @ hadoop-auth ---
[INFO] Not copying test resources
[INFO] 
[INFO] --- replacer:1.5.3:replace (replace-generated-test-sources) @ hadoop-auth ---
[INFO] Skipping
[INFO] 
[INFO] --- maven-compiler-plugin:3.1:testCompile (default-testCompile) @ hadoop-auth ---
[INFO] Not compiling test sources
[INFO] 
[INFO] --- maven-surefire-plugin:3.0.0-M1:test (default-test) @ hadoop-auth ---
[INFO] Tests are skipped.
[INFO] 
[INFO] >>> maven-source-plugin:2.3:jar (default) > generate-sources @ hadoop-auth >>>
[INFO] 
[INFO] --- maven-antrun-plugin:1.7:run (create-testdirs) @ hadoop-auth ---
[INFO] Executing tasks

main:
[INFO] Executed tasks
[INFO] 
[INFO] <<< maven-source-plugin:2.3:jar (default) < generate-sources @ hadoop-auth <<<
[INFO] 
[INFO] 
[INFO] --- maven-source-plugin:2.3:jar (default) @ hadoop-auth ---
[INFO] Building jar: /app/source/hadoop-common-project/hadoop-auth/target/hadoop-auth-3.4.0-SNAPSHOT-sources.jar
[INFO] 
[INFO] --- maven-jar-plugin:2.5:jar (prepare-jar) @ hadoop-auth ---
[INFO] Building jar: /app/source/hadoop-common-project/hadoop-auth/target/hadoop-auth-3.4.0-SNAPSHOT.jar
[INFO] 
[INFO] --- maven-jar-plugin:2.5:test-jar (prepare-test-jar) @ hadoop-auth ---
[INFO] Skipping packaging of the test-jar
[INFO] 
[INFO] --- maven-jar-plugin:2.5:jar (default-jar) @ hadoop-auth ---
[INFO] 
[INFO] --- maven-site-plugin:3.6:attach-descriptor (attach-descriptor) @ hadoop-auth ---
[INFO] Skipping because packaging 'jar' is not pom.
[INFO] 
[INFO] --- maven-enforcer-plugin:3.0.0-M1:enforce (depcheck) @ hadoop-auth ---
[INFO] Skipping Rule Enforcement.
[INFO] 
[INFO] --- maven-install-plugin:2.5.1:install (default-install) @ hadoop-auth ---
[INFO] Installing /app/source/hadoop-common-project/hadoop-auth/target/hadoop-auth-3.4.0-SNAPSHOT.jar to /root/.m2/repository/org/apache/hadoop/hadoop-auth/3.4.0-SNAPSHOT/hadoop-auth-3.4.0-SNAPSHOT.jar
[INFO] Installing /app/source/hadoop-common-project/hadoop-auth/pom.xml to /root/.m2/repository/org/apache/hadoop/hadoop-auth/3.4.0-SNAPSHOT/hadoop-auth-3.4.0-SNAPSHOT.pom
[INFO] Installing /app/source/hadoop-common-project/hadoop-auth/target/hadoop-auth-3.4.0-SNAPSHOT-sources.jar to /root/.m2/repository/org/apache/hadoop/hadoop-auth/3.4.0-SNAPSHOT/hadoop-auth-3.4.0-SNAPSHOT-sources.jar
[INFO] 
[INFO] ------------------< org.apache.hadoop:hadoop-common >-------------------
[INFO] Building Apache Hadoop Common 3.4.0-SNAPSHOT                      [9/12]
[INFO] --------------------------------[ jar ]---------------------------------
[INFO] 
[INFO] --- maven-clean-plugin:3.1.0:clean (default-clean) @ hadoop-common ---
[INFO] Deleting /app/source/hadoop-common-project/hadoop-common/target
[INFO] Deleting /app/source/hadoop-common-project/hadoop-common/src/site/markdown (includes = [UnixShellAPI.md], excludes = [])
[INFO] Deleting /app/source/hadoop-common-project/hadoop-common/src/site/resources (includes = [configuration.xsl, core-default.xml], excludes = [])
[INFO] 
[INFO] --- maven-antrun-plugin:1.7:run (create-testdirs) @ hadoop-common ---
[INFO] Executing tasks

main:
    [mkdir] Created dir: /app/source/hadoop-common-project/hadoop-common/target/test-dir
    [mkdir] Created dir: /app/source/hadoop-common-project/hadoop-common/target/test/data
[INFO] Executed tasks
[INFO] 
[INFO] --- protobuf-maven-plugin:0.5.1:compile (src-compile-protoc) @ hadoop-common ---
[INFO] Compiling 14 proto file(s) to /app/source/hadoop-common-project/hadoop-common/target/generated-sources/java
[INFO] 
[INFO] --- protobuf-maven-plugin:0.5.1:compile (src-compile-protoc-legacy) @ hadoop-common ---
[INFO] Compiling 1 proto file(s) to /app/source/hadoop-common-project/hadoop-common/target/generated-sources/java
[INFO] 
[INFO] --- replacer:1.5.3:replace (replace-generated-sources) @ hadoop-common ---
[INFO] Replacement run on 14 files.
[INFO] 
[INFO] --- replacer:1.5.3:replace (replace-sources) @ hadoop-common ---
[INFO] Replacement run on 1079 files.
[INFO] 
[INFO] --- replacer:1.5.3:replace (replace-guava) @ hadoop-common ---
[INFO] Replacement run on 1754 files.
[INFO] 
[INFO] --- hadoop-maven-plugins:3.4.0-SNAPSHOT:version-info (version-info) @ hadoop-common ---
[WARNING] [git, branch] failed with error code 128
[INFO] SCM: NONE
[INFO] Computed MD5: b55f6b9bc75817f60187d0884dbbe3
[INFO] 
[INFO] --- hadoop-maven-plugins:3.4.0-SNAPSHOT:resource-gz (resource-gz) @ hadoop-common ---
[INFO] Compressing /app/source/hadoop-common-project/hadoop-common/src/main/webapps/static/hadoop.css to /app/source/hadoop-common-project/hadoop-common/target/webapps/static/hadoop.css.gz
[INFO] 
[INFO] --- maven-remote-resources-plugin:1.5:process (default) @ hadoop-common ---
[INFO] 
[INFO] --- maven-resources-plugin:2.6:resources (default-resources) @ hadoop-common ---
[INFO] Using 'UTF-8' encoding to copy filtered resources.
[INFO] Copying 10 resources
[INFO] Copying 1 resource
[INFO] Copying 2 resources
[INFO] 
[INFO] --- maven-compiler-plugin:3.1:compile (default-compile) @ hadoop-common ---
[INFO] Compiling 1098 source files to /app/source/hadoop-common-project/hadoop-common/target/classes
[WARNING] /app/source/hadoop-common-project/hadoop-common/src/main/java/org/apache/hadoop/io/nativeio/NativeIO.java:[48,16] sun.misc.Unsafe is internal proprietary API and may be removed in a future release
[WARNING] /app/source/hadoop-common-project/hadoop-common/src/main/java/org/apache/hadoop/util/SignalLogger.java:[21,16] sun.misc.Signal is internal proprietary API and may be removed in a future release
[WARNING] /app/source/hadoop-common-project/hadoop-common/src/main/java/org/apache/hadoop/util/SignalLogger.java:[22,16] sun.misc.SignalHandler is internal proprietary API and may be removed in a future release
[WARNING] /app/source/hadoop-common-project/hadoop-common/src/main/java/org/apache/hadoop/service/launcher/IrqHandler.java:[26,16] sun.misc.Signal is internal proprietary API and may be removed in a future release
[WARNING] /app/source/hadoop-common-project/hadoop-common/src/main/java/org/apache/hadoop/service/launcher/IrqHandler.java:[27,16] sun.misc.SignalHandler is internal proprietary API and may be removed in a future release
[WARNING] /app/source/hadoop-common-project/hadoop-common/src/main/java/org/apache/hadoop/io/FastByteComparisons.java:[27,16] sun.misc.Unsafe is internal proprietary API and may be removed in a future release
[WARNING] /app/source/hadoop-common-project/hadoop-common/src/main/java/org/apache/hadoop/io/nativeio/NativeIO.java:[871,17] sun.misc.Unsafe is internal proprietary API and may be removed in a future release
[WARNING] /app/source/hadoop-common-project/hadoop-common/src/main/java/org/apache/hadoop/io/nativeio/NativeIO.java:[873,7] sun.misc.Unsafe is internal proprietary API and may be removed in a future release
[WARNING] /app/source/hadoop-common-project/hadoop-common/src/main/java/org/apache/hadoop/io/nativeio/NativeIO.java:[873,24] sun.misc.Unsafe is internal proprietary API and may be removed in a future release
[WARNING] /app/source/hadoop-common-project/hadoop-common/src/main/java/org/apache/hadoop/util/SignalLogger.java:[44,43] sun.misc.SignalHandler is internal proprietary API and may be removed in a future release
[WARNING] /app/source/hadoop-common-project/hadoop-common/src/main/java/org/apache/hadoop/util/SignalLogger.java:[46,19] sun.misc.SignalHandler is internal proprietary API and may be removed in a future release
[WARNING] /app/source/hadoop-common-project/hadoop-common/src/main/java/org/apache/hadoop/util/SignalLogger.java:[50,39] sun.misc.Signal is internal proprietary API and may be removed in a future release
[WARNING] /app/source/hadoop-common-project/hadoop-common/src/main/java/org/apache/hadoop/util/SignalLogger.java:[50,21] sun.misc.Signal is internal proprietary API and may be removed in a future release
[WARNING] /app/source/hadoop-common-project/hadoop-common/src/main/java/org/apache/hadoop/util/SignalLogger.java:[59,24] sun.misc.Signal is internal proprietary API and may be removed in a future release
[WARNING] /app/source/hadoop-common-project/hadoop-common/src/main/java/org/apache/hadoop/service/launcher/IrqHandler.java:[42,42] sun.misc.SignalHandler is internal proprietary API and may be removed in a future release
[WARNING] /app/source/hadoop-common-project/hadoop-common/src/main/java/org/apache/hadoop/service/launcher/IrqHandler.java:[71,11] sun.misc.Signal is internal proprietary API and may be removed in a future release
[WARNING] /app/source/hadoop-common-project/hadoop-common/src/main/java/org/apache/hadoop/service/launcher/IrqHandler.java:[92,20] sun.misc.Signal is internal proprietary API and may be removed in a future release
[WARNING] /app/source/hadoop-common-project/hadoop-common/src/main/java/org/apache/hadoop/service/launcher/IrqHandler.java:[93,7] sun.misc.Signal is internal proprietary API and may be removed in a future release
[WARNING] /app/source/hadoop-common-project/hadoop-common/src/main/java/org/apache/hadoop/service/launcher/IrqHandler.java:[113,5] sun.misc.Signal is internal proprietary API and may be removed in a future release
[WARNING] /app/source/hadoop-common-project/hadoop-common/src/main/java/org/apache/hadoop/service/launcher/IrqHandler.java:[126,22] sun.misc.Signal is internal proprietary API and may be removed in a future release
[WARNING] /app/source/hadoop-common-project/hadoop-common/src/main/java/org/apache/hadoop/io/FastByteComparisons.java:[134,20] sun.misc.Unsafe is internal proprietary API and may be removed in a future release
[WARNING] /app/source/hadoop-common-project/hadoop-common/src/main/java/org/apache/hadoop/io/FastByteComparisons.java:[140,22] sun.misc.Unsafe is internal proprietary API and may be removed in a future release
[WARNING] /app/source/hadoop-common-project/hadoop-common/src/main/java/org/apache/hadoop/io/FastByteComparisons.java:[145,29] sun.misc.Unsafe is internal proprietary API and may be removed in a future release
[WARNING] /app/source/hadoop-common-project/hadoop-common/src/main/java/org/apache/hadoop/security/token/delegation/ZKDelegationTokenSecretManager.java: Some input files use or override a deprecated API.
[WARNING] /app/source/hadoop-common-project/hadoop-common/src/main/java/org/apache/hadoop/security/token/delegation/ZKDelegationTokenSecretManager.java: Recompile with -Xlint:deprecation for details.
[WARNING] /app/source/hadoop-common-project/hadoop-common/src/main/java/org/apache/hadoop/fs/impl/AbstractFSBuilderImpl.java: Some input files use unchecked or unsafe operations.
[WARNING] /app/source/hadoop-common-project/hadoop-common/src/main/java/org/apache/hadoop/fs/impl/AbstractFSBuilderImpl.java: Recompile with -Xlint:unchecked for details.
[INFO] 
[INFO] --- avro-maven-plugin:1.7.7:schema (generate-avro-test-sources) @ hadoop-common ---
[INFO] 
[INFO] --- protobuf-maven-plugin:0.5.1:test-compile (src-test-compile-protoc) @ hadoop-common ---
[INFO] Compiling 2 proto file(s) to /app/source/hadoop-common-project/hadoop-common/target/generated-test-sources/java
[INFO] 
[INFO] --- replacer:1.5.3:replace (replace-test-sources) @ hadoop-common ---
[INFO] Replacement run on 671 files.
[INFO] 
[INFO] --- maven-resources-plugin:2.6:testResources (default-testResources) @ hadoop-common ---
[INFO] Not copying test resources
[INFO] 
[INFO] --- maven-antrun-plugin:1.7:run (create-log-dir) @ hadoop-common ---
[INFO] Executing tasks

main:
   [delete] Deleting directory /app/source/hadoop-common-project/hadoop-common/target/test/data
    [mkdir] Created dir: /app/source/hadoop-common-project/hadoop-common/target/test/data
    [mkdir] Created dir: /app/source/hadoop-common-project/hadoop-common/target/log
     [copy] Copying 11 files to /app/source/hadoop-common-project/hadoop-common/target/test-classes
[INFO] Executed tasks
[INFO] 
[INFO] --- replacer:1.5.3:replace (replace-generated-test-sources) @ hadoop-common ---
[INFO] Replacement run on 3 files.
[INFO] 
[INFO] --- maven-compiler-plugin:3.1:testCompile (default-testCompile) @ hadoop-common ---
[INFO] Not compiling test sources
[INFO] 
[INFO] --- maven-surefire-plugin:3.0.0-M1:test (default-test) @ hadoop-common ---
[INFO] Tests are skipped.
[INFO] 
[INFO] --- maven-antrun-plugin:1.7:run (common-test-bats-driver) @ hadoop-common ---
[INFO] Executing tasks

main:
     [exec] 
     [exec] 
     [exec] ERROR: bats not installed. Skipping bash tests.
     [exec] ERROR: Please install bats as soon as possible.
     [exec] 
     [exec] 
[INFO] Executed tasks
[INFO] 
[INFO] --- maven-jar-plugin:2.5:jar (prepare-jar) @ hadoop-common ---
[INFO] Building jar: /app/source/hadoop-common-project/hadoop-common/target/hadoop-common-3.4.0-SNAPSHOT.jar
[INFO] 
[INFO] --- maven-jar-plugin:2.5:test-jar (prepare-test-jar) @ hadoop-common ---
[INFO] Skipping packaging of the test-jar
[INFO] 
[INFO] --- maven-jar-plugin:2.5:jar (default-jar) @ hadoop-common ---
[INFO] 
[INFO] --- maven-site-plugin:3.6:attach-descriptor (attach-descriptor) @ hadoop-common ---
[INFO] Skipping because packaging 'jar' is not pom.
[INFO] 
[INFO] --- maven-enforcer-plugin:3.0.0-M1:enforce (depcheck) @ hadoop-common ---
[INFO] Skipping Rule Enforcement.
[INFO] 
[INFO] --- maven-install-plugin:2.5.1:install (default-install) @ hadoop-common ---
[INFO] Installing /app/source/hadoop-common-project/hadoop-common/target/hadoop-common-3.4.0-SNAPSHOT.jar to /root/.m2/repository/org/apache/hadoop/hadoop-common/3.4.0-SNAPSHOT/hadoop-common-3.4.0-SNAPSHOT.jar
[INFO] Installing /app/source/hadoop-common-project/hadoop-common/pom.xml to /root/.m2/repository/org/apache/hadoop/hadoop-common/3.4.0-SNAPSHOT/hadoop-common-3.4.0-SNAPSHOT.pom
[INFO] 
[INFO] --------------------< org.apache.hadoop:hadoop-kms >--------------------
[INFO] Building Apache Hadoop KMS 3.4.0-SNAPSHOT                        [10/12]
[INFO] --------------------------------[ jar ]---------------------------------
[INFO] 
[INFO] --- maven-clean-plugin:3.1.0:clean (default-clean) @ hadoop-kms ---
[INFO] Deleting /app/source/hadoop-common-project/hadoop-kms/target
[INFO] Deleting /app/source/hadoop-common-project/hadoop-kms (includes = [dependency-reduced-pom.xml], excludes = [])
[INFO] 
[INFO] --- maven-antrun-plugin:1.7:run (create-testdirs) @ hadoop-kms ---
[INFO] Executing tasks

main:
    [mkdir] Created dir: /app/source/hadoop-common-project/hadoop-kms/target/test-dir
[INFO] Executed tasks
[INFO] 
[INFO] --- replacer:1.5.3:replace (replace-generated-sources) @ hadoop-kms ---
[INFO] Skipping
[INFO] 
[INFO] --- replacer:1.5.3:replace (replace-sources) @ hadoop-kms ---
[INFO] Skipping
[INFO] 
[INFO] --- replacer:1.5.3:replace (replace-guava) @ hadoop-kms ---
[INFO] Replacement run on 25 files.
[INFO] 
[INFO] --- maven-remote-resources-plugin:1.5:process (default) @ hadoop-kms ---
[INFO] 
[INFO] --- maven-resources-plugin:2.6:resources (default-resources) @ hadoop-kms ---
[INFO] Using 'UTF-8' encoding to copy filtered resources.
[INFO] Copying 3 resources
[INFO] Copying 2 resources
[INFO] 
[INFO] --- maven-compiler-plugin:3.1:compile (default-compile) @ hadoop-kms ---
[INFO] Compiling 16 source files to /app/source/hadoop-common-project/hadoop-kms/target/classes
[WARNING] /app/source/hadoop-common-project/hadoop-kms/src/main/java/org/apache/hadoop/crypto/key/kms/server/KMS.java: /app/source/hadoop-common-project/hadoop-kms/src/main/java/org/apache/hadoop/crypto/key/kms/server/KMS.java uses unchecked or unsafe operations.
[WARNING] /app/source/hadoop-common-project/hadoop-kms/src/main/java/org/apache/hadoop/crypto/key/kms/server/KMS.java: Recompile with -Xlint:unchecked for details.
[INFO] 
[INFO] --- replacer:1.5.3:replace (replace-test-sources) @ hadoop-kms ---
[INFO] Skipping
[INFO] 
[INFO] --- maven-resources-plugin:2.6:testResources (default-testResources) @ hadoop-kms ---
[INFO] Not copying test resources
[INFO] 
[INFO] --- replacer:1.5.3:replace (replace-generated-test-sources) @ hadoop-kms ---
[INFO] Skipping
[INFO] 
[INFO] --- maven-compiler-plugin:3.1:testCompile (default-testCompile) @ hadoop-kms ---
[INFO] Not compiling test sources
[INFO] 
[INFO] --- maven-surefire-plugin:3.0.0-M1:test (default-test) @ hadoop-kms ---
[INFO] Tests are skipped.
[INFO] 
[INFO] --- maven-jar-plugin:2.5:test-jar (prepare-test-jar) @ hadoop-kms ---
[INFO] Skipping packaging of the test-jar
[INFO] 
[INFO] --- maven-jar-plugin:2.5:jar (default-jar) @ hadoop-kms ---
[INFO] Building jar: /app/source/hadoop-common-project/hadoop-kms/target/hadoop-kms-3.4.0-SNAPSHOT.jar
[INFO] 
[INFO] --- maven-site-plugin:3.6:attach-descriptor (attach-descriptor) @ hadoop-kms ---
[INFO] Skipping because packaging 'jar' is not pom.
[INFO] 
[INFO] --- maven-enforcer-plugin:3.0.0-M1:enforce (depcheck) @ hadoop-kms ---
[INFO] Skipping Rule Enforcement.
[INFO] 
[INFO] --- maven-install-plugin:2.5.1:install (default-install) @ hadoop-kms ---
[INFO] Installing /app/source/hadoop-common-project/hadoop-kms/target/hadoop-kms-3.4.0-SNAPSHOT.jar to /root/.m2/repository/org/apache/hadoop/hadoop-kms/3.4.0-SNAPSHOT/hadoop-kms-3.4.0-SNAPSHOT.jar
[INFO] Installing /app/source/hadoop-common-project/hadoop-kms/pom.xml to /root/.m2/repository/org/apache/hadoop/hadoop-kms/3.4.0-SNAPSHOT/hadoop-kms-3.4.0-SNAPSHOT.pom
[INFO] 
[INFO] ----------------< org.apache.hadoop:hadoop-hdfs-client >----------------
[INFO] Building Apache Hadoop HDFS Client 3.4.0-SNAPSHOT                [11/12]
[INFO] --------------------------------[ jar ]---------------------------------
[INFO] 
[INFO] --- maven-clean-plugin:3.1.0:clean (default-clean) @ hadoop-hdfs-client ---
[INFO] Deleting /app/source/hadoop-hdfs-project/hadoop-hdfs-client/target
[INFO] Deleting /app/source/hadoop-hdfs-project/hadoop-hdfs-client (includes = [dependency-reduced-pom.xml], excludes = [])
[INFO] 
[INFO] --- maven-antrun-plugin:1.7:run (create-testdirs) @ hadoop-hdfs-client ---
[INFO] Executing tasks

main:
    [mkdir] Created dir: /app/source/hadoop-hdfs-project/hadoop-hdfs-client/target/test-dir
    [mkdir] Created dir: /app/source/hadoop-hdfs-project/hadoop-hdfs-client/target/test/data
[INFO] Executed tasks
[INFO] 
[INFO] --- protobuf-maven-plugin:0.5.1:compile (src-compile-protoc) @ hadoop-hdfs-client ---
[INFO] Compiling 10 proto file(s) to /app/source/hadoop-hdfs-project/hadoop-hdfs-client/target/generated-sources/java
[WARNING] PROTOC: inotify.proto:35:1: warning: Import hdfs.proto is unused.

[INFO] 
[INFO] --- replacer:1.5.3:replace (replace-generated-sources) @ hadoop-hdfs-client ---
[INFO] Replacement run on 10 files.
[INFO] 
[INFO] --- replacer:1.5.3:replace (replace-sources) @ hadoop-hdfs-client ---
[INFO] Replacement run on 300 files.
[INFO] 
[INFO] --- replacer:1.5.3:replace (replace-guava) @ hadoop-hdfs-client ---
[INFO] Replacement run on 327 files.
[INFO] 
[INFO] --- maven-remote-resources-plugin:1.5:process (default) @ hadoop-hdfs-client ---
[INFO] 
[INFO] --- maven-resources-plugin:2.6:resources (default-resources) @ hadoop-hdfs-client ---
[INFO] Using 'UTF-8' encoding to copy filtered resources.
[INFO] Copying 3 resources
[INFO] Copying 2 resources
[INFO] 
[INFO] --- maven-compiler-plugin:3.1:compile (default-compile) @ hadoop-hdfs-client ---
[INFO] Compiling 310 source files to /app/source/hadoop-hdfs-project/hadoop-hdfs-client/target/classes
[WARNING] /app/source/hadoop-hdfs-project/hadoop-hdfs-client/src/main/java/org/apache/hadoop/hdfs/shortcircuit/ShortCircuitShm.java:[40,16] sun.misc.Unsafe is internal proprietary API and may be removed in a future release
[WARNING] /app/source/hadoop-hdfs-project/hadoop-hdfs-client/src/main/java/org/apache/hadoop/hdfs/shortcircuit/ShortCircuitShm.java:[57,24] sun.misc.Unsafe is internal proprietary API and may be removed in a future release
[WARNING] /app/source/hadoop-hdfs-project/hadoop-hdfs-client/src/main/java/org/apache/hadoop/hdfs/shortcircuit/ShortCircuitShm.java:[59,18] sun.misc.Unsafe is internal proprietary API and may be removed in a future release
[WARNING] /app/source/hadoop-hdfs-project/hadoop-hdfs-client/src/main/java/org/apache/hadoop/hdfs/shortcircuit/ShortCircuitShm.java:[61,17] sun.misc.Unsafe is internal proprietary API and may be removed in a future release
[WARNING] /app/source/hadoop-hdfs-project/hadoop-hdfs-client/src/main/java/org/apache/hadoop/hdfs/shortcircuit/ShortCircuitShm.java:[63,15] sun.misc.Unsafe is internal proprietary API and may be removed in a future release
[WARNING] /app/source/hadoop-hdfs-project/hadoop-hdfs-client/src/main/java/org/apache/hadoop/hdfs/protocolPB/PBHelperClient.java: Some input files use or override a deprecated API.
[WARNING] /app/source/hadoop-hdfs-project/hadoop-hdfs-client/src/main/java/org/apache/hadoop/hdfs/protocolPB/PBHelperClient.java: Recompile with -Xlint:deprecation for details.
[WARNING] /app/source/hadoop-hdfs-project/hadoop-hdfs-client/src/main/java/org/apache/hadoop/hdfs/protocolPB/PBHelperClient.java: Some input files use unchecked or unsafe operations.
[WARNING] /app/source/hadoop-hdfs-project/hadoop-hdfs-client/src/main/java/org/apache/hadoop/hdfs/protocolPB/PBHelperClient.java: Recompile with -Xlint:unchecked for details.
[INFO] 
[INFO] --- protobuf-maven-plugin:0.5.1:test-compile (src-test-compile-protoc) @ hadoop-hdfs-client ---
[INFO] Skipping mojo execution
[INFO] 
[INFO] --- replacer:1.5.3:replace (replace-test-sources) @ hadoop-hdfs-client ---
[INFO] Replacement run on 27 files.
[INFO] 
[INFO] --- maven-resources-plugin:2.6:testResources (default-testResources) @ hadoop-hdfs-client ---
[INFO] Not copying test resources
[INFO] 
[INFO] --- replacer:1.5.3:replace (replace-generated-test-sources) @ hadoop-hdfs-client ---
[INFO] Skipping
[INFO] 
[INFO] --- maven-compiler-plugin:3.1:testCompile (default-testCompile) @ hadoop-hdfs-client ---
[INFO] Not compiling test sources
[INFO] 
[INFO] --- maven-surefire-plugin:3.0.0-M1:test (default-test) @ hadoop-hdfs-client ---
[INFO] Tests are skipped.
[INFO] 
[INFO] --- maven-jar-plugin:2.5:jar (prepare-jar) @ hadoop-hdfs-client ---
[INFO] Building jar: /app/source/hadoop-hdfs-project/hadoop-hdfs-client/target/hadoop-hdfs-client-3.4.0-SNAPSHOT.jar
[INFO] 
[INFO] --- maven-jar-plugin:2.5:test-jar (prepare-test-jar) @ hadoop-hdfs-client ---
[INFO] Skipping packaging of the test-jar
[INFO] 
[INFO] --- maven-jar-plugin:2.5:jar (default-jar) @ hadoop-hdfs-client ---
[INFO] 
[INFO] --- maven-site-plugin:3.6:attach-descriptor (attach-descriptor) @ hadoop-hdfs-client ---
[INFO] Skipping because packaging 'jar' is not pom.
[INFO] 
[INFO] --- maven-enforcer-plugin:3.0.0-M1:enforce (depcheck) @ hadoop-hdfs-client ---
[INFO] Skipping Rule Enforcement.
[INFO] 
[INFO] --- maven-install-plugin:2.5.1:install (default-install) @ hadoop-hdfs-client ---
[INFO] Installing /app/source/hadoop-hdfs-project/hadoop-hdfs-client/target/hadoop-hdfs-client-3.4.0-SNAPSHOT.jar to /root/.m2/repository/org/apache/hadoop/hadoop-hdfs-client/3.4.0-SNAPSHOT/hadoop-hdfs-client-3.4.0-SNAPSHOT.jar
[INFO] Installing /app/source/hadoop-hdfs-project/hadoop-hdfs-client/pom.xml to /root/.m2/repository/org/apache/hadoop/hadoop-hdfs-client/3.4.0-SNAPSHOT/hadoop-hdfs-client-3.4.0-SNAPSHOT.pom
[INFO] 
[INFO] -------------------< org.apache.hadoop:hadoop-hdfs >--------------------
[INFO] Building Apache Hadoop HDFS 3.4.0-SNAPSHOT                       [12/12]
[INFO] --------------------------------[ jar ]---------------------------------
[INFO] 
[INFO] --- maven-clean-plugin:3.1.0:clean (default-clean) @ hadoop-hdfs ---
[INFO] Deleting /app/source/hadoop-hdfs-project/hadoop-hdfs/target
[INFO] Deleting /app/source/hadoop-hdfs-project/hadoop-hdfs/src/site/resources (includes = [configuration.xsl, hdfs-default.xml], excludes = [])
[INFO] 
[INFO] --- maven-antrun-plugin:1.7:run (create-testdirs) @ hadoop-hdfs ---
[INFO] Executing tasks

main:
    [mkdir] Created dir: /app/source/hadoop-hdfs-project/hadoop-hdfs/target/test-dir
    [mkdir] Created dir: /app/source/hadoop-hdfs-project/hadoop-hdfs/target/test/data
[INFO] Executed tasks
[INFO] 
[INFO] --- protobuf-maven-plugin:0.5.1:compile (src-compile-protoc) @ hadoop-hdfs ---
[INFO] Compiling 12 proto file(s) to /app/source/hadoop-hdfs-project/hadoop-hdfs/target/generated-sources/java
[WARNING] PROTOC: HdfsServer.proto:35:1: warning: Import HAServiceProtocol.proto is unused.
fsimage.proto:25:1: warning: Import acl.proto is unused.
fsimage.proto:26:1: warning: Import xattr.proto is unused.
QJournalProtocol.proto:31:1: warning: Import hdfs.proto is unused.
InterQJournalProtocol.proto:31:1: warning: Import HdfsServer.proto is unused.
JournalProtocol.proto:35:1: warning: Import HdfsServer.proto is unused.
JournalProtocol.proto:34:1: warning: Import hdfs.proto is unused.

[INFO] 
[INFO] --- replacer:1.5.3:replace (replace-generated-sources) @ hadoop-hdfs ---
[INFO] Replacement run on 12 files.
[INFO] 
[INFO] --- replacer:1.5.3:replace (replace-sources) @ hadoop-hdfs ---
[INFO] Replacement run on 689 files.
[INFO] 
[INFO] --- replacer:1.5.3:replace (replace-guava) @ hadoop-hdfs ---
[INFO] Replacement run on 1519 files.
[INFO] 
[INFO] --- hadoop-maven-plugins:3.4.0-SNAPSHOT:resource-gz (resource-gz) @ hadoop-hdfs ---
[INFO] Compressing /app/source/hadoop-hdfs-project/hadoop-hdfs/src/main/webapps/static/jquery-3.5.1.min.js to /app/source/hadoop-hdfs-project/hadoop-hdfs/target/webapps/static/jquery-3.5.1.min.js.gz
[INFO] Compressing /app/source/hadoop-hdfs-project/hadoop-hdfs/src/main/webapps/static/dfs-dust.js to /app/source/hadoop-hdfs-project/hadoop-hdfs/target/webapps/static/dfs-dust.js.gz
[INFO] Compressing /app/source/hadoop-hdfs-project/hadoop-hdfs/src/main/webapps/static/dataTables.bootstrap.css to /app/source/hadoop-hdfs-project/hadoop-hdfs/target/webapps/static/dataTables.bootstrap.css.gz
[INFO] Compressing /app/source/hadoop-hdfs-project/hadoop-hdfs/src/main/webapps/static/rest-csrf.js to /app/source/hadoop-hdfs-project/hadoop-hdfs/target/webapps/static/rest-csrf.js.gz
[INFO] Compressing /app/source/hadoop-hdfs-project/hadoop-hdfs/src/main/webapps/static/jquery.dataTables.min.js to /app/source/hadoop-hdfs-project/hadoop-hdfs/target/webapps/static/jquery.dataTables.min.js.gz
[INFO] Compressing /app/source/hadoop-hdfs-project/hadoop-hdfs/src/main/webapps/static/dataTables.bootstrap.js to /app/source/hadoop-hdfs-project/hadoop-hdfs/target/webapps/static/dataTables.bootstrap.js.gz
[INFO] Compressing /app/source/hadoop-hdfs-project/hadoop-hdfs/src/main/webapps/static/moment.min.js to /app/source/hadoop-hdfs-project/hadoop-hdfs/target/webapps/static/moment.min.js.gz
[INFO] Compressing /app/source/hadoop-hdfs-project/hadoop-hdfs/src/main/webapps/static/bootstrap-3.4.1/js/npm.js to /app/source/hadoop-hdfs-project/hadoop-hdfs/target/webapps/static/bootstrap-3.4.1/js/npm.js.gz
[INFO] Compressing /app/source/hadoop-hdfs-project/hadoop-hdfs/src/main/webapps/static/bootstrap-3.4.1/js/bootstrap-editable.min.js to /app/source/hadoop-hdfs-project/hadoop-hdfs/target/webapps/static/bootstrap-3.4.1/js/bootstrap-editable.min.js.gz
[INFO] Compressing /app/source/hadoop-hdfs-project/hadoop-hdfs/src/main/webapps/static/bootstrap-3.4.1/js/bootstrap.min.js to /app/source/hadoop-hdfs-project/hadoop-hdfs/target/webapps/static/bootstrap-3.4.1/js/bootstrap.min.js.gz
[INFO] Compressing /app/source/hadoop-hdfs-project/hadoop-hdfs/src/main/webapps/static/bootstrap-3.4.1/js/bootstrap.js to /app/source/hadoop-hdfs-project/hadoop-hdfs/target/webapps/static/bootstrap-3.4.1/js/bootstrap.js.gz
[INFO] Compressing /app/source/hadoop-hdfs-project/hadoop-hdfs/src/main/webapps/static/bootstrap-3.4.1/css/bootstrap-theme.min.css to /app/source/hadoop-hdfs-project/hadoop-hdfs/target/webapps/static/bootstrap-3.4.1/css/bootstrap-theme.min.css.gz
[INFO] Compressing /app/source/hadoop-hdfs-project/hadoop-hdfs/src/main/webapps/static/bootstrap-3.4.1/css/bootstrap-editable.css to /app/source/hadoop-hdfs-project/hadoop-hdfs/target/webapps/static/bootstrap-3.4.1/css/bootstrap-editable.css.gz
[INFO] Compressing /app/source/hadoop-hdfs-project/hadoop-hdfs/src/main/webapps/static/bootstrap-3.4.1/css/bootstrap.min.css to /app/source/hadoop-hdfs-project/hadoop-hdfs/target/webapps/static/bootstrap-3.4.1/css/bootstrap.min.css.gz
[INFO] Compressing /app/source/hadoop-hdfs-project/hadoop-hdfs/src/main/webapps/static/bootstrap-3.4.1/css/bootstrap.css to /app/source/hadoop-hdfs-project/hadoop-hdfs/target/webapps/static/bootstrap-3.4.1/css/bootstrap.css.gz
[INFO] Compressing /app/source/hadoop-hdfs-project/hadoop-hdfs/src/main/webapps/static/bootstrap-3.4.1/css/bootstrap-theme.css to /app/source/hadoop-hdfs-project/hadoop-hdfs/target/webapps/static/bootstrap-3.4.1/css/bootstrap-theme.css.gz
[INFO] Compressing /app/source/hadoop-hdfs-project/hadoop-hdfs/src/main/webapps/static/dust-helpers-1.1.1.min.js to /app/source/hadoop-hdfs-project/hadoop-hdfs/target/webapps/static/dust-helpers-1.1.1.min.js.gz
[INFO] Compressing /app/source/hadoop-hdfs-project/hadoop-hdfs/src/main/webapps/static/d3-v4.1.1.min.js to /app/source/hadoop-hdfs-project/hadoop-hdfs/target/webapps/static/d3-v4.1.1.min.js.gz
[INFO] Compressing /app/source/hadoop-hdfs-project/hadoop-hdfs/src/main/webapps/static/dust-full-2.0.0.min.js to /app/source/hadoop-hdfs-project/hadoop-hdfs/target/webapps/static/dust-full-2.0.0.min.js.gz
[INFO] Compressing /app/source/hadoop-hdfs-project/hadoop-hdfs/src/main/webapps/static/json-bignum.js to /app/source/hadoop-hdfs-project/hadoop-hdfs/target/webapps/static/json-bignum.js.gz
[INFO] Compressing /app/source/hadoop-hdfs-project/hadoop-hdfs/src/main/webapps/static/hadoop.css to /app/source/hadoop-hdfs-project/hadoop-hdfs/target/webapps/static/hadoop.css.gz
[INFO] 
[INFO] --- maven-remote-resources-plugin:1.5:process (default) @ hadoop-hdfs ---
[INFO] 
[INFO] --- maven-resources-plugin:2.6:resources (default-resources) @ hadoop-hdfs ---
[INFO] Using 'UTF-8' encoding to copy filtered resources.
[INFO] Copying 2 resources
[INFO] Copying 2 resources
[INFO] 
[INFO] --- maven-compiler-plugin:3.1:compile (default-compile) @ hadoop-hdfs ---
[INFO] Compiling 702 source files to /app/source/hadoop-hdfs-project/hadoop-hdfs/target/classes
[WARNING] /app/source/hadoop-hdfs-project/hadoop-hdfs/src/main/java/org/apache/hadoop/hdfs/server/datanode/checker/AbstractFuture.java:[1046,26] sun.misc.Unsafe is internal proprietary API and may be removed in a future release
[WARNING] /app/source/hadoop-hdfs-project/hadoop-hdfs/src/main/java/org/apache/hadoop/hdfs/server/datanode/checker/AbstractFuture.java:[1054,15] sun.misc.Unsafe is internal proprietary API and may be removed in a future release
[WARNING] /app/source/hadoop-hdfs-project/hadoop-hdfs/src/main/java/org/apache/hadoop/hdfs/server/datanode/checker/AbstractFuture.java:[1056,26] sun.misc.Unsafe is internal proprietary API and may be removed in a future release
[WARNING] /app/source/hadoop-hdfs-project/hadoop-hdfs/src/main/java/org/apache/hadoop/hdfs/server/datanode/checker/AbstractFuture.java:[1061,57] sun.misc.Unsafe is internal proprietary API and may be removed in a future release
[WARNING] /app/source/hadoop-hdfs-project/hadoop-hdfs/src/main/java/org/apache/hadoop/hdfs/server/datanode/checker/AbstractFuture.java:[1063,36] sun.misc.Unsafe is internal proprietary API and may be removed in a future release
[WARNING] /app/source/hadoop-hdfs-project/hadoop-hdfs/src/main/java/org/apache/hadoop/hdfs/server/datanode/checker/AbstractFuture.java:[1064,37] sun.misc.Unsafe is internal proprietary API and may be removed in a future release
[WARNING] /app/source/hadoop-hdfs-project/hadoop-hdfs/src/main/java/org/apache/hadoop/hdfs/server/datanode/checker/AbstractFuture.java:[1064,58] sun.misc.Unsafe is internal proprietary API and may be removed in a future release
[WARNING] /app/source/hadoop-hdfs-project/hadoop-hdfs/src/main/java/org/apache/hadoop/hdfs/DFSUtil.java: Some input files use or override a deprecated API.
[WARNING] /app/source/hadoop-hdfs-project/hadoop-hdfs/src/main/java/org/apache/hadoop/hdfs/DFSUtil.java: Recompile with -Xlint:deprecation for details.
[WARNING] /app/source/hadoop-hdfs-project/hadoop-hdfs/src/main/java/org/apache/hadoop/hdfs/server/namenode/ReencryptionHandler.java: Some input files use unchecked or unsafe operations.
[WARNING] /app/source/hadoop-hdfs-project/hadoop-hdfs/src/main/java/org/apache/hadoop/hdfs/server/namenode/ReencryptionHandler.java: Recompile with -Xlint:unchecked for details.
[INFO] 
[INFO] --- maven-antrun-plugin:1.7:run (create-web-xmls) @ hadoop-hdfs ---
[INFO] Executing tasks

main:
     [copy] Copying 1 file to /app/source/hadoop-hdfs-project/hadoop-hdfs/target/webapps/hdfs/WEB-INF
     [copy] Copying 1 file to /app/source/hadoop-hdfs-project/hadoop-hdfs/target/webapps/secondary/WEB-INF
     [copy] Copying 1 file to /app/source/hadoop-hdfs-project/hadoop-hdfs/target/webapps/datanode/WEB-INF
     [copy] Copying 1 file to /app/source/hadoop-hdfs-project/hadoop-hdfs/target/webapps/journal/WEB-INF
     [copy] Copying 1 file to /app/source/hadoop-hdfs-project/hadoop-hdfs/target/webapps/nfs3/WEB-INF
     [copy] Copying 48 files to /app/source/hadoop-hdfs-project/hadoop-hdfs/target/webapps
[INFO] Executed tasks
[INFO] 
[INFO] --- protobuf-maven-plugin:0.5.1:test-compile (src-test-compile-protoc) @ hadoop-hdfs ---
[INFO] Skipping mojo execution
[INFO] 
[INFO] --- replacer:1.5.3:replace (replace-test-sources) @ hadoop-hdfs ---
[INFO] Replacement run on 829 files.
[INFO] 
[INFO] --- maven-resources-plugin:2.6:testResources (default-testResources) @ hadoop-hdfs ---
[INFO] Not copying test resources
[INFO] 
[INFO] --- maven-antrun-plugin:1.7:run (create-log-dir) @ hadoop-hdfs ---
[INFO] Executing tasks

main:
   [delete] Deleting directory /app/source/hadoop-hdfs-project/hadoop-hdfs/target/test/data
    [mkdir] Created dir: /app/source/hadoop-hdfs-project/hadoop-hdfs/target/test/data
    [mkdir] Created dir: /app/source/hadoop-hdfs-project/hadoop-hdfs/target/log
     [copy] Copying 74 files to /app/source/hadoop-hdfs-project/hadoop-hdfs/target/test-classes/webapps
[INFO] Executed tasks
[INFO] 
[INFO] --- replacer:1.5.3:replace (replace-generated-test-sources) @ hadoop-hdfs ---
[INFO] Skipping
[INFO] 
[INFO] --- maven-compiler-plugin:3.1:testCompile (default-testCompile) @ hadoop-hdfs ---
[INFO] Not compiling test sources
[INFO] 
[INFO] --- maven-surefire-plugin:3.0.0-M1:test (default-test) @ hadoop-hdfs ---
[INFO] Tests are skipped.
[INFO] 
[INFO] --- maven-antrun-plugin:1.7:run (hdfs-test-bats-driver) @ hadoop-hdfs ---
[INFO] Executing tasks

main:
     [exec] 
     [exec] 
     [exec] ERROR: bats not installed. Skipping bash tests.
     [exec] ERROR: Please install bats as soon as possible.
     [exec] 
     [exec] 
[INFO] Executed tasks
[INFO] 
[INFO] --- maven-jar-plugin:2.5:jar (prepare-jar) @ hadoop-hdfs ---
[INFO] Building jar: /app/source/hadoop-hdfs-project/hadoop-hdfs/target/hadoop-hdfs-3.4.0-SNAPSHOT.jar
[INFO] 
[INFO] --- maven-jar-plugin:2.5:test-jar (prepare-test-jar) @ hadoop-hdfs ---
[INFO] Skipping packaging of the test-jar
[INFO] 
[INFO] --- maven-jar-plugin:2.5:jar (default-jar) @ hadoop-hdfs ---
[INFO] 
[INFO] --- maven-site-plugin:3.6:attach-descriptor (attach-descriptor) @ hadoop-hdfs ---
[INFO] Skipping because packaging 'jar' is not pom.
[INFO] 
[INFO] --- maven-enforcer-plugin:3.0.0-M1:enforce (depcheck) @ hadoop-hdfs ---
[INFO] Skipping Rule Enforcement.
[INFO] 
[INFO] --- maven-install-plugin:2.5.1:install (default-install) @ hadoop-hdfs ---
[INFO] Installing /app/source/hadoop-hdfs-project/hadoop-hdfs/target/hadoop-hdfs-3.4.0-SNAPSHOT.jar to /root/.m2/repository/org/apache/hadoop/hadoop-hdfs/3.4.0-SNAPSHOT/hadoop-hdfs-3.4.0-SNAPSHOT.jar
[INFO] Installing /app/source/hadoop-hdfs-project/hadoop-hdfs/pom.xml to /root/.m2/repository/org/apache/hadoop/hadoop-hdfs/3.4.0-SNAPSHOT/hadoop-hdfs-3.4.0-SNAPSHOT.pom
[INFO] ------------------------------------------------------------------------
[INFO] Reactor Summary for Apache Hadoop Main 3.4.0-SNAPSHOT:
[INFO] 
[INFO] Apache Hadoop Main ................................. SUCCESS [  1.058 s]
[INFO] Apache Hadoop Build Tools .......................... SUCCESS [  1.351 s]
[INFO] Apache Hadoop Project POM .......................... SUCCESS [  0.961 s]
[INFO] Apache Hadoop Annotations .......................... SUCCESS [  0.917 s]
[INFO] Apache Hadoop Project Dist POM ..................... SUCCESS [  0.105 s]
[INFO] Apache Hadoop Maven Plugins ........................ SUCCESS [  2.038 s]
[INFO] Apache Hadoop MiniKDC .............................. SUCCESS [  0.255 s]
[INFO] Apache Hadoop Auth ................................. SUCCESS [  1.975 s]
[INFO] Apache Hadoop Common ............................... SUCCESS [ 13.393 s]
[INFO] Apache Hadoop KMS .................................. SUCCESS [  1.620 s]
[INFO] Apache Hadoop HDFS Client .......................... SUCCESS [ 17.987 s]
[INFO] Apache Hadoop HDFS ................................. SUCCESS [ 27.811 s]
[INFO] ------------------------------------------------------------------------
[INFO] BUILD SUCCESS
[INFO] ------------------------------------------------------------------------
[INFO] Total time:  01:10 min
[INFO] Finished at: 2026-03-26T10:00:59Z
[INFO] ------------------------------------------------------------------------
[INFO] Scanning for projects...
[WARNING] 
[WARNING] Some problems were encountered while building the effective model for org.apache.hadoop:hadoop-auth:jar:3.4.0-SNAPSHOT
[WARNING] 'dependencies.dependency.(groupId:artifactId:type:classifier)' must be unique: org.eclipse.jetty:jetty-server:jar -> duplicate declaration of version (?) @ line 191, column 17
[WARNING] 
[WARNING] Some problems were encountered while building the effective model for org.apache.hadoop:hadoop-yarn-server-resourcemanager:jar:3.4.0-SNAPSHOT
[WARNING] 'build.plugins.plugin.version' for org.jsonschema2pojo:jsonschema2pojo-maven-plugin is missing. @ line 443, column 15
[WARNING] 
[WARNING] Some problems were encountered while building the effective model for org.apache.hadoop:hadoop-huaweicloud:jar:3.4.0-SNAPSHOT
[WARNING] 'build.plugins.plugin.version' for org.codehaus.mojo:findbugs-maven-plugin is missing. @ line 58, column 15
[WARNING] 
[WARNING] It is highly recommended to fix these problems because they threaten the stability of your build.
[WARNING] 
[WARNING] For this reason, future Maven versions might no longer support building such malformed projects.
[WARNING] 
[INFO] ------------------------------------------------------------------------
[INFO] Detecting the operating system and CPU architecture
[INFO] ------------------------------------------------------------------------
[INFO] os.detected.name: linux
[INFO] os.detected.arch: x86_64
[INFO] os.detected.version: 6.17
[INFO] os.detected.version.major: 6
[INFO] os.detected.version.minor: 17
[INFO] os.detected.release: debian
[INFO] os.detected.release.version: 11
[INFO] os.detected.release.like.debian: true
[INFO] os.detected.classifier: linux-x86_64
[INFO] 
[INFO] -------------------< org.apache.hadoop:hadoop-hdfs >--------------------
[INFO] Building Apache Hadoop HDFS 3.4.0-SNAPSHOT
[INFO] --------------------------------[ jar ]---------------------------------
[INFO] 
[INFO] --- maven-antrun-plugin:1.7:run (create-testdirs) @ hadoop-hdfs ---
[INFO] Executing tasks

main:
[INFO] Executed tasks
[INFO] 
[INFO] --- protobuf-maven-plugin:0.5.1:compile (src-compile-protoc) @ hadoop-hdfs ---
[INFO] Compiling 12 proto file(s) to /app/source/hadoop-hdfs-project/hadoop-hdfs/target/generated-sources/java
[WARNING] PROTOC: HdfsServer.proto:35:1: warning: Import HAServiceProtocol.proto is unused.
fsimage.proto:25:1: warning: Import acl.proto is unused.
fsimage.proto:26:1: warning: Import xattr.proto is unused.
QJournalProtocol.proto:31:1: warning: Import hdfs.proto is unused.
InterQJournalProtocol.proto:31:1: warning: Import HdfsServer.proto is unused.
JournalProtocol.proto:34:1: warning: Import hdfs.proto is unused.
JournalProtocol.proto:35:1: warning: Import HdfsServer.proto is unused.

[INFO] 
[INFO] --- replacer:1.5.3:replace (replace-generated-sources) @ hadoop-hdfs ---
[INFO] Replacement run on 12 files.
[INFO] 
[INFO] --- replacer:1.5.3:replace (replace-sources) @ hadoop-hdfs ---
[INFO] Replacement run on 689 files.
[INFO] 
[INFO] --- replacer:1.5.3:replace (replace-guava) @ hadoop-hdfs ---
[INFO] Replacement run on 1519 files.
[INFO] 
[INFO] --- hadoop-maven-plugins:3.4.0-SNAPSHOT:resource-gz (resource-gz) @ hadoop-hdfs ---
[INFO] Compressing /app/source/hadoop-hdfs-project/hadoop-hdfs/src/main/webapps/static/jquery-3.5.1.min.js to /app/source/hadoop-hdfs-project/hadoop-hdfs/target/webapps/static/jquery-3.5.1.min.js.gz
[INFO] Compressing /app/source/hadoop-hdfs-project/hadoop-hdfs/src/main/webapps/static/dfs-dust.js to /app/source/hadoop-hdfs-project/hadoop-hdfs/target/webapps/static/dfs-dust.js.gz
[INFO] Compressing /app/source/hadoop-hdfs-project/hadoop-hdfs/src/main/webapps/static/dataTables.bootstrap.css to /app/source/hadoop-hdfs-project/hadoop-hdfs/target/webapps/static/dataTables.bootstrap.css.gz
[INFO] Compressing /app/source/hadoop-hdfs-project/hadoop-hdfs/src/main/webapps/static/rest-csrf.js to /app/source/hadoop-hdfs-project/hadoop-hdfs/target/webapps/static/rest-csrf.js.gz
[INFO] Compressing /app/source/hadoop-hdfs-project/hadoop-hdfs/src/main/webapps/static/jquery.dataTables.min.js to /app/source/hadoop-hdfs-project/hadoop-hdfs/target/webapps/static/jquery.dataTables.min.js.gz
[INFO] Compressing /app/source/hadoop-hdfs-project/hadoop-hdfs/src/main/webapps/static/dataTables.bootstrap.js to /app/source/hadoop-hdfs-project/hadoop-hdfs/target/webapps/static/dataTables.bootstrap.js.gz
[INFO] Compressing /app/source/hadoop-hdfs-project/hadoop-hdfs/src/main/webapps/static/moment.min.js to /app/source/hadoop-hdfs-project/hadoop-hdfs/target/webapps/static/moment.min.js.gz
[INFO] Compressing /app/source/hadoop-hdfs-project/hadoop-hdfs/src/main/webapps/static/bootstrap-3.4.1/js/npm.js to /app/source/hadoop-hdfs-project/hadoop-hdfs/target/webapps/static/bootstrap-3.4.1/js/npm.js.gz
[INFO] Compressing /app/source/hadoop-hdfs-project/hadoop-hdfs/src/main/webapps/static/bootstrap-3.4.1/js/bootstrap-editable.min.js to /app/source/hadoop-hdfs-project/hadoop-hdfs/target/webapps/static/bootstrap-3.4.1/js/bootstrap-editable.min.js.gz
[INFO] Compressing /app/source/hadoop-hdfs-project/hadoop-hdfs/src/main/webapps/static/bootstrap-3.4.1/js/bootstrap.min.js to /app/source/hadoop-hdfs-project/hadoop-hdfs/target/webapps/static/bootstrap-3.4.1/js/bootstrap.min.js.gz
[INFO] Compressing /app/source/hadoop-hdfs-project/hadoop-hdfs/src/main/webapps/static/bootstrap-3.4.1/js/bootstrap.js to /app/source/hadoop-hdfs-project/hadoop-hdfs/target/webapps/static/bootstrap-3.4.1/js/bootstrap.js.gz
[INFO] Compressing /app/source/hadoop-hdfs-project/hadoop-hdfs/src/main/webapps/static/bootstrap-3.4.1/css/bootstrap-theme.min.css to /app/source/hadoop-hdfs-project/hadoop-hdfs/target/webapps/static/bootstrap-3.4.1/css/bootstrap-theme.min.css.gz
[INFO] Compressing /app/source/hadoop-hdfs-project/hadoop-hdfs/src/main/webapps/static/bootstrap-3.4.1/css/bootstrap-editable.css to /app/source/hadoop-hdfs-project/hadoop-hdfs/target/webapps/static/bootstrap-3.4.1/css/bootstrap-editable.css.gz
[INFO] Compressing /app/source/hadoop-hdfs-project/hadoop-hdfs/src/main/webapps/static/bootstrap-3.4.1/css/bootstrap.min.css to /app/source/hadoop-hdfs-project/hadoop-hdfs/target/webapps/static/bootstrap-3.4.1/css/bootstrap.min.css.gz
[INFO] Compressing /app/source/hadoop-hdfs-project/hadoop-hdfs/src/main/webapps/static/bootstrap-3.4.1/css/bootstrap.css to /app/source/hadoop-hdfs-project/hadoop-hdfs/target/webapps/static/bootstrap-3.4.1/css/bootstrap.css.gz
[INFO] Compressing /app/source/hadoop-hdfs-project/hadoop-hdfs/src/main/webapps/static/bootstrap-3.4.1/css/bootstrap-theme.css to /app/source/hadoop-hdfs-project/hadoop-hdfs/target/webapps/static/bootstrap-3.4.1/css/bootstrap-theme.css.gz
[INFO] Compressing /app/source/hadoop-hdfs-project/hadoop-hdfs/src/main/webapps/static/dust-helpers-1.1.1.min.js to /app/source/hadoop-hdfs-project/hadoop-hdfs/target/webapps/static/dust-helpers-1.1.1.min.js.gz
[INFO] Compressing /app/source/hadoop-hdfs-project/hadoop-hdfs/src/main/webapps/static/d3-v4.1.1.min.js to /app/source/hadoop-hdfs-project/hadoop-hdfs/target/webapps/static/d3-v4.1.1.min.js.gz
[INFO] Compressing /app/source/hadoop-hdfs-project/hadoop-hdfs/src/main/webapps/static/dust-full-2.0.0.min.js to /app/source/hadoop-hdfs-project/hadoop-hdfs/target/webapps/static/dust-full-2.0.0.min.js.gz
[INFO] Compressing /app/source/hadoop-hdfs-project/hadoop-hdfs/src/main/webapps/static/json-bignum.js to /app/source/hadoop-hdfs-project/hadoop-hdfs/target/webapps/static/json-bignum.js.gz
[INFO] Compressing /app/source/hadoop-hdfs-project/hadoop-hdfs/src/main/webapps/static/hadoop.css to /app/source/hadoop-hdfs-project/hadoop-hdfs/target/webapps/static/hadoop.css.gz
[INFO] 
[INFO] --- maven-remote-resources-plugin:1.5:process (default) @ hadoop-hdfs ---
[INFO] 
[INFO] --- maven-resources-plugin:2.6:resources (default-resources) @ hadoop-hdfs ---
[INFO] Using 'UTF-8' encoding to copy filtered resources.
[INFO] Copying 2 resources
[INFO] Copying 2 resources
[INFO] 
[INFO] --- maven-compiler-plugin:3.1:compile (default-compile) @ hadoop-hdfs ---
[INFO] Compiling 702 source files to /app/source/hadoop-hdfs-project/hadoop-hdfs/target/classes
[WARNING] /app/source/hadoop-hdfs-project/hadoop-hdfs/src/main/java/org/apache/hadoop/hdfs/server/datanode/checker/AbstractFuture.java:[1046,26] sun.misc.Unsafe is internal proprietary API and may be removed in a future release
[WARNING] /app/source/hadoop-hdfs-project/hadoop-hdfs/src/main/java/org/apache/hadoop/hdfs/server/datanode/checker/AbstractFuture.java:[1054,15] sun.misc.Unsafe is internal proprietary API and may be removed in a future release
[WARNING] /app/source/hadoop-hdfs-project/hadoop-hdfs/src/main/java/org/apache/hadoop/hdfs/server/datanode/checker/AbstractFuture.java:[1056,26] sun.misc.Unsafe is internal proprietary API and may be removed in a future release
[WARNING] /app/source/hadoop-hdfs-project/hadoop-hdfs/src/main/java/org/apache/hadoop/hdfs/server/datanode/checker/AbstractFuture.java:[1061,57] sun.misc.Unsafe is internal proprietary API and may be removed in a future release
[WARNING] /app/source/hadoop-hdfs-project/hadoop-hdfs/src/main/java/org/apache/hadoop/hdfs/server/datanode/checker/AbstractFuture.java:[1063,36] sun.misc.Unsafe is internal proprietary API and may be removed in a future release
[WARNING] /app/source/hadoop-hdfs-project/hadoop-hdfs/src/main/java/org/apache/hadoop/hdfs/server/datanode/checker/AbstractFuture.java:[1064,37] sun.misc.Unsafe is internal proprietary API and may be removed in a future release
[WARNING] /app/source/hadoop-hdfs-project/hadoop-hdfs/src/main/java/org/apache/hadoop/hdfs/server/datanode/checker/AbstractFuture.java:[1064,58] sun.misc.Unsafe is internal proprietary API and may be removed in a future release
[WARNING] /app/source/hadoop-hdfs-project/hadoop-hdfs/src/main/java/org/apache/hadoop/hdfs/DFSUtil.java: Some input files use or override a deprecated API.
[WARNING] /app/source/hadoop-hdfs-project/hadoop-hdfs/src/main/java/org/apache/hadoop/hdfs/DFSUtil.java: Recompile with -Xlint:deprecation for details.
[WARNING] /app/source/hadoop-hdfs-project/hadoop-hdfs/src/main/java/org/apache/hadoop/hdfs/server/namenode/ReencryptionHandler.java: Some input files use unchecked or unsafe operations.
[WARNING] /app/source/hadoop-hdfs-project/hadoop-hdfs/src/main/java/org/apache/hadoop/hdfs/server/namenode/ReencryptionHandler.java: Recompile with -Xlint:unchecked for details.
[INFO] 
[INFO] --- maven-antrun-plugin:1.7:run (create-web-xmls) @ hadoop-hdfs ---
[INFO] Executing tasks

main:
[INFO] Executed tasks
[INFO] 
[INFO] --- protobuf-maven-plugin:0.5.1:test-compile (src-test-compile-protoc) @ hadoop-hdfs ---
[INFO] Skipping mojo execution
[INFO] 
[INFO] --- replacer:1.5.3:replace (replace-test-sources) @ hadoop-hdfs ---
[INFO] Replacement run on 829 files.
[INFO] 
[INFO] --- maven-resources-plugin:2.6:testResources (default-testResources) @ hadoop-hdfs ---
[INFO] Using 'UTF-8' encoding to copy filtered resources.
[INFO] Copying 62 resources
[INFO] Copying 2 resources
[INFO] 
[INFO] --- maven-antrun-plugin:1.7:run (create-log-dir) @ hadoop-hdfs ---
[INFO] Executing tasks

main:
   [delete] Deleting directory /app/source/hadoop-hdfs-project/hadoop-hdfs/target/test/data
    [mkdir] Created dir: /app/source/hadoop-hdfs-project/hadoop-hdfs/target/test/data
     [copy] Copying 21 files to /app/source/hadoop-hdfs-project/hadoop-hdfs/target/test-classes/webapps
[INFO] Executed tasks
[INFO] 
[INFO] --- replacer:1.5.3:replace (replace-generated-test-sources) @ hadoop-hdfs ---
[INFO] Skipping
[INFO] 
[INFO] --- maven-compiler-plugin:3.1:testCompile (default-testCompile) @ hadoop-hdfs ---
[INFO] Compiling 829 source files to /app/source/hadoop-hdfs-project/hadoop-hdfs/target/test-classes
[WARNING] /app/source/hadoop-hdfs-project/hadoop-hdfs/src/test/java/org/apache/hadoop/hdfs/TestDFSClientFailover.java:[65,31] sun.net.spi.nameservice.NameService is internal proprietary API and may be removed in a future release
[WARNING] /app/source/hadoop-hdfs-project/hadoop-hdfs/src/test/java/org/apache/hadoop/hdfs/TestDFSClientFailover.java:[232,11] sun.net.spi.nameservice.NameService is internal proprietary API and may be removed in a future release
[WARNING] /app/source/hadoop-hdfs-project/hadoop-hdfs/src/test/java/org/apache/hadoop/hdfs/TestDFSClientFailover.java:[238,12] sun.net.spi.nameservice.NameService is internal proprietary API and may be removed in a future release
[WARNING] /app/source/hadoop-hdfs-project/hadoop-hdfs/src/test/java/org/apache/hadoop/hdfs/TestDFSClientFailover.java:[238,40] sun.net.spi.nameservice.NameService is internal proprietary API and may be removed in a future release
[WARNING] /app/source/hadoop-hdfs-project/hadoop-hdfs/src/test/java/org/apache/hadoop/hdfs/TestDFSClientFailover.java:[240,7] sun.net.spi.nameservice.NameService is internal proprietary API and may be removed in a future release
[WARNING] /app/source/hadoop-hdfs-project/hadoop-hdfs/src/test/java/org/apache/hadoop/hdfs/TestDFSClientFailover.java:[243,25] sun.net.spi.nameservice.NameService is internal proprietary API and may be removed in a future release
[WARNING] /app/source/hadoop-hdfs-project/hadoop-hdfs/src/test/java/org/apache/hadoop/hdfs/TestDFSClientFailover.java:[263,5] sun.net.spi.nameservice.NameService is internal proprietary API and may be removed in a future release
[WARNING] /app/source/hadoop-hdfs-project/hadoop-hdfs/src/test/java/org/apache/hadoop/hdfs/TestDFSClientFailover.java:[281,5] sun.net.spi.nameservice.NameService is internal proprietary API and may be removed in a future release
[WARNING] /app/source/hadoop-hdfs-project/hadoop-hdfs/src/test/java/org/apache/hadoop/hdfs/TestDFSClientFailover.java:[301,11] sun.net.spi.nameservice.NameService is internal proprietary API and may be removed in a future release
[WARNING] /app/source/hadoop-hdfs-project/hadoop-hdfs/src/test/java/org/apache/hadoop/hdfs/server/namenode/FSAclBaseTest.java: Some input files use or override a deprecated API.
[WARNING] /app/source/hadoop-hdfs-project/hadoop-hdfs/src/test/java/org/apache/hadoop/hdfs/server/namenode/FSAclBaseTest.java: Recompile with -Xlint:deprecation for details.
[WARNING] /app/source/hadoop-hdfs-project/hadoop-hdfs/src/test/java/org/apache/hadoop/fs/TestGlobPaths.java: Some input files use unchecked or unsafe operations.
[WARNING] /app/source/hadoop-hdfs-project/hadoop-hdfs/src/test/java/org/apache/hadoop/fs/TestGlobPaths.java: Recompile with -Xlint:unchecked for details.
[INFO] 
[INFO] --- maven-surefire-plugin:3.0.0-M1:test (default-test) @ hadoop-hdfs ---
Downloading from central: https://repo.maven.apache.org/maven2/org/apache/maven/surefire/surefire-junit4/3.0.0-M1/surefire-junit4-3.0.0-M1.jar
Progress (1): 2.3/17 kBProgress (1): 4.7/17 kBProgress (1): 7.5/17 kBProgress (1): 10/17 kB Progress (1): 13/17 kBProgress (1): 16/17 kBProgress (1): 17 kB                      Downloaded from central: https://repo.maven.apache.org/maven2/org/apache/maven/surefire/surefire-junit4/3.0.0-M1/surefire-junit4-3.0.0-M1.jar (17 kB at 36 kB/s)
Downloading from central: https://repo.maven.apache.org/maven2/org/apache/maven/surefire/surefire-junit4/3.0.0-M1/surefire-junit4-3.0.0-M1.pom
Progress (1): 1.7 kB                    Downloaded from central: https://repo.maven.apache.org/maven2/org/apache/maven/surefire/surefire-junit4/3.0.0-M1/surefire-junit4-3.0.0-M1.pom (1.7 kB at 31 kB/s)
Downloading from central: https://repo.maven.apache.org/maven2/org/apache/maven/surefire/surefire-providers/3.0.0-M1/surefire-providers-3.0.0-M1.pom
Progress (1): 2.5 kB                    Downloaded from central: https://repo.maven.apache.org/maven2/org/apache/maven/surefire/surefire-providers/3.0.0-M1/surefire-providers-3.0.0-M1.pom (2.5 kB at 44 kB/s)
Downloading from central: https://repo.maven.apache.org/maven2/org/apache/maven/surefire/common-junit4/3.0.0-M1/common-junit4-3.0.0-M1.pom
Progress (1): 2.1 kB                    Downloaded from central: https://repo.maven.apache.org/maven2/org/apache/maven/surefire/common-junit4/3.0.0-M1/common-junit4-3.0.0-M1.pom (2.1 kB at 34 kB/s)
Downloading from central: https://repo.maven.apache.org/maven2/org/apache/maven/surefire/common-junit3/3.0.0-M1/common-junit3-3.0.0-M1.pom
Progress (1): 1.6 kB                    Downloaded from central: https://repo.maven.apache.org/maven2/org/apache/maven/surefire/common-junit3/3.0.0-M1/common-junit3-3.0.0-M1.pom (1.6 kB at 28 kB/s)
Downloading from central: https://repo.maven.apache.org/maven2/org/apache/maven/surefire/common-java5/3.0.0-M1/common-java5-3.0.0-M1.pom
Progress (1): 3.1 kB                    Downloaded from central: https://repo.maven.apache.org/maven2/org/apache/maven/surefire/common-java5/3.0.0-M1/common-java5-3.0.0-M1.pom (3.1 kB at 51 kB/s)
Downloading from central: https://repo.maven.apache.org/maven2/org/apache/maven/surefire/common-java5/3.0.0-M1/common-java5-3.0.0-M1.jar
Downloading from central: https://repo.maven.apache.org/maven2/org/apache/maven/surefire/common-junit3/3.0.0-M1/common-junit3-3.0.0-M1.jar
Downloading from central: https://repo.maven.apache.org/maven2/org/apache/maven/surefire/common-junit4/3.0.0-M1/common-junit4-3.0.0-M1.jar
Progress (1): 2.3/32 kBProgress (1): 5.0/32 kBProgress (1): 7.7/32 kBProgress (1): 10/32 kB Progress (1): 15/32 kBProgress (1): 19/32 kBProgress (1): 23/32 kBProgress (1): 27/32 kBProgress (1): 31/32 kBProgress (1): 32 kB   Progress (2): 32 kB | 2.3/12 kBProgress (2): 32 kB | 5.0/12 kBProgress (2): 32 kB | 7.7/12 kB                               Downloaded from central: https://repo.maven.apache.org/maven2/org/apache/maven/surefire/common-java5/3.0.0-M1/common-java5-3.0.0-M1.jar (32 kB at 303 kB/s)
Progress (2): 7.7/12 kB | 2.3/28 kBProgress (2): 7.7/12 kB | 5.0/28 kBProgress (2): 7.7/12 kB | 7.7/28 kBProgress (2): 7.7/12 kB | 11/28 kB Progress (2): 11/12 kB | 11/28 kB Progress (2): 12 kB | 11/28 kB                                 Downloaded from central: https://repo.maven.apache.org/maven2/org/apache/maven/surefire/common-junit3/3.0.0-M1/common-junit3-3.0.0-M1.jar (12 kB at 71 kB/s)
Progress (1): 14/28 kBProgress (1): 16/28 kBProgress (1): 19/28 kBProgress (1): 22/28 kBProgress (1): 25/28 kBProgress (1): 27/28 kBProgress (1): 28 kB                      Downloaded from central: https://repo.maven.apache.org/maven2/org/apache/maven/surefire/common-junit4/3.0.0-M1/common-junit4-3.0.0-M1.jar (28 kB at 66 kB/s)
[INFO] 
[INFO] -------------------------------------------------------
[INFO]  T E S T S
[INFO] -------------------------------------------------------
[INFO] Running org.apache.hadoop.hdfs.server.balancer.TestBalancer
[INFO] Tests run: 1, Failures: 0, Errors: 0, Skipped: 0, Time elapsed: 10.243 s - in org.apache.hadoop.hdfs.server.balancer.TestBalancer
[INFO] 
[INFO] Results:
[INFO] 
[INFO] Tests run: 1, Failures: 0, Errors: 0, Skipped: 0
[INFO] 
[INFO] 
[INFO] --- maven-antrun-plugin:1.7:run (hdfs-test-bats-driver) @ hadoop-hdfs ---
[INFO] Executing tasks

main:
     [exec] 
     [exec] 
     [exec] ERROR: bats not installed. Skipping bash tests.
     [exec] ERROR: Please install bats as soon as possible.
     [exec] 
     [exec] 
[INFO] Executed tasks
[INFO] ------------------------------------------------------------------------
[INFO] BUILD SUCCESS
[INFO] ------------------------------------------------------------------------
[INFO] Total time:  40.768 s
[INFO] Finished at: 2026-03-26T10:01:41Z
[INFO] ------------------------------------------------------------------------
ERROR: JaCoCo exec not found for iter #1 at /app/source/testBalancerWithSortTopNodes_1.exec
Last few 'jacoco' lines from the log:
ERROR: JaCoCo exec not found for iter #1 at /app/source/testBalancerWithSortTopNodes_1.exec
Last few 'jacoco' lines from the log:
